<html>
<head>
<title>TestNG:  Default test</title>
<link href="../testng.css" rel="stylesheet" type="text/css" />
<link href="../my-testng.css" rel="stylesheet" type="text/css" />

<style type="text/css">
.log { display: none;} 
.stack-trace { display: none;} 
</style>
<script type="text/javascript">
<!--
function flip(e) {
  current = e.style.display;
  if (current == 'block') {
    e.style.display = 'none';
    return 0;
  }
  else {
    e.style.display = 'block';
    return 1;
  }
}

function toggleBox(szDivId, elem, msg1, msg2)
{
  var res = -1;  if (document.getElementById) {
    res = flip(document.getElementById(szDivId));
  }
  else if (document.all) {
    // this is the way old msie versions work
    res = flip(document.all[szDivId]);
  }
  if(elem) {
    if(res == 0) elem.innerHTML = msg1; else elem.innerHTML = msg2;
  }

}

function toggleAllBoxes() {
  if (document.getElementsByTagName) {
    d = document.getElementsByTagName('div');
    for (i = 0; i < d.length; i++) {
      if (d[i].className == 'log') {
        flip(d[i]);
      }
    }
  }
}

// -->
</script>

</head>
<body>
<h2 align='center'>Default test</h2><table border='1' align="center">
<tr>
<<<<<<< HEAD
<td>Tests passed/Failed/Skipped:</td><td>5/0/0</td>
</tr><tr>
<td>Started on:</td><td>Thu Nov 23 15:33:27 IST 2023</td>
</tr>
<tr><td>Total time:</td><td>65 seconds (65535 ms)</td>
=======
<td>Tests passed/Failed/Skipped:</td><td>15/15/0</td>
</tr><tr>
<<<<<<< HEAD
<td>Started on:</td><td>Wed Nov 22 11:57:47 IST 2023</td>
</tr>
<tr><td>Total time:</td><td>690 seconds (690423 ms)</td>
=======
<td>Started on:</td><td>Wed Nov 22 10:26:30 IST 2023</td>
</tr>
<tr><td>Total time:</td><td>698 seconds (698741 ms)</td>
>>>>>>> e1b89dfce1145d8aaf16c43e166302f9b6bcfbe1
>>>>>>> ee91d922dd66522ba8552e58e39863a384d96d5c
</tr><tr>
<td>Included groups:</td><td></td>
</tr><tr>
<td>Excluded groups:</td><td></td>
</tr>
</table><p/>
<small><i>(Hover the method name to see the test class name)</i></small><p/>
<<<<<<< HEAD
=======
<table width='100%' border='1' class='invocation-failed'>
<tr><td colspan='4' align='center'><b>FAILED TESTS</b></td></tr>
<tr><td><b>Test method</b></td>
<td><b>Attribute(s)</b></td>
<td width="30%"><b>Exception</b></td>
<td width="10%"><b>Time (seconds)</b></td>
<td><b>Instance</b></td>
</tr>
<tr>
<<<<<<< HEAD
<td title='com.runner.TestCodeRed_RunnerClass.runScenario()'><b>runScenario</b><br>Test class: com.runner.TestCodeRed_RunnerClass<br>Test method: Runs Cucumber Scenarios<br>Parameters: "User uses the Advertisement Interests", "User Processing the Advertisement Interests in Marketplace feature available in Cyclos Payment Software Web Application"</td>
<td><div><pre>org.openqa.selenium.StaleElementReferenceException: stale element reference: stale element not found
  (Session info: MicrosoftEdge=119.0.2151.58)
For documentation on this error, please visit: https://www.selenium.dev/documentation/webdriver/troubleshooting/errors#stale-element-reference-exception
Build info: version: &apos;4.14.1&apos;, revision: &apos;03f8ede370&apos;
System info: os.name: &apos;Windows 10&apos;, os.arch: &apos;amd64&apos;, os.version: &apos;10.0&apos;, java.version: &apos;17.0.8.1&apos;
Driver info: org.openqa.selenium.edge.EdgeDriver
Command: [d3bc828fe810e9019dceb74d1baa2b7e, clickElement {id=A16BF45F8E649BA261EA79A09F4D8C37_element_21}]
Capabilities {acceptInsecureCerts: false, browserName: msedge, browserVersion: 119.0.2151.58, fedcm:accounts: true, ms:edgeOptions: {debuggerAddress: localhost:53924}, msedge: {msedgedriverVersion: 119.0.2151.72 (e8225cce8e47..., userDataDir: C:\Users\ALAKSH~1\AppData\L...}, networkConnectionEnabled: false, pageLoadStrategy: normal, platformName: windows, proxy: Proxy(), se:cdp: ws://localhost:53924/devtoo..., se:cdpVersion: 119.0.2151.58, setWindowRect: true, strictFileInteractability: false, timeouts: {implicit: 0, pageLoad: 300000, script: 30000}, unhandledPromptBehavior: dismiss and notify, webauthn:extension:credBlob: true, webauthn:extension:largeBlob: true, webauthn:extension:minPinLength: true, webauthn:extension:prf: true, webauthn:virtualAuthenticators: true}
Element: [[EdgeDriver: msedge on windows (d3bc828fe810e9019dceb74d1baa2b7e)] -&gt; xpath: //button[text()=&apos;New &apos;]]
Session ID: d3bc828fe810e9019dceb74d1baa2b7e
=======
<td title='com.runner.TestCodeRed_RunnerClass.runScenario()'><b>runScenario</b><br>Test class: com.runner.TestCodeRed_RunnerClass<br>Test method: Runs Cucumber Scenarios<br>Parameters: "To Manage My Contact", "To add existing in Mycontact"</td>
<td><div><pre>org.openqa.selenium.NoSuchElementException: no such element: Unable to locate element: {&quot;method&quot;:&quot;xpath&quot;,&quot;selector&quot;:&quot;//div[@class=&apos;notificationText notificationText-singleLine&apos;]&quot;}
  (Session info: chrome=114.0.5735.199)
For documentation on this error, please visit: https://www.selenium.dev/documentation/webdriver/troubleshooting/errors#no-such-element-exception
Build info: version: &apos;4.14.1&apos;, revision: &apos;03f8ede370&apos;
System info: os.name: &apos;Windows 10&apos;, os.arch: &apos;amd64&apos;, os.version: &apos;10.0&apos;, java.version: &apos;17.0.8&apos;
Driver info: org.openqa.selenium.chrome.ChromeDriver
Command: [fa2f88317c7329aebd50781221addf3e, findElement {using=xpath, value=//div[@class=&apos;notificationText notificationText-singleLine&apos;]}]
Capabilities {acceptInsecureCerts: false, browserName: chrome, browserVersion: 114.0.5735.199, chrome: {chromedriverVersion: 114.0.5735.90 (386bc09e8f4f..., userDataDir: C:\Users\LSETHU~1\AppData\L...}, goog:chromeOptions: {debuggerAddress: localhost:60766}, networkConnectionEnabled: false, pageLoadStrategy: normal, platformName: windows, proxy: Proxy(), se:cdp: ws://localhost:60766/devtoo..., se:cdpVersion: 114.0.5735.199, setWindowRect: true, strictFileInteractability: false, timeouts: {implicit: 0, pageLoad: 300000, script: 30000}, unhandledPromptBehavior: dismiss and notify, webauthn:extension:credBlob: true, webauthn:extension:largeBlob: true, webauthn:extension:minPinLength: true, webauthn:extension:prf: true, webauthn:virtualAuthenticators: true}
Session ID: fa2f88317c7329aebd50781221addf3e
	at java.base/jdk.internal.reflect.NativeConstructorAccessorImpl.newInstance0(Native Method)
	at java.base/jdk.internal.reflect.NativeConstructorAccessorImpl.newInstance(NativeConstructorAccessorImpl.java:77)
	at java.base/jdk.internal.reflect.DelegatingConstructorAccessorImpl.newInstance(DelegatingConstructorAccessorImpl.java:45)
	at java.base/java.lang.reflect.Constructor.newInstanceWithCaller(Constructor.java:499)
	at java.base/java.lang.reflect.Constructor.newInstance(Constructor.java:480)
	at org.openqa.selenium.remote.codec.w3c.W3CHttpResponseCodec.createException(W3CHttpResponseCodec.java:200)
	at org.openqa.selenium.remote.codec.w3c.W3CHttpResponseCodec.decode(W3CHttpResponseCodec.java:133)
	at org.openqa.selenium.remote.codec.w3c.W3CHttpResponseCodec.decode(W3CHttpResponseCodec.java:52)
	at org.openqa.selenium.remote.HttpCommandExecutor.execute(HttpCommandExecutor.java:191)
	at org.openqa.selenium.remote.service.DriverCommandExecutor.invokeExecute(DriverCommandExecutor.java:200)
	at org.openqa.selenium.remote.service.DriverCommandExecutor.execute(DriverCommandExecutor.java:175)
	at org.openqa.selenium.remote.RemoteWebDriver.execute(RemoteWebDriver.java:602)
	at org.openqa.selenium.remote.ElementLocation$ElementFinder$2.findElement(ElementLocation.java:165)
	at org.openqa.selenium.remote.ElementLocation.findElement(ElementLocation.java:59)
	at org.openqa.selenium.remote.RemoteWebDriver.findElement(RemoteWebDriver.java:359)
	at org.openqa.selenium.remote.RemoteWebDriver.findElement(RemoteWebDriver.java:353)
	at org.openqa.selenium.support.pagefactory.DefaultElementLocator.findElement(DefaultElementLocator.java:68)
	at org.openqa.selenium.support.pagefactory.internal.LocatingElementHandler.invoke(LocatingElementHandler.java:38)
	at jdk.proxy2/jdk.proxy2.$Proxy38.getText(Unknown Source)
	at com.actions.Login_Function_Actions.MyContactAddedList(Login_Function_Actions.java:255)
	at com.stepdefinitions.Login_Function_Stepdefinitions.user_click_save_and_able_to_see_my_contact_added_list(Login_Function_Stepdefinitions.java:246)
	at ✽.User Click save and  able to see My Contact Added list(file:///C:/Users/lsethuraj/eclipse-workspace/CodeRed/PilotProject_Cyclos_CodeRed/src/test/resources/Features/Mycontact.feature:14)
</pre></div><a href='#' onClick='toggleBox("stack-trace1829490572", this, "Click to show all stack frames", "Click to hide stack frames")'>Click to show all stack frames</a>
<div class='stack-trace' id='stack-trace1829490572'><pre>org.openqa.selenium.NoSuchElementException: no such element: Unable to locate element: {&quot;method&quot;:&quot;xpath&quot;,&quot;selector&quot;:&quot;//div[@class=&apos;notificationText notificationText-singleLine&apos;]&quot;}
  (Session info: chrome=114.0.5735.199)
For documentation on this error, please visit: https://www.selenium.dev/documentation/webdriver/troubleshooting/errors#no-such-element-exception
Build info: version: &apos;4.14.1&apos;, revision: &apos;03f8ede370&apos;
System info: os.name: &apos;Windows 10&apos;, os.arch: &apos;amd64&apos;, os.version: &apos;10.0&apos;, java.version: &apos;17.0.8&apos;
Driver info: org.openqa.selenium.chrome.ChromeDriver
Command: [fa2f88317c7329aebd50781221addf3e, findElement {using=xpath, value=//div[@class=&apos;notificationText notificationText-singleLine&apos;]}]
Capabilities {acceptInsecureCerts: false, browserName: chrome, browserVersion: 114.0.5735.199, chrome: {chromedriverVersion: 114.0.5735.90 (386bc09e8f4f..., userDataDir: C:\Users\LSETHU~1\AppData\L...}, goog:chromeOptions: {debuggerAddress: localhost:60766}, networkConnectionEnabled: false, pageLoadStrategy: normal, platformName: windows, proxy: Proxy(), se:cdp: ws://localhost:60766/devtoo..., se:cdpVersion: 114.0.5735.199, setWindowRect: true, strictFileInteractability: false, timeouts: {implicit: 0, pageLoad: 300000, script: 30000}, unhandledPromptBehavior: dismiss and notify, webauthn:extension:credBlob: true, webauthn:extension:largeBlob: true, webauthn:extension:minPinLength: true, webauthn:extension:prf: true, webauthn:virtualAuthenticators: true}
Session ID: fa2f88317c7329aebd50781221addf3e
	at java.base/jdk.internal.reflect.NativeConstructorAccessorImpl.newInstance0(Native Method)
	at java.base/jdk.internal.reflect.NativeConstructorAccessorImpl.newInstance(NativeConstructorAccessorImpl.java:77)
	at java.base/jdk.internal.reflect.DelegatingConstructorAccessorImpl.newInstance(DelegatingConstructorAccessorImpl.java:45)
	at java.base/java.lang.reflect.Constructor.newInstanceWithCaller(Constructor.java:499)
	at java.base/java.lang.reflect.Constructor.newInstance(Constructor.java:480)
	at org.openqa.selenium.remote.codec.w3c.W3CHttpResponseCodec.createException(W3CHttpResponseCodec.java:200)
	at org.openqa.selenium.remote.codec.w3c.W3CHttpResponseCodec.decode(W3CHttpResponseCodec.java:133)
	at org.openqa.selenium.remote.codec.w3c.W3CHttpResponseCodec.decode(W3CHttpResponseCodec.java:52)
	at org.openqa.selenium.remote.HttpCommandExecutor.execute(HttpCommandExecutor.java:191)
	at org.openqa.selenium.remote.service.DriverCommandExecutor.invokeExecute(DriverCommandExecutor.java:200)
	at org.openqa.selenium.remote.service.DriverCommandExecutor.execute(DriverCommandExecutor.java:175)
	at org.openqa.selenium.remote.RemoteWebDriver.execute(RemoteWebDriver.java:602)
	at org.openqa.selenium.remote.ElementLocation$ElementFinder$2.findElement(ElementLocation.java:165)
	at org.openqa.selenium.remote.ElementLocation.findElement(ElementLocation.java:59)
	at org.openqa.selenium.remote.RemoteWebDriver.findElement(RemoteWebDriver.java:359)
	at org.openqa.selenium.remote.RemoteWebDriver.findElement(RemoteWebDriver.java:353)
	at org.openqa.selenium.support.pagefactory.DefaultElementLocator.findElement(DefaultElementLocator.java:68)
	at org.openqa.selenium.support.pagefactory.internal.LocatingElementHandler.invoke(LocatingElementHandler.java:38)
	at jdk.proxy2/jdk.proxy2.$Proxy38.getText(Unknown Source)
	at com.actions.Login_Function_Actions.MyContactAddedList(Login_Function_Actions.java:255)
	at com.stepdefinitions.Login_Function_Stepdefinitions.user_click_save_and_able_to_see_my_contact_added_list(Login_Function_Stepdefinitions.java:246)
	at ✽.User Click save and  able to see My Contact Added list(file:///C:/Users/lsethuraj/eclipse-workspace/CodeRed/PilotProject_Cyclos_CodeRed/src/test/resources/Features/Mycontact.feature:14)
</pre></div></td>
<td>48</td>
<td>com.runner.TestCodeRed_RunnerClass@367ffa75</td></tr>
<tr>
<td title='com.runner.TestCodeRed_RunnerClass.runScenario()'><b>runScenario</b><br>Test class: com.runner.TestCodeRed_RunnerClass<br>Test method: Runs Cucumber Scenarios<br>Parameters: "User uses Price Highest filter", "User using Search Advertisements in Marketplace tab available in Cyclos Payment Software Application"</td>
<td><div><pre>org.openqa.selenium.StaleElementReferenceException: stale element reference: stale element not found
  (Session info: chrome=114.0.5735.199)
For documentation on this error, please visit: https://www.selenium.dev/documentation/webdriver/troubleshooting/errors#stale-element-reference-exception
Build info: version: &apos;4.14.1&apos;, revision: &apos;03f8ede370&apos;
System info: os.name: &apos;Windows 10&apos;, os.arch: &apos;amd64&apos;, os.version: &apos;10.0&apos;, java.version: &apos;17.0.8&apos;
Driver info: org.openqa.selenium.chrome.ChromeDriver
Command: [06ad374c0816cd26bb93975c259981f2, getElementText {id=0ED8EBDFADAE929F044E579254E04A82_element_84}]
Capabilities {acceptInsecureCerts: false, browserName: chrome, browserVersion: 114.0.5735.199, chrome: {chromedriverVersion: 114.0.5735.90 (386bc09e8f4f..., userDataDir: C:\Users\LSETHU~1\AppData\L...}, goog:chromeOptions: {debuggerAddress: localhost:60538}, networkConnectionEnabled: false, pageLoadStrategy: normal, platformName: windows, proxy: Proxy(), se:cdp: ws://localhost:60538/devtoo..., se:cdpVersion: 114.0.5735.199, setWindowRect: true, strictFileInteractability: false, timeouts: {implicit: 0, pageLoad: 300000, script: 30000}, unhandledPromptBehavior: dismiss and notify, webauthn:extension:credBlob: true, webauthn:extension:largeBlob: true, webauthn:extension:minPinLength: true, webauthn:extension:prf: true, webauthn:virtualAuthenticators: true}
Element: [[ChromeDriver: chrome on windows (06ad374c0816cd26bb93975c259981f2)] -&gt; xpath: //div[contains(text(),&apos; result&apos;)]]
Session ID: 06ad374c0816cd26bb93975c259981f2
>>>>>>> e1b89dfce1145d8aaf16c43e166302f9b6bcfbe1
	at java.base/jdk.internal.reflect.NativeConstructorAccessorImpl.newInstance0(Native Method)
	at java.base/jdk.internal.reflect.NativeConstructorAccessorImpl.newInstance(NativeConstructorAccessorImpl.java:77)
	at java.base/jdk.internal.reflect.DelegatingConstructorAccessorImpl.newInstance(DelegatingConstructorAccessorImpl.java:45)
	at java.base/java.lang.reflect.Constructor.newInstanceWithCaller(Constructor.java:499)
	at java.base/java.lang.reflect.Constructor.newInstance(Constructor.java:480)
	at org.openqa.selenium.remote.codec.w3c.W3CHttpResponseCodec.createException(W3CHttpResponseCodec.java:200)
	at org.openqa.selenium.remote.codec.w3c.W3CHttpResponseCodec.decode(W3CHttpResponseCodec.java:133)
	at org.openqa.selenium.remote.codec.w3c.W3CHttpResponseCodec.decode(W3CHttpResponseCodec.java:52)
	at org.openqa.selenium.remote.HttpCommandExecutor.execute(HttpCommandExecutor.java:191)
	at org.openqa.selenium.remote.service.DriverCommandExecutor.invokeExecute(DriverCommandExecutor.java:200)
	at org.openqa.selenium.remote.service.DriverCommandExecutor.execute(DriverCommandExecutor.java:175)
	at org.openqa.selenium.remote.RemoteWebDriver.execute(RemoteWebDriver.java:602)
	at org.openqa.selenium.remote.RemoteWebElement.execute(RemoteWebElement.java:224)
<<<<<<< HEAD
	at org.openqa.selenium.remote.RemoteWebElement.click(RemoteWebElement.java:77)
	at jdk.internal.reflect.GeneratedMethodAccessor3.invoke(Unknown Source)
	at java.base/jdk.internal.reflect.DelegatingMethodAccessorImpl.invoke(DelegatingMethodAccessorImpl.java:43)
	at java.base/java.lang.reflect.Method.invoke(Method.java:568)
	at org.openqa.selenium.support.pagefactory.internal.LocatingElementHandler.invoke(LocatingElementHandler.java:51)
	at jdk.proxy2/jdk.proxy2.$Proxy38.click(Unknown Source)
	at com.actions.InterestsAction.clickNew(InterestsAction.java:33)
	at com.stepdefinitions.InterestsDefinitions.user_clicks_new_interests(InterestsDefinitions.java:35)
	at ✽.User clicks New interests(file:///C:/Users/alakshmanan/eclipse-workspace/CodeRed/PilotProject_Cyclos_CodeRed/src/test/resources/Features/Interests.feature:6)
</pre></div><a href='#' onClick='toggleBox("stack-trace1775305712", this, "Click to show all stack frames", "Click to hide stack frames")'>Click to show all stack frames</a>
<div class='stack-trace' id='stack-trace1775305712'><pre>org.openqa.selenium.StaleElementReferenceException: stale element reference: stale element not found
  (Session info: MicrosoftEdge=119.0.2151.58)
For documentation on this error, please visit: https://www.selenium.dev/documentation/webdriver/troubleshooting/errors#stale-element-reference-exception
Build info: version: &apos;4.14.1&apos;, revision: &apos;03f8ede370&apos;
System info: os.name: &apos;Windows 10&apos;, os.arch: &apos;amd64&apos;, os.version: &apos;10.0&apos;, java.version: &apos;17.0.8.1&apos;
Driver info: org.openqa.selenium.edge.EdgeDriver
Command: [d3bc828fe810e9019dceb74d1baa2b7e, clickElement {id=A16BF45F8E649BA261EA79A09F4D8C37_element_21}]
Capabilities {acceptInsecureCerts: false, browserName: msedge, browserVersion: 119.0.2151.58, fedcm:accounts: true, ms:edgeOptions: {debuggerAddress: localhost:53924}, msedge: {msedgedriverVersion: 119.0.2151.72 (e8225cce8e47..., userDataDir: C:\Users\ALAKSH~1\AppData\L...}, networkConnectionEnabled: false, pageLoadStrategy: normal, platformName: windows, proxy: Proxy(), se:cdp: ws://localhost:53924/devtoo..., se:cdpVersion: 119.0.2151.58, setWindowRect: true, strictFileInteractability: false, timeouts: {implicit: 0, pageLoad: 300000, script: 30000}, unhandledPromptBehavior: dismiss and notify, webauthn:extension:credBlob: true, webauthn:extension:largeBlob: true, webauthn:extension:minPinLength: true, webauthn:extension:prf: true, webauthn:virtualAuthenticators: true}
Element: [[EdgeDriver: msedge on windows (d3bc828fe810e9019dceb74d1baa2b7e)] -&gt; xpath: //button[text()=&apos;New &apos;]]
Session ID: d3bc828fe810e9019dceb74d1baa2b7e
=======
	at org.openqa.selenium.remote.RemoteWebElement.getText(RemoteWebElement.java:192)
	at java.base/jdk.internal.reflect.NativeMethodAccessorImpl.invoke0(Native Method)
	at java.base/jdk.internal.reflect.NativeMethodAccessorImpl.invoke(NativeMethodAccessorImpl.java:77)
	at java.base/jdk.internal.reflect.DelegatingMethodAccessorImpl.invoke(DelegatingMethodAccessorImpl.java:43)
	at java.base/java.lang.reflect.Method.invoke(Method.java:568)
	at org.openqa.selenium.support.pagefactory.internal.LocatingElementHandler.invoke(LocatingElementHandler.java:51)
	at jdk.proxy2/jdk.proxy2.$Proxy38.getText(Unknown Source)
	at com.actions.MarketPlaceActions.verifyResultCount(MarketPlaceActions.java:118)
	at com.stepdefinitions.MarketPlaceDefinitions.user_prints_the_total_number_of_results_available_in_favorites_after_added_from_highest_filter(MarketPlaceDefinitions.java:65)
	at ✽.User prints the total number of results available in favorites after added from highest filter(file:///C:/Users/lsethuraj/eclipse-workspace/CodeRed/PilotProject_Cyclos_CodeRed/src/test/resources/Features/MarketPlace.feature:11)
</pre></div><a href='#' onClick='toggleBox("stack-trace663531845", this, "Click to show all stack frames", "Click to hide stack frames")'>Click to show all stack frames</a>
<div class='stack-trace' id='stack-trace663531845'><pre>org.openqa.selenium.StaleElementReferenceException: stale element reference: stale element not found
  (Session info: chrome=114.0.5735.199)
For documentation on this error, please visit: https://www.selenium.dev/documentation/webdriver/troubleshooting/errors#stale-element-reference-exception
Build info: version: &apos;4.14.1&apos;, revision: &apos;03f8ede370&apos;
System info: os.name: &apos;Windows 10&apos;, os.arch: &apos;amd64&apos;, os.version: &apos;10.0&apos;, java.version: &apos;17.0.8&apos;
Driver info: org.openqa.selenium.chrome.ChromeDriver
Command: [06ad374c0816cd26bb93975c259981f2, getElementText {id=0ED8EBDFADAE929F044E579254E04A82_element_84}]
Capabilities {acceptInsecureCerts: false, browserName: chrome, browserVersion: 114.0.5735.199, chrome: {chromedriverVersion: 114.0.5735.90 (386bc09e8f4f..., userDataDir: C:\Users\LSETHU~1\AppData\L...}, goog:chromeOptions: {debuggerAddress: localhost:60538}, networkConnectionEnabled: false, pageLoadStrategy: normal, platformName: windows, proxy: Proxy(), se:cdp: ws://localhost:60538/devtoo..., se:cdpVersion: 114.0.5735.199, setWindowRect: true, strictFileInteractability: false, timeouts: {implicit: 0, pageLoad: 300000, script: 30000}, unhandledPromptBehavior: dismiss and notify, webauthn:extension:credBlob: true, webauthn:extension:largeBlob: true, webauthn:extension:minPinLength: true, webauthn:extension:prf: true, webauthn:virtualAuthenticators: true}
Element: [[ChromeDriver: chrome on windows (06ad374c0816cd26bb93975c259981f2)] -&gt; xpath: //div[contains(text(),&apos; result&apos;)]]
Session ID: 06ad374c0816cd26bb93975c259981f2
>>>>>>> e1b89dfce1145d8aaf16c43e166302f9b6bcfbe1
	at java.base/jdk.internal.reflect.NativeConstructorAccessorImpl.newInstance0(Native Method)
	at java.base/jdk.internal.reflect.NativeConstructorAccessorImpl.newInstance(NativeConstructorAccessorImpl.java:77)
	at java.base/jdk.internal.reflect.DelegatingConstructorAccessorImpl.newInstance(DelegatingConstructorAccessorImpl.java:45)
	at java.base/java.lang.reflect.Constructor.newInstanceWithCaller(Constructor.java:499)
	at java.base/java.lang.reflect.Constructor.newInstance(Constructor.java:480)
	at org.openqa.selenium.remote.codec.w3c.W3CHttpResponseCodec.createException(W3CHttpResponseCodec.java:200)
	at org.openqa.selenium.remote.codec.w3c.W3CHttpResponseCodec.decode(W3CHttpResponseCodec.java:133)
	at org.openqa.selenium.remote.codec.w3c.W3CHttpResponseCodec.decode(W3CHttpResponseCodec.java:52)
	at org.openqa.selenium.remote.HttpCommandExecutor.execute(HttpCommandExecutor.java:191)
	at org.openqa.selenium.remote.service.DriverCommandExecutor.invokeExecute(DriverCommandExecutor.java:200)
	at org.openqa.selenium.remote.service.DriverCommandExecutor.execute(DriverCommandExecutor.java:175)
	at org.openqa.selenium.remote.RemoteWebDriver.execute(RemoteWebDriver.java:602)
	at org.openqa.selenium.remote.RemoteWebElement.execute(RemoteWebElement.java:224)
<<<<<<< HEAD
	at org.openqa.selenium.remote.RemoteWebElement.click(RemoteWebElement.java:77)
	at jdk.internal.reflect.GeneratedMethodAccessor3.invoke(Unknown Source)
	at java.base/jdk.internal.reflect.DelegatingMethodAccessorImpl.invoke(DelegatingMethodAccessorImpl.java:43)
	at java.base/java.lang.reflect.Method.invoke(Method.java:568)
	at org.openqa.selenium.support.pagefactory.internal.LocatingElementHandler.invoke(LocatingElementHandler.java:51)
	at jdk.proxy2/jdk.proxy2.$Proxy38.click(Unknown Source)
	at com.actions.InterestsAction.clickNew(InterestsAction.java:33)
	at com.stepdefinitions.InterestsDefinitions.user_clicks_new_interests(InterestsDefinitions.java:35)
	at ✽.User clicks New interests(file:///C:/Users/alakshmanan/eclipse-workspace/CodeRed/PilotProject_Cyclos_CodeRed/src/test/resources/Features/Interests.feature:6)
</pre></div></td>
<td>22</td>
<td>com.runner.TestCodeRed_RunnerClass@2b40ff9c</td></tr>
<tr>
<td title='com.runner.TestCodeRed_RunnerClass.runScenario()'><b>runScenario</b><br>Test class: com.runner.TestCodeRed_RunnerClass<br>Test method: Runs Cucumber Scenarios<br>Parameters: "Add Mobile Number in Phone", "To Edit Phone Number in Demo Cyclos classic payment software Application and do functions"</td>
<td><div><pre>org.openqa.selenium.ElementNotInteractableException: element not interactable
  (Session info: MicrosoftEdge=119.0.2151.58)
Build info: version: &apos;4.14.1&apos;, revision: &apos;03f8ede370&apos;
System info: os.name: &apos;Windows 10&apos;, os.arch: &apos;amd64&apos;, os.version: &apos;10.0&apos;, java.version: &apos;17.0.8.1&apos;
Driver info: org.openqa.selenium.edge.EdgeDriver
Command: [6e8d8e5c1b904a635bb5850546b53cac, clickElement {id=0F5BFC474F07E6FFA24B703B68FEB0A8_element_28}]
Capabilities {acceptInsecureCerts: false, browserName: msedge, browserVersion: 119.0.2151.58, fedcm:accounts: true, ms:edgeOptions: {debuggerAddress: localhost:53739}, msedge: {msedgedriverVersion: 119.0.2151.72 (e8225cce8e47..., userDataDir: C:\Users\ALAKSH~1\AppData\L...}, networkConnectionEnabled: false, pageLoadStrategy: normal, platformName: windows, proxy: Proxy(), se:cdp: ws://localhost:53739/devtoo..., se:cdpVersion: 119.0.2151.58, setWindowRect: true, strictFileInteractability: false, timeouts: {implicit: 0, pageLoad: 300000, script: 30000}, unhandledPromptBehavior: dismiss and notify, webauthn:extension:credBlob: true, webauthn:extension:largeBlob: true, webauthn:extension:minPinLength: true, webauthn:extension:prf: true, webauthn:virtualAuthenticators: true}
Element: [[EdgeDriver: msedge on windows (6e8d8e5c1b904a635bb5850546b53cac)] -&gt; xpath: //div[text()=&apos;Phones&apos;]]
Session ID: 6e8d8e5c1b904a635bb5850546b53cac
	at java.base/jdk.internal.reflect.NativeConstructorAccessorImpl.newInstance0(Native Method)
	at java.base/jdk.internal.reflect.NativeConstructorAccessorImpl.newInstance(NativeConstructorAccessorImpl.java:77)
	at java.base/jdk.internal.reflect.DelegatingConstructorAccessorImpl.newInstance(DelegatingConstructorAccessorImpl.java:45)
	at java.base/java.lang.reflect.Constructor.newInstanceWithCaller(Constructor.java:499)
	at java.base/java.lang.reflect.Constructor.newInstance(Constructor.java:480)
	at org.openqa.selenium.remote.codec.w3c.W3CHttpResponseCodec.createException(W3CHttpResponseCodec.java:200)
	at org.openqa.selenium.remote.codec.w3c.W3CHttpResponseCodec.decode(W3CHttpResponseCodec.java:133)
	at org.openqa.selenium.remote.codec.w3c.W3CHttpResponseCodec.decode(W3CHttpResponseCodec.java:52)
	at org.openqa.selenium.remote.HttpCommandExecutor.execute(HttpCommandExecutor.java:191)
	at org.openqa.selenium.remote.service.DriverCommandExecutor.invokeExecute(DriverCommandExecutor.java:200)
	at org.openqa.selenium.remote.service.DriverCommandExecutor.execute(DriverCommandExecutor.java:175)
	at org.openqa.selenium.remote.RemoteWebDriver.execute(RemoteWebDriver.java:602)
	at org.openqa.selenium.remote.RemoteWebElement.execute(RemoteWebElement.java:224)
	at org.openqa.selenium.remote.RemoteWebElement.click(RemoteWebElement.java:77)
	at jdk.internal.reflect.GeneratedMethodAccessor3.invoke(Unknown Source)
	at java.base/jdk.internal.reflect.DelegatingMethodAccessorImpl.invoke(DelegatingMethodAccessorImpl.java:43)
	at java.base/java.lang.reflect.Method.invoke(Method.java:568)
	at org.openqa.selenium.support.pagefactory.internal.LocatingElementHandler.invoke(LocatingElementHandler.java:51)
	at jdk.proxy2/jdk.proxy2.$Proxy38.click(Unknown Source)
	at com.actions.Login_Function_Actions.Phone2(Login_Function_Actions.java:103)
	at com.stepdefinitions.Login_Function_Stepdefinitions.user_click_the_phone_in_profile(Login_Function_Stepdefinitions.java:106)
	at ✽.User click the Phone in profile(file:///C:/Users/alakshmanan/eclipse-workspace/CodeRed/PilotProject_Cyclos_CodeRed/src/test/resources/Features/EditPhoneNumber.feature:10)
</pre></div><a href='#' onClick='toggleBox("stack-trace1890777616", this, "Click to show all stack frames", "Click to hide stack frames")'>Click to show all stack frames</a>
<div class='stack-trace' id='stack-trace1890777616'><pre>org.openqa.selenium.ElementNotInteractableException: element not interactable
  (Session info: MicrosoftEdge=119.0.2151.58)
Build info: version: &apos;4.14.1&apos;, revision: &apos;03f8ede370&apos;
System info: os.name: &apos;Windows 10&apos;, os.arch: &apos;amd64&apos;, os.version: &apos;10.0&apos;, java.version: &apos;17.0.8.1&apos;
Driver info: org.openqa.selenium.edge.EdgeDriver
Command: [6e8d8e5c1b904a635bb5850546b53cac, clickElement {id=0F5BFC474F07E6FFA24B703B68FEB0A8_element_28}]
Capabilities {acceptInsecureCerts: false, browserName: msedge, browserVersion: 119.0.2151.58, fedcm:accounts: true, ms:edgeOptions: {debuggerAddress: localhost:53739}, msedge: {msedgedriverVersion: 119.0.2151.72 (e8225cce8e47..., userDataDir: C:\Users\ALAKSH~1\AppData\L...}, networkConnectionEnabled: false, pageLoadStrategy: normal, platformName: windows, proxy: Proxy(), se:cdp: ws://localhost:53739/devtoo..., se:cdpVersion: 119.0.2151.58, setWindowRect: true, strictFileInteractability: false, timeouts: {implicit: 0, pageLoad: 300000, script: 30000}, unhandledPromptBehavior: dismiss and notify, webauthn:extension:credBlob: true, webauthn:extension:largeBlob: true, webauthn:extension:minPinLength: true, webauthn:extension:prf: true, webauthn:virtualAuthenticators: true}
Element: [[EdgeDriver: msedge on windows (6e8d8e5c1b904a635bb5850546b53cac)] -&gt; xpath: //div[text()=&apos;Phones&apos;]]
Session ID: 6e8d8e5c1b904a635bb5850546b53cac
	at java.base/jdk.internal.reflect.NativeConstructorAccessorImpl.newInstance0(Native Method)
	at java.base/jdk.internal.reflect.NativeConstructorAccessorImpl.newInstance(NativeConstructorAccessorImpl.java:77)
	at java.base/jdk.internal.reflect.DelegatingConstructorAccessorImpl.newInstance(DelegatingConstructorAccessorImpl.java:45)
	at java.base/java.lang.reflect.Constructor.newInstanceWithCaller(Constructor.java:499)
	at java.base/java.lang.reflect.Constructor.newInstance(Constructor.java:480)
	at org.openqa.selenium.remote.codec.w3c.W3CHttpResponseCodec.createException(W3CHttpResponseCodec.java:200)
	at org.openqa.selenium.remote.codec.w3c.W3CHttpResponseCodec.decode(W3CHttpResponseCodec.java:133)
	at org.openqa.selenium.remote.codec.w3c.W3CHttpResponseCodec.decode(W3CHttpResponseCodec.java:52)
	at org.openqa.selenium.remote.HttpCommandExecutor.execute(HttpCommandExecutor.java:191)
	at org.openqa.selenium.remote.service.DriverCommandExecutor.invokeExecute(DriverCommandExecutor.java:200)
	at org.openqa.selenium.remote.service.DriverCommandExecutor.execute(DriverCommandExecutor.java:175)
	at org.openqa.selenium.remote.RemoteWebDriver.execute(RemoteWebDriver.java:602)
	at org.openqa.selenium.remote.RemoteWebElement.execute(RemoteWebElement.java:224)
	at org.openqa.selenium.remote.RemoteWebElement.click(RemoteWebElement.java:77)
	at jdk.internal.reflect.GeneratedMethodAccessor3.invoke(Unknown Source)
	at java.base/jdk.internal.reflect.DelegatingMethodAccessorImpl.invoke(DelegatingMethodAccessorImpl.java:43)
	at java.base/java.lang.reflect.Method.invoke(Method.java:568)
	at org.openqa.selenium.support.pagefactory.internal.LocatingElementHandler.invoke(LocatingElementHandler.java:51)
	at jdk.proxy2/jdk.proxy2.$Proxy38.click(Unknown Source)
	at com.actions.Login_Function_Actions.Phone2(Login_Function_Actions.java:103)
	at com.stepdefinitions.Login_Function_Stepdefinitions.user_click_the_phone_in_profile(Login_Function_Stepdefinitions.java:106)
	at ✽.User click the Phone in profile(file:///C:/Users/alakshmanan/eclipse-workspace/CodeRed/PilotProject_Cyclos_CodeRed/src/test/resources/Features/EditPhoneNumber.feature:10)
</pre></div></td>
<td>40</td>
<td>com.runner.TestCodeRed_RunnerClass@2b40ff9c</td></tr>
<tr>
<td title='com.runner.TestCodeRed_RunnerClass.runScenario()'><b>runScenario</b><br>Test class: com.runner.TestCodeRed_RunnerClass<br>Test method: Runs Cucumber Scenarios<br>Parameters: "The user view the message history of Trash message", "The user accessing the Message functionality"</td>
<td><div><pre>io.cucumber.core.exception.CucumberException: Failed to instantiate class com.stepdefinitions.messageStepDefanition
	at io.cucumber.core.backend.DefaultObjectFactory.cacheNewInstance(DefaultObjectFactory.java:67)
	at io.cucumber.core.backend.DefaultObjectFactory.getInstance(DefaultObjectFactory.java:45)
	at io.cucumber.java.AbstractGlueDefinition.invokeMethod(AbstractGlueDefinition.java:47)
	at io.cucumber.java.JavaStepDefinition.execute(JavaStepDefinition.java:29)
	at io.cucumber.core.runner.CoreStepDefinition.execute(CoreStepDefinition.java:66)
	at io.cucumber.core.runner.PickleStepDefinitionMatch.runStep(PickleStepDefinitionMatch.java:63)
	at io.cucumber.core.runner.ExecutionMode$1.execute(ExecutionMode.java:10)
	at io.cucumber.core.runner.TestStep.executeStep(TestStep.java:84)
	at io.cucumber.core.runner.TestStep.run(TestStep.java:56)
	at io.cucumber.core.runner.PickleStepTestStep.run(PickleStepTestStep.java:51)
	at io.cucumber.core.runner.TestCase.run(TestCase.java:84)
	at io.cucumber.core.runner.Runner.runPickle(Runner.java:75)
	at io.cucumber.testng.TestNGCucumberRunner.lambda$runScenario$1(TestNGCucumberRunner.java:132)
	at io.cucumber.core.runtime.CucumberExecutionContext.lambda$runTestCase$5(CucumberExecutionContext.java:137)
	at io.cucumber.core.runtime.RethrowingThrowableCollector.executeAndThrow(RethrowingThrowableCollector.java:23)
	at io.cucumber.core.runtime.CucumberExecutionContext.runTestCase(CucumberExecutionContext.java:137)
	at io.cucumber.testng.TestNGCucumberRunner.runScenario(TestNGCucumberRunner.java:129)
	at io.cucumber.testng.AbstractTestNGCucumberTests.runScenario(AbstractTestNGCucumberTests.java:35)
	at jdk.internal.reflect.GeneratedMethodAccessor6.invoke(Unknown Source)
	at java.base/jdk.internal.reflect.DelegatingMethodAccessorImpl.invoke(DelegatingMethodAccessorImpl.java:43)
	at java.base/java.lang.reflect.Method.invoke(Method.java:568)
	at org.testng.internal.invokers.MethodInvocationHelper.invokeMethod(MethodInvocationHelper.java:139)
	at org.testng.internal.invokers.TestInvoker.invokeMethod(TestInvoker.java:664)
	at org.testng.internal.invokers.TestInvoker.invokeTestMethod(TestInvoker.java:227)
	at org.testng.internal.invokers.MethodRunner.runInSequence(MethodRunner.java:50)
	at org.testng.internal.invokers.TestInvoker$MethodInvocationAgent.invoke(TestInvoker.java:957)
	at org.testng.internal.invokers.TestInvoker.invokeTestMethods(TestInvoker.java:200)
	at org.testng.internal.invokers.TestMethodWorker.invokeTestMethods(TestMethodWorker.java:148)
	at org.testng.internal.invokers.TestMethodWorker.run(TestMethodWorker.java:128)
	at java.base/java.util.ArrayList.forEach(ArrayList.java:1511)
	at org.testng.TestRunner.privateRun(TestRunner.java:848)
	at org.testng.TestRunner.run(TestRunner.java:621)
	at org.testng.SuiteRunner.runTest(SuiteRunner.java:443)
	at org.testng.SuiteRunner.runSequentially(SuiteRunner.java:437)
	at org.testng.SuiteRunner.privateRun(SuiteRunner.java:397)
	at org.testng.SuiteRunner.run(SuiteRunner.java:336)
	at org.testng.SuiteRunnerWorker.runSuite(SuiteRunnerWorker.java:52)
	at org.testng.SuiteRunnerWorker.run(SuiteRunnerWorker.java:95)
	at org.testng.TestNG.runSuitesSequentially(TestNG.java:1280)
	at org.testng.TestNG.runSuitesLocally(TestNG.java:1200)
	at org.testng.TestNG.runSuites(TestNG.java:1114)
	at org.testng.TestNG.run(TestNG.java:1082)
	at org.testng.remote.AbstractRemoteTestNG.run(AbstractRemoteTestNG.java:115)
	at org.testng.remote.RemoteTestNG.initAndRun(RemoteTestNG.java:251)
	at org.testng.remote.RemoteTestNG.main(RemoteTestNG.java:77)
Caused by: java.lang.reflect.InvocationTargetException
	at java.base/jdk.internal.reflect.NativeConstructorAccessorImpl.newInstance0(Native Method)
	at java.base/jdk.internal.reflect.NativeConstructorAccessorImpl.newInstance(NativeConstructorAccessorImpl.java:77)
	at java.base/jdk.internal.reflect.DelegatingConstructorAccessorImpl.newInstance(DelegatingConstructorAccessorImpl.java:45)
	at java.base/java.lang.reflect.Constructor.newInstanceWithCaller(Constructor.java:499)
	at java.base/java.lang.reflect.Constructor.newInstance(Constructor.java:480)
	at io.cucumber.core.backend.DefaultObjectFactory.cacheNewInstance(DefaultObjectFactory.java:53)
	... 44 more
Caused by: java.lang.NullPointerException: inStream parameter is null
	at java.base/java.util.Objects.requireNonNull(Objects.java:235)
	at java.base/java.util.Properties.load(Properties.java:407)
	at com.utility.UtilityClassMessage.data(UtilityClassMessage.java:27)
	at com.utility.UtilityClassMessage.&lt;init&gt;(UtilityClassMessage.java:14)
	at com.stepdefinitions.messageStepDefanition.&lt;init&gt;(messageStepDefanition.java:20)
	... 50 more
</pre></div><a href='#' onClick='toggleBox("stack-trace1798538641", this, "Click to show all stack frames", "Click to hide stack frames")'>Click to show all stack frames</a>
<div class='stack-trace' id='stack-trace1798538641'><pre>io.cucumber.core.exception.CucumberException: Failed to instantiate class com.stepdefinitions.messageStepDefanition
	at io.cucumber.core.backend.DefaultObjectFactory.cacheNewInstance(DefaultObjectFactory.java:67)
	at io.cucumber.core.backend.DefaultObjectFactory.getInstance(DefaultObjectFactory.java:45)
	at io.cucumber.java.AbstractGlueDefinition.invokeMethod(AbstractGlueDefinition.java:47)
	at io.cucumber.java.JavaStepDefinition.execute(JavaStepDefinition.java:29)
	at io.cucumber.core.runner.CoreStepDefinition.execute(CoreStepDefinition.java:66)
	at io.cucumber.core.runner.PickleStepDefinitionMatch.runStep(PickleStepDefinitionMatch.java:63)
	at io.cucumber.core.runner.ExecutionMode$1.execute(ExecutionMode.java:10)
	at io.cucumber.core.runner.TestStep.executeStep(TestStep.java:84)
	at io.cucumber.core.runner.TestStep.run(TestStep.java:56)
	at io.cucumber.core.runner.PickleStepTestStep.run(PickleStepTestStep.java:51)
	at io.cucumber.core.runner.TestCase.run(TestCase.java:84)
	at io.cucumber.core.runner.Runner.runPickle(Runner.java:75)
	at io.cucumber.testng.TestNGCucumberRunner.lambda$runScenario$1(TestNGCucumberRunner.java:132)
	at io.cucumber.core.runtime.CucumberExecutionContext.lambda$runTestCase$5(CucumberExecutionContext.java:137)
	at io.cucumber.core.runtime.RethrowingThrowableCollector.executeAndThrow(RethrowingThrowableCollector.java:23)
	at io.cucumber.core.runtime.CucumberExecutionContext.runTestCase(CucumberExecutionContext.java:137)
	at io.cucumber.testng.TestNGCucumberRunner.runScenario(TestNGCucumberRunner.java:129)
	at io.cucumber.testng.AbstractTestNGCucumberTests.runScenario(AbstractTestNGCucumberTests.java:35)
	at jdk.internal.reflect.GeneratedMethodAccessor6.invoke(Unknown Source)
	at java.base/jdk.internal.reflect.DelegatingMethodAccessorImpl.invoke(DelegatingMethodAccessorImpl.java:43)
	at java.base/java.lang.reflect.Method.invoke(Method.java:568)
	at org.testng.internal.invokers.MethodInvocationHelper.invokeMethod(MethodInvocationHelper.java:139)
	at org.testng.internal.invokers.TestInvoker.invokeMethod(TestInvoker.java:664)
	at org.testng.internal.invokers.TestInvoker.invokeTestMethod(TestInvoker.java:227)
	at org.testng.internal.invokers.MethodRunner.runInSequence(MethodRunner.java:50)
	at org.testng.internal.invokers.TestInvoker$MethodInvocationAgent.invoke(TestInvoker.java:957)
	at org.testng.internal.invokers.TestInvoker.invokeTestMethods(TestInvoker.java:200)
	at org.testng.internal.invokers.TestMethodWorker.invokeTestMethods(TestMethodWorker.java:148)
	at org.testng.internal.invokers.TestMethodWorker.run(TestMethodWorker.java:128)
	at java.base/java.util.ArrayList.forEach(ArrayList.java:1511)
	at org.testng.TestRunner.privateRun(TestRunner.java:848)
	at org.testng.TestRunner.run(TestRunner.java:621)
	at org.testng.SuiteRunner.runTest(SuiteRunner.java:443)
	at org.testng.SuiteRunner.runSequentially(SuiteRunner.java:437)
	at org.testng.SuiteRunner.privateRun(SuiteRunner.java:397)
	at org.testng.SuiteRunner.run(SuiteRunner.java:336)
	at org.testng.SuiteRunnerWorker.runSuite(SuiteRunnerWorker.java:52)
	at org.testng.SuiteRunnerWorker.run(SuiteRunnerWorker.java:95)
	at org.testng.TestNG.runSuitesSequentially(TestNG.java:1280)
	at org.testng.TestNG.runSuitesLocally(TestNG.java:1200)
	at org.testng.TestNG.runSuites(TestNG.java:1114)
	at org.testng.TestNG.run(TestNG.java:1082)
	at org.testng.remote.AbstractRemoteTestNG.run(AbstractRemoteTestNG.java:115)
	at org.testng.remote.RemoteTestNG.initAndRun(RemoteTestNG.java:251)
	at org.testng.remote.RemoteTestNG.main(RemoteTestNG.java:77)
Caused by: java.lang.reflect.InvocationTargetException
	at java.base/jdk.internal.reflect.NativeConstructorAccessorImpl.newInstance0(Native Method)
	at java.base/jdk.internal.reflect.NativeConstructorAccessorImpl.newInstance(NativeConstructorAccessorImpl.java:77)
	at java.base/jdk.internal.reflect.DelegatingConstructorAccessorImpl.newInstance(DelegatingConstructorAccessorImpl.java:45)
	at java.base/java.lang.reflect.Constructor.newInstanceWithCaller(Constructor.java:499)
	at java.base/java.lang.reflect.Constructor.newInstance(Constructor.java:480)
	at io.cucumber.core.backend.DefaultObjectFactory.cacheNewInstance(DefaultObjectFactory.java:53)
	... 44 more
Caused by: java.lang.NullPointerException: inStream parameter is null
	at java.base/java.util.Objects.requireNonNull(Objects.java:235)
	at java.base/java.util.Properties.load(Properties.java:407)
	at com.utility.UtilityClassMessage.data(UtilityClassMessage.java:27)
	at com.utility.UtilityClassMessage.&lt;init&gt;(UtilityClassMessage.java:14)
	at com.stepdefinitions.messageStepDefanition.&lt;init&gt;(messageStepDefanition.java:20)
	... 50 more
</pre></div></td>
<td>6</td>
<td>com.runner.TestCodeRed_RunnerClass@2b40ff9c</td></tr>
<tr>
<td title='com.runner.TestCodeRed_RunnerClass.runScenario()'><b>runScenario</b><br>Test class: com.runner.TestCodeRed_RunnerClass<br>Test method: Runs Cucumber Scenarios<br>Parameters: "Edit Address in profile", "To Edit Address in Demo Cyclos classic payment software Application and do functions"</td>
<td><div><pre>org.openqa.selenium.NoSuchElementException: no such element: Unable to locate element: {&quot;method&quot;:&quot;xpath&quot;,&quot;selector&quot;:&quot;//button[@class=&apos;actionButton&apos; and contains(text(),&apos;New&apos;)]&quot;}
  (Session info: MicrosoftEdge=119.0.2151.58)
For documentation on this error, please visit: https://www.selenium.dev/documentation/webdriver/troubleshooting/errors#no-such-element-exception
Build info: version: &apos;4.14.1&apos;, revision: &apos;03f8ede370&apos;
System info: os.name: &apos;Windows 10&apos;, os.arch: &apos;amd64&apos;, os.version: &apos;10.0&apos;, java.version: &apos;17.0.8.1&apos;
Driver info: org.openqa.selenium.edge.EdgeDriver
Command: [f42bcf3df35d2e20b73bc94bb6317139, findElement {using=xpath, value=//button[@class=&apos;actionButton&apos; and contains(text(),&apos;New&apos;)]}]
Capabilities {acceptInsecureCerts: false, browserName: msedge, browserVersion: 119.0.2151.58, fedcm:accounts: true, ms:edgeOptions: {debuggerAddress: localhost:53659}, msedge: {msedgedriverVersion: 119.0.2151.72 (e8225cce8e47..., userDataDir: C:\Users\ALAKSH~1\AppData\L...}, networkConnectionEnabled: false, pageLoadStrategy: normal, platformName: windows, proxy: Proxy(), se:cdp: ws://localhost:53659/devtoo..., se:cdpVersion: 119.0.2151.58, setWindowRect: true, strictFileInteractability: false, timeouts: {implicit: 0, pageLoad: 300000, script: 30000}, unhandledPromptBehavior: dismiss and notify, webauthn:extension:credBlob: true, webauthn:extension:largeBlob: true, webauthn:extension:minPinLength: true, webauthn:extension:prf: true, webauthn:virtualAuthenticators: true}
Session ID: f42bcf3df35d2e20b73bc94bb6317139
	at java.base/jdk.internal.reflect.NativeConstructorAccessorImpl.newInstance0(Native Method)
	at java.base/jdk.internal.reflect.NativeConstructorAccessorImpl.newInstance(NativeConstructorAccessorImpl.java:77)
	at java.base/jdk.internal.reflect.DelegatingConstructorAccessorImpl.newInstance(DelegatingConstructorAccessorImpl.java:45)
	at java.base/java.lang.reflect.Constructor.newInstanceWithCaller(Constructor.java:499)
	at java.base/java.lang.reflect.Constructor.newInstance(Constructor.java:480)
	at org.openqa.selenium.remote.codec.w3c.W3CHttpResponseCodec.createException(W3CHttpResponseCodec.java:200)
	at org.openqa.selenium.remote.codec.w3c.W3CHttpResponseCodec.decode(W3CHttpResponseCodec.java:133)
	at org.openqa.selenium.remote.codec.w3c.W3CHttpResponseCodec.decode(W3CHttpResponseCodec.java:52)
	at org.openqa.selenium.remote.HttpCommandExecutor.execute(HttpCommandExecutor.java:191)
	at org.openqa.selenium.remote.service.DriverCommandExecutor.invokeExecute(DriverCommandExecutor.java:200)
	at org.openqa.selenium.remote.service.DriverCommandExecutor.execute(DriverCommandExecutor.java:175)
	at org.openqa.selenium.remote.RemoteWebDriver.execute(RemoteWebDriver.java:602)
	at org.openqa.selenium.remote.ElementLocation$ElementFinder$2.findElement(ElementLocation.java:165)
	at org.openqa.selenium.remote.ElementLocation.findElement(ElementLocation.java:59)
	at org.openqa.selenium.remote.RemoteWebDriver.findElement(RemoteWebDriver.java:359)
	at org.openqa.selenium.remote.RemoteWebDriver.findElement(RemoteWebDriver.java:353)
	at org.openqa.selenium.support.pagefactory.DefaultElementLocator.findElement(DefaultElementLocator.java:68)
	at org.openqa.selenium.support.pagefactory.internal.LocatingElementHandler.invoke(LocatingElementHandler.java:38)
	at jdk.proxy2/jdk.proxy2.$Proxy38.click(Unknown Source)
	at com.actions.Login_Function_Actions.NewAddress(Login_Function_Actions.java:284)
	at com.stepdefinitions.Login_Function_Stepdefinitions.user_click_the_new_in_address(Login_Function_Stepdefinitions.java:283)
	at ✽.User click the new in Address(file:///C:/Users/alakshmanan/eclipse-workspace/CodeRed/PilotProject_Cyclos_CodeRed/src/test/resources/Features/EditAddress.feature:10)
</pre></div><a href='#' onClick='toggleBox("stack-trace1113783787", this, "Click to show all stack frames", "Click to hide stack frames")'>Click to show all stack frames</a>
<div class='stack-trace' id='stack-trace1113783787'><pre>org.openqa.selenium.NoSuchElementException: no such element: Unable to locate element: {&quot;method&quot;:&quot;xpath&quot;,&quot;selector&quot;:&quot;//button[@class=&apos;actionButton&apos; and contains(text(),&apos;New&apos;)]&quot;}
  (Session info: MicrosoftEdge=119.0.2151.58)
For documentation on this error, please visit: https://www.selenium.dev/documentation/webdriver/troubleshooting/errors#no-such-element-exception
Build info: version: &apos;4.14.1&apos;, revision: &apos;03f8ede370&apos;
System info: os.name: &apos;Windows 10&apos;, os.arch: &apos;amd64&apos;, os.version: &apos;10.0&apos;, java.version: &apos;17.0.8.1&apos;
Driver info: org.openqa.selenium.edge.EdgeDriver
Command: [f42bcf3df35d2e20b73bc94bb6317139, findElement {using=xpath, value=//button[@class=&apos;actionButton&apos; and contains(text(),&apos;New&apos;)]}]
Capabilities {acceptInsecureCerts: false, browserName: msedge, browserVersion: 119.0.2151.58, fedcm:accounts: true, ms:edgeOptions: {debuggerAddress: localhost:53659}, msedge: {msedgedriverVersion: 119.0.2151.72 (e8225cce8e47..., userDataDir: C:\Users\ALAKSH~1\AppData\L...}, networkConnectionEnabled: false, pageLoadStrategy: normal, platformName: windows, proxy: Proxy(), se:cdp: ws://localhost:53659/devtoo..., se:cdpVersion: 119.0.2151.58, setWindowRect: true, strictFileInteractability: false, timeouts: {implicit: 0, pageLoad: 300000, script: 30000}, unhandledPromptBehavior: dismiss and notify, webauthn:extension:credBlob: true, webauthn:extension:largeBlob: true, webauthn:extension:minPinLength: true, webauthn:extension:prf: true, webauthn:virtualAuthenticators: true}
Session ID: f42bcf3df35d2e20b73bc94bb6317139
	at java.base/jdk.internal.reflect.NativeConstructorAccessorImpl.newInstance0(Native Method)
	at java.base/jdk.internal.reflect.NativeConstructorAccessorImpl.newInstance(NativeConstructorAccessorImpl.java:77)
	at java.base/jdk.internal.reflect.DelegatingConstructorAccessorImpl.newInstance(DelegatingConstructorAccessorImpl.java:45)
	at java.base/java.lang.reflect.Constructor.newInstanceWithCaller(Constructor.java:499)
	at java.base/java.lang.reflect.Constructor.newInstance(Constructor.java:480)
	at org.openqa.selenium.remote.codec.w3c.W3CHttpResponseCodec.createException(W3CHttpResponseCodec.java:200)
	at org.openqa.selenium.remote.codec.w3c.W3CHttpResponseCodec.decode(W3CHttpResponseCodec.java:133)
	at org.openqa.selenium.remote.codec.w3c.W3CHttpResponseCodec.decode(W3CHttpResponseCodec.java:52)
	at org.openqa.selenium.remote.HttpCommandExecutor.execute(HttpCommandExecutor.java:191)
	at org.openqa.selenium.remote.service.DriverCommandExecutor.invokeExecute(DriverCommandExecutor.java:200)
	at org.openqa.selenium.remote.service.DriverCommandExecutor.execute(DriverCommandExecutor.java:175)
	at org.openqa.selenium.remote.RemoteWebDriver.execute(RemoteWebDriver.java:602)
	at org.openqa.selenium.remote.ElementLocation$ElementFinder$2.findElement(ElementLocation.java:165)
	at org.openqa.selenium.remote.ElementLocation.findElement(ElementLocation.java:59)
	at org.openqa.selenium.remote.RemoteWebDriver.findElement(RemoteWebDriver.java:359)
	at org.openqa.selenium.remote.RemoteWebDriver.findElement(RemoteWebDriver.java:353)
	at org.openqa.selenium.support.pagefactory.DefaultElementLocator.findElement(DefaultElementLocator.java:68)
	at org.openqa.selenium.support.pagefactory.internal.LocatingElementHandler.invoke(LocatingElementHandler.java:38)
	at jdk.proxy2/jdk.proxy2.$Proxy38.click(Unknown Source)
	at com.actions.Login_Function_Actions.NewAddress(Login_Function_Actions.java:284)
	at com.stepdefinitions.Login_Function_Stepdefinitions.user_click_the_new_in_address(Login_Function_Stepdefinitions.java:283)
	at ✽.User click the new in Address(file:///C:/Users/alakshmanan/eclipse-workspace/CodeRed/PilotProject_Cyclos_CodeRed/src/test/resources/Features/EditAddress.feature:10)
</pre></div></td>
<td>36</td>
<td>com.runner.TestCodeRed_RunnerClass@2b40ff9c</td></tr>
=======
	at org.openqa.selenium.remote.RemoteWebElement.getText(RemoteWebElement.java:192)
	at java.base/jdk.internal.reflect.NativeMethodAccessorImpl.invoke0(Native Method)
	at java.base/jdk.internal.reflect.NativeMethodAccessorImpl.invoke(NativeMethodAccessorImpl.java:77)
	at java.base/jdk.internal.reflect.DelegatingMethodAccessorImpl.invoke(DelegatingMethodAccessorImpl.java:43)
	at java.base/java.lang.reflect.Method.invoke(Method.java:568)
	at org.openqa.selenium.support.pagefactory.internal.LocatingElementHandler.invoke(LocatingElementHandler.java:51)
	at jdk.proxy2/jdk.proxy2.$Proxy38.getText(Unknown Source)
	at com.actions.MarketPlaceActions.verifyResultCount(MarketPlaceActions.java:118)
	at com.stepdefinitions.MarketPlaceDefinitions.user_prints_the_total_number_of_results_available_in_favorites_after_added_from_highest_filter(MarketPlaceDefinitions.java:65)
	at ✽.User prints the total number of results available in favorites after added from highest filter(file:///C:/Users/lsethuraj/eclipse-workspace/CodeRed/PilotProject_Cyclos_CodeRed/src/test/resources/Features/MarketPlace.feature:11)
</pre></div></td>
<td>41</td>
<td>com.runner.TestCodeRed_RunnerClass@367ffa75</td></tr>
>>>>>>> e1b89dfce1145d8aaf16c43e166302f9b6bcfbe1
<tr>
<td title='com.runner.TestCodeRed_RunnerClass.runScenario()'><b>runScenario</b><br>Test class: com.runner.TestCodeRed_RunnerClass<br>Test method: Runs Cucumber Scenarios<br>Parameters: "Checking My vouchers", "User Buy and print voucher"</td>
<td><div><pre>io.cucumber.core.exception.CucumberException: Failed to instantiate class com.stepdefinitions.VoucherStepdefinition
	at io.cucumber.core.backend.DefaultObjectFactory.cacheNewInstance(DefaultObjectFactory.java:67)
	at io.cucumber.core.backend.DefaultObjectFactory.getInstance(DefaultObjectFactory.java:45)
	at io.cucumber.java.AbstractGlueDefinition.invokeMethod(AbstractGlueDefinition.java:47)
	at io.cucumber.java.JavaStepDefinition.execute(JavaStepDefinition.java:29)
	at io.cucumber.core.runner.CoreStepDefinition.execute(CoreStepDefinition.java:66)
	at io.cucumber.core.runner.PickleStepDefinitionMatch.runStep(PickleStepDefinitionMatch.java:63)
	at io.cucumber.core.runner.ExecutionMode$1.execute(ExecutionMode.java:10)
	at io.cucumber.core.runner.TestStep.executeStep(TestStep.java:84)
	at io.cucumber.core.runner.TestStep.run(TestStep.java:56)
	at io.cucumber.core.runner.PickleStepTestStep.run(PickleStepTestStep.java:51)
	at io.cucumber.core.runner.TestCase.run(TestCase.java:84)
	at io.cucumber.core.runner.Runner.runPickle(Runner.java:75)
	at io.cucumber.testng.TestNGCucumberRunner.lambda$runScenario$1(TestNGCucumberRunner.java:132)
	at io.cucumber.core.runtime.CucumberExecutionContext.lambda$runTestCase$5(CucumberExecutionContext.java:137)
	at io.cucumber.core.runtime.RethrowingThrowableCollector.executeAndThrow(RethrowingThrowableCollector.java:23)
	at io.cucumber.core.runtime.CucumberExecutionContext.runTestCase(CucumberExecutionContext.java:137)
	at io.cucumber.testng.TestNGCucumberRunner.runScenario(TestNGCucumberRunner.java:129)
	at io.cucumber.testng.AbstractTestNGCucumberTests.runScenario(AbstractTestNGCucumberTests.java:35)
	at jdk.internal.reflect.GeneratedMethodAccessor6.invoke(Unknown Source)
	at java.base/jdk.internal.reflect.DelegatingMethodAccessorImpl.invoke(DelegatingMethodAccessorImpl.java:43)
	at java.base/java.lang.reflect.Method.invoke(Method.java:568)
	at org.testng.internal.invokers.MethodInvocationHelper.invokeMethod(MethodInvocationHelper.java:139)
	at org.testng.internal.invokers.TestInvoker.invokeMethod(TestInvoker.java:664)
	at org.testng.internal.invokers.TestInvoker.invokeTestMethod(TestInvoker.java:227)
	at org.testng.internal.invokers.MethodRunner.runInSequence(MethodRunner.java:50)
	at org.testng.internal.invokers.TestInvoker$MethodInvocationAgent.invoke(TestInvoker.java:957)
	at org.testng.internal.invokers.TestInvoker.invokeTestMethods(TestInvoker.java:200)
	at org.testng.internal.invokers.TestMethodWorker.invokeTestMethods(TestMethodWorker.java:148)
	at org.testng.internal.invokers.TestMethodWorker.run(TestMethodWorker.java:128)
	at java.base/java.util.ArrayList.forEach(ArrayList.java:1511)
	at org.testng.TestRunner.privateRun(TestRunner.java:848)
	at org.testng.TestRunner.run(TestRunner.java:621)
	at org.testng.SuiteRunner.runTest(SuiteRunner.java:443)
	at org.testng.SuiteRunner.runSequentially(SuiteRunner.java:437)
	at org.testng.SuiteRunner.privateRun(SuiteRunner.java:397)
	at org.testng.SuiteRunner.run(SuiteRunner.java:336)
	at org.testng.SuiteRunnerWorker.runSuite(SuiteRunnerWorker.java:52)
	at org.testng.SuiteRunnerWorker.run(SuiteRunnerWorker.java:95)
	at org.testng.TestNG.runSuitesSequentially(TestNG.java:1280)
	at org.testng.TestNG.runSuitesLocally(TestNG.java:1200)
	at org.testng.TestNG.runSuites(TestNG.java:1114)
	at org.testng.TestNG.run(TestNG.java:1082)
	at org.testng.remote.AbstractRemoteTestNG.run(AbstractRemoteTestNG.java:115)
	at org.testng.remote.RemoteTestNG.initAndRun(RemoteTestNG.java:251)
	at org.testng.remote.RemoteTestNG.main(RemoteTestNG.java:77)
Caused by: java.lang.reflect.InvocationTargetException
	at java.base/jdk.internal.reflect.NativeConstructorAccessorImpl.newInstance0(Native Method)
	at java.base/jdk.internal.reflect.NativeConstructorAccessorImpl.newInstance(NativeConstructorAccessorImpl.java:77)
	at java.base/jdk.internal.reflect.DelegatingConstructorAccessorImpl.newInstance(DelegatingConstructorAccessorImpl.java:45)
	at java.base/java.lang.reflect.Constructor.newInstanceWithCaller(Constructor.java:499)
	at java.base/java.lang.reflect.Constructor.newInstance(Constructor.java:480)
	at io.cucumber.core.backend.DefaultObjectFactory.cacheNewInstance(DefaultObjectFactory.java:53)
	... 44 more
Caused by: java.lang.NullPointerException: inStream parameter is null
<<<<<<< HEAD
	at java.base/java.util.Objects.requireNonNull(Objects.java:235)
=======
	at java.base/java.util.Objects.requireNonNull(Objects.java:233)
>>>>>>> e1b89dfce1145d8aaf16c43e166302f9b6bcfbe1
	at java.base/java.util.Properties.load(Properties.java:407)
	at com.utility.UtilityClassVoucher.data(UtilityClassVoucher.java:27)
	at com.utility.UtilityClassVoucher.&lt;init&gt;(UtilityClassVoucher.java:14)
	at com.stepdefinitions.VoucherStepdefinition.&lt;init&gt;(VoucherStepdefinition.java:16)
	... 50 more
<<<<<<< HEAD
</pre></div><a href='#' onClick='toggleBox("stack-trace185354501", this, "Click to show all stack frames", "Click to hide stack frames")'>Click to show all stack frames</a>
<div class='stack-trace' id='stack-trace185354501'><pre>io.cucumber.core.exception.CucumberException: Failed to instantiate class com.stepdefinitions.VoucherStepdefinition
=======
</pre></div><a href='#' onClick='toggleBox("stack-trace1739770043", this, "Click to show all stack frames", "Click to hide stack frames")'>Click to show all stack frames</a>
<div class='stack-trace' id='stack-trace1739770043'><pre>io.cucumber.core.exception.CucumberException: Failed to instantiate class com.stepdefinitions.VoucherStepdefinition
>>>>>>> e1b89dfce1145d8aaf16c43e166302f9b6bcfbe1
	at io.cucumber.core.backend.DefaultObjectFactory.cacheNewInstance(DefaultObjectFactory.java:67)
	at io.cucumber.core.backend.DefaultObjectFactory.getInstance(DefaultObjectFactory.java:45)
	at io.cucumber.java.AbstractGlueDefinition.invokeMethod(AbstractGlueDefinition.java:47)
	at io.cucumber.java.JavaStepDefinition.execute(JavaStepDefinition.java:29)
	at io.cucumber.core.runner.CoreStepDefinition.execute(CoreStepDefinition.java:66)
	at io.cucumber.core.runner.PickleStepDefinitionMatch.runStep(PickleStepDefinitionMatch.java:63)
	at io.cucumber.core.runner.ExecutionMode$1.execute(ExecutionMode.java:10)
	at io.cucumber.core.runner.TestStep.executeStep(TestStep.java:84)
	at io.cucumber.core.runner.TestStep.run(TestStep.java:56)
	at io.cucumber.core.runner.PickleStepTestStep.run(PickleStepTestStep.java:51)
	at io.cucumber.core.runner.TestCase.run(TestCase.java:84)
	at io.cucumber.core.runner.Runner.runPickle(Runner.java:75)
	at io.cucumber.testng.TestNGCucumberRunner.lambda$runScenario$1(TestNGCucumberRunner.java:132)
	at io.cucumber.core.runtime.CucumberExecutionContext.lambda$runTestCase$5(CucumberExecutionContext.java:137)
	at io.cucumber.core.runtime.RethrowingThrowableCollector.executeAndThrow(RethrowingThrowableCollector.java:23)
	at io.cucumber.core.runtime.CucumberExecutionContext.runTestCase(CucumberExecutionContext.java:137)
	at io.cucumber.testng.TestNGCucumberRunner.runScenario(TestNGCucumberRunner.java:129)
	at io.cucumber.testng.AbstractTestNGCucumberTests.runScenario(AbstractTestNGCucumberTests.java:35)
	at jdk.internal.reflect.GeneratedMethodAccessor6.invoke(Unknown Source)
	at java.base/jdk.internal.reflect.DelegatingMethodAccessorImpl.invoke(DelegatingMethodAccessorImpl.java:43)
	at java.base/java.lang.reflect.Method.invoke(Method.java:568)
	at org.testng.internal.invokers.MethodInvocationHelper.invokeMethod(MethodInvocationHelper.java:139)
	at org.testng.internal.invokers.TestInvoker.invokeMethod(TestInvoker.java:664)
	at org.testng.internal.invokers.TestInvoker.invokeTestMethod(TestInvoker.java:227)
	at org.testng.internal.invokers.MethodRunner.runInSequence(MethodRunner.java:50)
	at org.testng.internal.invokers.TestInvoker$MethodInvocationAgent.invoke(TestInvoker.java:957)
	at org.testng.internal.invokers.TestInvoker.invokeTestMethods(TestInvoker.java:200)
	at org.testng.internal.invokers.TestMethodWorker.invokeTestMethods(TestMethodWorker.java:148)
	at org.testng.internal.invokers.TestMethodWorker.run(TestMethodWorker.java:128)
	at java.base/java.util.ArrayList.forEach(ArrayList.java:1511)
	at org.testng.TestRunner.privateRun(TestRunner.java:848)
	at org.testng.TestRunner.run(TestRunner.java:621)
	at org.testng.SuiteRunner.runTest(SuiteRunner.java:443)
	at org.testng.SuiteRunner.runSequentially(SuiteRunner.java:437)
	at org.testng.SuiteRunner.privateRun(SuiteRunner.java:397)
	at org.testng.SuiteRunner.run(SuiteRunner.java:336)
	at org.testng.SuiteRunnerWorker.runSuite(SuiteRunnerWorker.java:52)
	at org.testng.SuiteRunnerWorker.run(SuiteRunnerWorker.java:95)
	at org.testng.TestNG.runSuitesSequentially(TestNG.java:1280)
	at org.testng.TestNG.runSuitesLocally(TestNG.java:1200)
	at org.testng.TestNG.runSuites(TestNG.java:1114)
	at org.testng.TestNG.run(TestNG.java:1082)
	at org.testng.remote.AbstractRemoteTestNG.run(AbstractRemoteTestNG.java:115)
	at org.testng.remote.RemoteTestNG.initAndRun(RemoteTestNG.java:251)
	at org.testng.remote.RemoteTestNG.main(RemoteTestNG.java:77)
Caused by: java.lang.reflect.InvocationTargetException
	at java.base/jdk.internal.reflect.NativeConstructorAccessorImpl.newInstance0(Native Method)
	at java.base/jdk.internal.reflect.NativeConstructorAccessorImpl.newInstance(NativeConstructorAccessorImpl.java:77)
	at java.base/jdk.internal.reflect.DelegatingConstructorAccessorImpl.newInstance(DelegatingConstructorAccessorImpl.java:45)
	at java.base/java.lang.reflect.Constructor.newInstanceWithCaller(Constructor.java:499)
	at java.base/java.lang.reflect.Constructor.newInstance(Constructor.java:480)
	at io.cucumber.core.backend.DefaultObjectFactory.cacheNewInstance(DefaultObjectFactory.java:53)
	... 44 more
Caused by: java.lang.NullPointerException: inStream parameter is null
<<<<<<< HEAD
	at java.base/java.util.Objects.requireNonNull(Objects.java:235)
=======
	at java.base/java.util.Objects.requireNonNull(Objects.java:233)
>>>>>>> e1b89dfce1145d8aaf16c43e166302f9b6bcfbe1
	at java.base/java.util.Properties.load(Properties.java:407)
	at com.utility.UtilityClassVoucher.data(UtilityClassVoucher.java:27)
	at com.utility.UtilityClassVoucher.&lt;init&gt;(UtilityClassVoucher.java:14)
	at com.stepdefinitions.VoucherStepdefinition.&lt;init&gt;(VoucherStepdefinition.java:16)
	... 50 more
</pre></div></td>
<<<<<<< HEAD
<td>6</td>
<td>com.runner.TestCodeRed_RunnerClass@2b40ff9c</td></tr>
<tr>
<td title='com.runner.TestCodeRed_RunnerClass.runScenario()'><b>runScenario</b><br>Test class: com.runner.TestCodeRed_RunnerClass<br>Test method: Runs Cucumber Scenarios<br>Parameters: "The user view the message history of inbox message", "The user accessing the Message functionality"</td>
<td><div><pre>io.cucumber.core.exception.CucumberException: Failed to instantiate class com.stepdefinitions.messageStepDefanition
	at io.cucumber.core.backend.DefaultObjectFactory.cacheNewInstance(DefaultObjectFactory.java:67)
	at io.cucumber.core.backend.DefaultObjectFactory.getInstance(DefaultObjectFactory.java:45)
	at io.cucumber.java.AbstractGlueDefinition.invokeMethod(AbstractGlueDefinition.java:47)
	at io.cucumber.java.JavaStepDefinition.execute(JavaStepDefinition.java:29)
	at io.cucumber.core.runner.CoreStepDefinition.execute(CoreStepDefinition.java:66)
	at io.cucumber.core.runner.PickleStepDefinitionMatch.runStep(PickleStepDefinitionMatch.java:63)
	at io.cucumber.core.runner.ExecutionMode$1.execute(ExecutionMode.java:10)
	at io.cucumber.core.runner.TestStep.executeStep(TestStep.java:84)
	at io.cucumber.core.runner.TestStep.run(TestStep.java:56)
	at io.cucumber.core.runner.PickleStepTestStep.run(PickleStepTestStep.java:51)
	at io.cucumber.core.runner.TestCase.run(TestCase.java:84)
	at io.cucumber.core.runner.Runner.runPickle(Runner.java:75)
	at io.cucumber.testng.TestNGCucumberRunner.lambda$runScenario$1(TestNGCucumberRunner.java:132)
	at io.cucumber.core.runtime.CucumberExecutionContext.lambda$runTestCase$5(CucumberExecutionContext.java:137)
	at io.cucumber.core.runtime.RethrowingThrowableCollector.executeAndThrow(RethrowingThrowableCollector.java:23)
	at io.cucumber.core.runtime.CucumberExecutionContext.runTestCase(CucumberExecutionContext.java:137)
	at io.cucumber.testng.TestNGCucumberRunner.runScenario(TestNGCucumberRunner.java:129)
	at io.cucumber.testng.AbstractTestNGCucumberTests.runScenario(AbstractTestNGCucumberTests.java:35)
	at jdk.internal.reflect.GeneratedMethodAccessor6.invoke(Unknown Source)
	at java.base/jdk.internal.reflect.DelegatingMethodAccessorImpl.invoke(DelegatingMethodAccessorImpl.java:43)
	at java.base/java.lang.reflect.Method.invoke(Method.java:568)
	at org.testng.internal.invokers.MethodInvocationHelper.invokeMethod(MethodInvocationHelper.java:139)
	at org.testng.internal.invokers.TestInvoker.invokeMethod(TestInvoker.java:664)
	at org.testng.internal.invokers.TestInvoker.invokeTestMethod(TestInvoker.java:227)
	at org.testng.internal.invokers.MethodRunner.runInSequence(MethodRunner.java:50)
	at org.testng.internal.invokers.TestInvoker$MethodInvocationAgent.invoke(TestInvoker.java:957)
	at org.testng.internal.invokers.TestInvoker.invokeTestMethods(TestInvoker.java:200)
	at org.testng.internal.invokers.TestMethodWorker.invokeTestMethods(TestMethodWorker.java:148)
	at org.testng.internal.invokers.TestMethodWorker.run(TestMethodWorker.java:128)
	at java.base/java.util.ArrayList.forEach(ArrayList.java:1511)
	at org.testng.TestRunner.privateRun(TestRunner.java:848)
	at org.testng.TestRunner.run(TestRunner.java:621)
	at org.testng.SuiteRunner.runTest(SuiteRunner.java:443)
	at org.testng.SuiteRunner.runSequentially(SuiteRunner.java:437)
	at org.testng.SuiteRunner.privateRun(SuiteRunner.java:397)
	at org.testng.SuiteRunner.run(SuiteRunner.java:336)
	at org.testng.SuiteRunnerWorker.runSuite(SuiteRunnerWorker.java:52)
	at org.testng.SuiteRunnerWorker.run(SuiteRunnerWorker.java:95)
	at org.testng.TestNG.runSuitesSequentially(TestNG.java:1280)
	at org.testng.TestNG.runSuitesLocally(TestNG.java:1200)
	at org.testng.TestNG.runSuites(TestNG.java:1114)
	at org.testng.TestNG.run(TestNG.java:1082)
	at org.testng.remote.AbstractRemoteTestNG.run(AbstractRemoteTestNG.java:115)
	at org.testng.remote.RemoteTestNG.initAndRun(RemoteTestNG.java:251)
	at org.testng.remote.RemoteTestNG.main(RemoteTestNG.java:77)
Caused by: java.lang.reflect.InvocationTargetException
	at java.base/jdk.internal.reflect.NativeConstructorAccessorImpl.newInstance0(Native Method)
	at java.base/jdk.internal.reflect.NativeConstructorAccessorImpl.newInstance(NativeConstructorAccessorImpl.java:77)
	at java.base/jdk.internal.reflect.DelegatingConstructorAccessorImpl.newInstance(DelegatingConstructorAccessorImpl.java:45)
	at java.base/java.lang.reflect.Constructor.newInstanceWithCaller(Constructor.java:499)
	at java.base/java.lang.reflect.Constructor.newInstance(Constructor.java:480)
	at io.cucumber.core.backend.DefaultObjectFactory.cacheNewInstance(DefaultObjectFactory.java:53)
	... 44 more
Caused by: java.lang.NullPointerException: inStream parameter is null
	at java.base/java.util.Objects.requireNonNull(Objects.java:235)
	at java.base/java.util.Properties.load(Properties.java:407)
	at com.utility.UtilityClassMessage.data(UtilityClassMessage.java:27)
	at com.utility.UtilityClassMessage.&lt;init&gt;(UtilityClassMessage.java:14)
	at com.stepdefinitions.messageStepDefanition.&lt;init&gt;(messageStepDefanition.java:20)
	... 50 more
</pre></div><a href='#' onClick='toggleBox("stack-trace1183205098", this, "Click to show all stack frames", "Click to hide stack frames")'>Click to show all stack frames</a>
<div class='stack-trace' id='stack-trace1183205098'><pre>io.cucumber.core.exception.CucumberException: Failed to instantiate class com.stepdefinitions.messageStepDefanition
	at io.cucumber.core.backend.DefaultObjectFactory.cacheNewInstance(DefaultObjectFactory.java:67)
	at io.cucumber.core.backend.DefaultObjectFactory.getInstance(DefaultObjectFactory.java:45)
	at io.cucumber.java.AbstractGlueDefinition.invokeMethod(AbstractGlueDefinition.java:47)
	at io.cucumber.java.JavaStepDefinition.execute(JavaStepDefinition.java:29)
	at io.cucumber.core.runner.CoreStepDefinition.execute(CoreStepDefinition.java:66)
	at io.cucumber.core.runner.PickleStepDefinitionMatch.runStep(PickleStepDefinitionMatch.java:63)
	at io.cucumber.core.runner.ExecutionMode$1.execute(ExecutionMode.java:10)
	at io.cucumber.core.runner.TestStep.executeStep(TestStep.java:84)
	at io.cucumber.core.runner.TestStep.run(TestStep.java:56)
	at io.cucumber.core.runner.PickleStepTestStep.run(PickleStepTestStep.java:51)
	at io.cucumber.core.runner.TestCase.run(TestCase.java:84)
	at io.cucumber.core.runner.Runner.runPickle(Runner.java:75)
	at io.cucumber.testng.TestNGCucumberRunner.lambda$runScenario$1(TestNGCucumberRunner.java:132)
	at io.cucumber.core.runtime.CucumberExecutionContext.lambda$runTestCase$5(CucumberExecutionContext.java:137)
	at io.cucumber.core.runtime.RethrowingThrowableCollector.executeAndThrow(RethrowingThrowableCollector.java:23)
	at io.cucumber.core.runtime.CucumberExecutionContext.runTestCase(CucumberExecutionContext.java:137)
	at io.cucumber.testng.TestNGCucumberRunner.runScenario(TestNGCucumberRunner.java:129)
	at io.cucumber.testng.AbstractTestNGCucumberTests.runScenario(AbstractTestNGCucumberTests.java:35)
	at jdk.internal.reflect.GeneratedMethodAccessor6.invoke(Unknown Source)
	at java.base/jdk.internal.reflect.DelegatingMethodAccessorImpl.invoke(DelegatingMethodAccessorImpl.java:43)
	at java.base/java.lang.reflect.Method.invoke(Method.java:568)
	at org.testng.internal.invokers.MethodInvocationHelper.invokeMethod(MethodInvocationHelper.java:139)
	at org.testng.internal.invokers.TestInvoker.invokeMethod(TestInvoker.java:664)
	at org.testng.internal.invokers.TestInvoker.invokeTestMethod(TestInvoker.java:227)
	at org.testng.internal.invokers.MethodRunner.runInSequence(MethodRunner.java:50)
	at org.testng.internal.invokers.TestInvoker$MethodInvocationAgent.invoke(TestInvoker.java:957)
	at org.testng.internal.invokers.TestInvoker.invokeTestMethods(TestInvoker.java:200)
	at org.testng.internal.invokers.TestMethodWorker.invokeTestMethods(TestMethodWorker.java:148)
	at org.testng.internal.invokers.TestMethodWorker.run(TestMethodWorker.java:128)
	at java.base/java.util.ArrayList.forEach(ArrayList.java:1511)
	at org.testng.TestRunner.privateRun(TestRunner.java:848)
	at org.testng.TestRunner.run(TestRunner.java:621)
	at org.testng.SuiteRunner.runTest(SuiteRunner.java:443)
	at org.testng.SuiteRunner.runSequentially(SuiteRunner.java:437)
	at org.testng.SuiteRunner.privateRun(SuiteRunner.java:397)
	at org.testng.SuiteRunner.run(SuiteRunner.java:336)
	at org.testng.SuiteRunnerWorker.runSuite(SuiteRunnerWorker.java:52)
	at org.testng.SuiteRunnerWorker.run(SuiteRunnerWorker.java:95)
	at org.testng.TestNG.runSuitesSequentially(TestNG.java:1280)
	at org.testng.TestNG.runSuitesLocally(TestNG.java:1200)
	at org.testng.TestNG.runSuites(TestNG.java:1114)
	at org.testng.TestNG.run(TestNG.java:1082)
	at org.testng.remote.AbstractRemoteTestNG.run(AbstractRemoteTestNG.java:115)
	at org.testng.remote.RemoteTestNG.initAndRun(RemoteTestNG.java:251)
	at org.testng.remote.RemoteTestNG.main(RemoteTestNG.java:77)
Caused by: java.lang.reflect.InvocationTargetException
	at java.base/jdk.internal.reflect.NativeConstructorAccessorImpl.newInstance0(Native Method)
	at java.base/jdk.internal.reflect.NativeConstructorAccessorImpl.newInstance(NativeConstructorAccessorImpl.java:77)
	at java.base/jdk.internal.reflect.DelegatingConstructorAccessorImpl.newInstance(DelegatingConstructorAccessorImpl.java:45)
	at java.base/java.lang.reflect.Constructor.newInstanceWithCaller(Constructor.java:499)
	at java.base/java.lang.reflect.Constructor.newInstance(Constructor.java:480)
	at io.cucumber.core.backend.DefaultObjectFactory.cacheNewInstance(DefaultObjectFactory.java:53)
	... 44 more
Caused by: java.lang.NullPointerException: inStream parameter is null
	at java.base/java.util.Objects.requireNonNull(Objects.java:235)
	at java.base/java.util.Properties.load(Properties.java:407)
	at com.utility.UtilityClassMessage.data(UtilityClassMessage.java:27)
	at com.utility.UtilityClassMessage.&lt;init&gt;(UtilityClassMessage.java:14)
	at com.stepdefinitions.messageStepDefanition.&lt;init&gt;(messageStepDefanition.java:20)
	... 50 more
</pre></div></td>
<td>6</td>
<td>com.runner.TestCodeRed_RunnerClass@2b40ff9c</td></tr>
<tr>
<td title='com.runner.TestCodeRed_RunnerClass.runScenario()'><b>runScenario</b><br>Test class: com.runner.TestCodeRed_RunnerClass<br>Test method: Runs Cucumber Scenarios<br>Parameters: "The user not able to send message without required details", "The user accessing the Message functionality"</td>
<td><div><pre>io.cucumber.core.exception.CucumberException: Failed to instantiate class com.stepdefinitions.messageStepDefanition
	at io.cucumber.core.backend.DefaultObjectFactory.cacheNewInstance(DefaultObjectFactory.java:67)
	at io.cucumber.core.backend.DefaultObjectFactory.getInstance(DefaultObjectFactory.java:45)
	at io.cucumber.java.AbstractGlueDefinition.invokeMethod(AbstractGlueDefinition.java:47)
	at io.cucumber.java.JavaStepDefinition.execute(JavaStepDefinition.java:29)
	at io.cucumber.core.runner.CoreStepDefinition.execute(CoreStepDefinition.java:66)
	at io.cucumber.core.runner.PickleStepDefinitionMatch.runStep(PickleStepDefinitionMatch.java:63)
	at io.cucumber.core.runner.ExecutionMode$1.execute(ExecutionMode.java:10)
	at io.cucumber.core.runner.TestStep.executeStep(TestStep.java:84)
	at io.cucumber.core.runner.TestStep.run(TestStep.java:56)
	at io.cucumber.core.runner.PickleStepTestStep.run(PickleStepTestStep.java:51)
	at io.cucumber.core.runner.TestCase.run(TestCase.java:84)
	at io.cucumber.core.runner.Runner.runPickle(Runner.java:75)
	at io.cucumber.testng.TestNGCucumberRunner.lambda$runScenario$1(TestNGCucumberRunner.java:132)
	at io.cucumber.core.runtime.CucumberExecutionContext.lambda$runTestCase$5(CucumberExecutionContext.java:137)
	at io.cucumber.core.runtime.RethrowingThrowableCollector.executeAndThrow(RethrowingThrowableCollector.java:23)
	at io.cucumber.core.runtime.CucumberExecutionContext.runTestCase(CucumberExecutionContext.java:137)
	at io.cucumber.testng.TestNGCucumberRunner.runScenario(TestNGCucumberRunner.java:129)
	at io.cucumber.testng.AbstractTestNGCucumberTests.runScenario(AbstractTestNGCucumberTests.java:35)
	at jdk.internal.reflect.GeneratedMethodAccessor6.invoke(Unknown Source)
	at java.base/jdk.internal.reflect.DelegatingMethodAccessorImpl.invoke(DelegatingMethodAccessorImpl.java:43)
	at java.base/java.lang.reflect.Method.invoke(Method.java:568)
	at org.testng.internal.invokers.MethodInvocationHelper.invokeMethod(MethodInvocationHelper.java:139)
	at org.testng.internal.invokers.TestInvoker.invokeMethod(TestInvoker.java:664)
	at org.testng.internal.invokers.TestInvoker.invokeTestMethod(TestInvoker.java:227)
	at org.testng.internal.invokers.MethodRunner.runInSequence(MethodRunner.java:50)
	at org.testng.internal.invokers.TestInvoker$MethodInvocationAgent.invoke(TestInvoker.java:957)
	at org.testng.internal.invokers.TestInvoker.invokeTestMethods(TestInvoker.java:200)
	at org.testng.internal.invokers.TestMethodWorker.invokeTestMethods(TestMethodWorker.java:148)
	at org.testng.internal.invokers.TestMethodWorker.run(TestMethodWorker.java:128)
	at java.base/java.util.ArrayList.forEach(ArrayList.java:1511)
	at org.testng.TestRunner.privateRun(TestRunner.java:848)
	at org.testng.TestRunner.run(TestRunner.java:621)
	at org.testng.SuiteRunner.runTest(SuiteRunner.java:443)
	at org.testng.SuiteRunner.runSequentially(SuiteRunner.java:437)
	at org.testng.SuiteRunner.privateRun(SuiteRunner.java:397)
	at org.testng.SuiteRunner.run(SuiteRunner.java:336)
	at org.testng.SuiteRunnerWorker.runSuite(SuiteRunnerWorker.java:52)
	at org.testng.SuiteRunnerWorker.run(SuiteRunnerWorker.java:95)
	at org.testng.TestNG.runSuitesSequentially(TestNG.java:1280)
	at org.testng.TestNG.runSuitesLocally(TestNG.java:1200)
	at org.testng.TestNG.runSuites(TestNG.java:1114)
	at org.testng.TestNG.run(TestNG.java:1082)
	at org.testng.remote.AbstractRemoteTestNG.run(AbstractRemoteTestNG.java:115)
	at org.testng.remote.RemoteTestNG.initAndRun(RemoteTestNG.java:251)
	at org.testng.remote.RemoteTestNG.main(RemoteTestNG.java:77)
Caused by: java.lang.reflect.InvocationTargetException
	at java.base/jdk.internal.reflect.NativeConstructorAccessorImpl.newInstance0(Native Method)
	at java.base/jdk.internal.reflect.NativeConstructorAccessorImpl.newInstance(NativeConstructorAccessorImpl.java:77)
	at java.base/jdk.internal.reflect.DelegatingConstructorAccessorImpl.newInstance(DelegatingConstructorAccessorImpl.java:45)
	at java.base/java.lang.reflect.Constructor.newInstanceWithCaller(Constructor.java:499)
	at java.base/java.lang.reflect.Constructor.newInstance(Constructor.java:480)
	at io.cucumber.core.backend.DefaultObjectFactory.cacheNewInstance(DefaultObjectFactory.java:53)
	... 44 more
Caused by: java.lang.NullPointerException: inStream parameter is null
	at java.base/java.util.Objects.requireNonNull(Objects.java:235)
	at java.base/java.util.Properties.load(Properties.java:407)
	at com.utility.UtilityClassMessage.data(UtilityClassMessage.java:27)
	at com.utility.UtilityClassMessage.&lt;init&gt;(UtilityClassMessage.java:14)
	at com.stepdefinitions.messageStepDefanition.&lt;init&gt;(messageStepDefanition.java:20)
	... 50 more
</pre></div><a href='#' onClick='toggleBox("stack-trace919473090", this, "Click to show all stack frames", "Click to hide stack frames")'>Click to show all stack frames</a>
<div class='stack-trace' id='stack-trace919473090'><pre>io.cucumber.core.exception.CucumberException: Failed to instantiate class com.stepdefinitions.messageStepDefanition
	at io.cucumber.core.backend.DefaultObjectFactory.cacheNewInstance(DefaultObjectFactory.java:67)
	at io.cucumber.core.backend.DefaultObjectFactory.getInstance(DefaultObjectFactory.java:45)
	at io.cucumber.java.AbstractGlueDefinition.invokeMethod(AbstractGlueDefinition.java:47)
	at io.cucumber.java.JavaStepDefinition.execute(JavaStepDefinition.java:29)
	at io.cucumber.core.runner.CoreStepDefinition.execute(CoreStepDefinition.java:66)
	at io.cucumber.core.runner.PickleStepDefinitionMatch.runStep(PickleStepDefinitionMatch.java:63)
	at io.cucumber.core.runner.ExecutionMode$1.execute(ExecutionMode.java:10)
	at io.cucumber.core.runner.TestStep.executeStep(TestStep.java:84)
	at io.cucumber.core.runner.TestStep.run(TestStep.java:56)
	at io.cucumber.core.runner.PickleStepTestStep.run(PickleStepTestStep.java:51)
	at io.cucumber.core.runner.TestCase.run(TestCase.java:84)
	at io.cucumber.core.runner.Runner.runPickle(Runner.java:75)
	at io.cucumber.testng.TestNGCucumberRunner.lambda$runScenario$1(TestNGCucumberRunner.java:132)
	at io.cucumber.core.runtime.CucumberExecutionContext.lambda$runTestCase$5(CucumberExecutionContext.java:137)
	at io.cucumber.core.runtime.RethrowingThrowableCollector.executeAndThrow(RethrowingThrowableCollector.java:23)
	at io.cucumber.core.runtime.CucumberExecutionContext.runTestCase(CucumberExecutionContext.java:137)
	at io.cucumber.testng.TestNGCucumberRunner.runScenario(TestNGCucumberRunner.java:129)
	at io.cucumber.testng.AbstractTestNGCucumberTests.runScenario(AbstractTestNGCucumberTests.java:35)
	at jdk.internal.reflect.GeneratedMethodAccessor6.invoke(Unknown Source)
	at java.base/jdk.internal.reflect.DelegatingMethodAccessorImpl.invoke(DelegatingMethodAccessorImpl.java:43)
	at java.base/java.lang.reflect.Method.invoke(Method.java:568)
	at org.testng.internal.invokers.MethodInvocationHelper.invokeMethod(MethodInvocationHelper.java:139)
	at org.testng.internal.invokers.TestInvoker.invokeMethod(TestInvoker.java:664)
	at org.testng.internal.invokers.TestInvoker.invokeTestMethod(TestInvoker.java:227)
	at org.testng.internal.invokers.MethodRunner.runInSequence(MethodRunner.java:50)
	at org.testng.internal.invokers.TestInvoker$MethodInvocationAgent.invoke(TestInvoker.java:957)
	at org.testng.internal.invokers.TestInvoker.invokeTestMethods(TestInvoker.java:200)
	at org.testng.internal.invokers.TestMethodWorker.invokeTestMethods(TestMethodWorker.java:148)
	at org.testng.internal.invokers.TestMethodWorker.run(TestMethodWorker.java:128)
	at java.base/java.util.ArrayList.forEach(ArrayList.java:1511)
	at org.testng.TestRunner.privateRun(TestRunner.java:848)
	at org.testng.TestRunner.run(TestRunner.java:621)
	at org.testng.SuiteRunner.runTest(SuiteRunner.java:443)
	at org.testng.SuiteRunner.runSequentially(SuiteRunner.java:437)
	at org.testng.SuiteRunner.privateRun(SuiteRunner.java:397)
	at org.testng.SuiteRunner.run(SuiteRunner.java:336)
	at org.testng.SuiteRunnerWorker.runSuite(SuiteRunnerWorker.java:52)
	at org.testng.SuiteRunnerWorker.run(SuiteRunnerWorker.java:95)
	at org.testng.TestNG.runSuitesSequentially(TestNG.java:1280)
	at org.testng.TestNG.runSuitesLocally(TestNG.java:1200)
	at org.testng.TestNG.runSuites(TestNG.java:1114)
	at org.testng.TestNG.run(TestNG.java:1082)
	at org.testng.remote.AbstractRemoteTestNG.run(AbstractRemoteTestNG.java:115)
	at org.testng.remote.RemoteTestNG.initAndRun(RemoteTestNG.java:251)
	at org.testng.remote.RemoteTestNG.main(RemoteTestNG.java:77)
Caused by: java.lang.reflect.InvocationTargetException
	at java.base/jdk.internal.reflect.NativeConstructorAccessorImpl.newInstance0(Native Method)
	at java.base/jdk.internal.reflect.NativeConstructorAccessorImpl.newInstance(NativeConstructorAccessorImpl.java:77)
	at java.base/jdk.internal.reflect.DelegatingConstructorAccessorImpl.newInstance(DelegatingConstructorAccessorImpl.java:45)
	at java.base/java.lang.reflect.Constructor.newInstanceWithCaller(Constructor.java:499)
	at java.base/java.lang.reflect.Constructor.newInstance(Constructor.java:480)
	at io.cucumber.core.backend.DefaultObjectFactory.cacheNewInstance(DefaultObjectFactory.java:53)
	... 44 more
Caused by: java.lang.NullPointerException: inStream parameter is null
	at java.base/java.util.Objects.requireNonNull(Objects.java:235)
	at java.base/java.util.Properties.load(Properties.java:407)
	at com.utility.UtilityClassMessage.data(UtilityClassMessage.java:27)
	at com.utility.UtilityClassMessage.&lt;init&gt;(UtilityClassMessage.java:14)
	at com.stepdefinitions.messageStepDefanition.&lt;init&gt;(messageStepDefanition.java:20)
	... 50 more
</pre></div></td>
<td>7</td>
<td>com.runner.TestCodeRed_RunnerClass@2b40ff9c</td></tr>
<tr>
<td title='com.runner.TestCodeRed_RunnerClass.runScenario()'><b>runScenario</b><br>Test class: com.runner.TestCodeRed_RunnerClass<br>Test method: Runs Cucumber Scenarios<br>Parameters: "User uses the Advertisement Interests", "User Processing the Advertisement Interests in Marketplace feature available in Cyclos Payment Software Web Application"</td>
<td><div><pre>org.openqa.selenium.NoSuchElementException: no such element: Unable to locate element: {&quot;method&quot;:&quot;xpath&quot;,&quot;selector&quot;:&quot;//button[text()=&apos;New &apos;]&quot;}
  (Session info: MicrosoftEdge=119.0.2151.58)
For documentation on this error, please visit: https://www.selenium.dev/documentation/webdriver/troubleshooting/errors#no-such-element-exception
Build info: version: &apos;4.14.1&apos;, revision: &apos;03f8ede370&apos;
System info: os.name: &apos;Windows 10&apos;, os.arch: &apos;amd64&apos;, os.version: &apos;10.0&apos;, java.version: &apos;17.0.8.1&apos;
Driver info: org.openqa.selenium.edge.EdgeDriver
Command: [8fe25a9d62caa20f46dfcb81523306af, findElement {using=xpath, value=//button[text()=&apos;New &apos;]}]
Capabilities {acceptInsecureCerts: false, browserName: msedge, browserVersion: 119.0.2151.58, fedcm:accounts: true, ms:edgeOptions: {debuggerAddress: localhost:53974}, msedge: {msedgedriverVersion: 119.0.2151.72 (e8225cce8e47..., userDataDir: C:\Users\ALAKSH~1\AppData\L...}, networkConnectionEnabled: false, pageLoadStrategy: normal, platformName: windows, proxy: Proxy(), se:cdp: ws://localhost:53974/devtoo..., se:cdpVersion: 119.0.2151.58, setWindowRect: true, strictFileInteractability: false, timeouts: {implicit: 0, pageLoad: 300000, script: 30000}, unhandledPromptBehavior: dismiss and notify, webauthn:extension:credBlob: true, webauthn:extension:largeBlob: true, webauthn:extension:minPinLength: true, webauthn:extension:prf: true, webauthn:virtualAuthenticators: true}
Session ID: 8fe25a9d62caa20f46dfcb81523306af
	at java.base/jdk.internal.reflect.NativeConstructorAccessorImpl.newInstance0(Native Method)
	at java.base/jdk.internal.reflect.NativeConstructorAccessorImpl.newInstance(NativeConstructorAccessorImpl.java:77)
	at java.base/jdk.internal.reflect.DelegatingConstructorAccessorImpl.newInstance(DelegatingConstructorAccessorImpl.java:45)
	at java.base/java.lang.reflect.Constructor.newInstanceWithCaller(Constructor.java:499)
	at java.base/java.lang.reflect.Constructor.newInstance(Constructor.java:480)
	at org.openqa.selenium.remote.codec.w3c.W3CHttpResponseCodec.createException(W3CHttpResponseCodec.java:200)
	at org.openqa.selenium.remote.codec.w3c.W3CHttpResponseCodec.decode(W3CHttpResponseCodec.java:133)
	at org.openqa.selenium.remote.codec.w3c.W3CHttpResponseCodec.decode(W3CHttpResponseCodec.java:52)
	at org.openqa.selenium.remote.HttpCommandExecutor.execute(HttpCommandExecutor.java:191)
	at org.openqa.selenium.remote.service.DriverCommandExecutor.invokeExecute(DriverCommandExecutor.java:200)
	at org.openqa.selenium.remote.service.DriverCommandExecutor.execute(DriverCommandExecutor.java:175)
	at org.openqa.selenium.remote.RemoteWebDriver.execute(RemoteWebDriver.java:602)
	at org.openqa.selenium.remote.ElementLocation$ElementFinder$2.findElement(ElementLocation.java:165)
	at org.openqa.selenium.remote.ElementLocation.findElement(ElementLocation.java:59)
	at org.openqa.selenium.remote.RemoteWebDriver.findElement(RemoteWebDriver.java:359)
	at org.openqa.selenium.remote.RemoteWebDriver.findElement(RemoteWebDriver.java:353)
	at org.openqa.selenium.support.pagefactory.DefaultElementLocator.findElement(DefaultElementLocator.java:68)
	at org.openqa.selenium.support.pagefactory.internal.LocatingElementHandler.invoke(LocatingElementHandler.java:38)
	at jdk.proxy2/jdk.proxy2.$Proxy38.click(Unknown Source)
	at com.actions.InterestsAction.clickNew(InterestsAction.java:33)
	at com.stepdefinitions.InterestsDefinitions.user_clicks_new_interests(InterestsDefinitions.java:35)
	at ✽.User clicks New interests(file:///C:/Users/alakshmanan/eclipse-workspace/CodeRed/PilotProject_Cyclos_CodeRed/src/test/resources/Features/Interests.feature:17)
</pre></div><a href='#' onClick='toggleBox("stack-trace776315735", this, "Click to show all stack frames", "Click to hide stack frames")'>Click to show all stack frames</a>
<div class='stack-trace' id='stack-trace776315735'><pre>org.openqa.selenium.NoSuchElementException: no such element: Unable to locate element: {&quot;method&quot;:&quot;xpath&quot;,&quot;selector&quot;:&quot;//button[text()=&apos;New &apos;]&quot;}
  (Session info: MicrosoftEdge=119.0.2151.58)
For documentation on this error, please visit: https://www.selenium.dev/documentation/webdriver/troubleshooting/errors#no-such-element-exception
Build info: version: &apos;4.14.1&apos;, revision: &apos;03f8ede370&apos;
System info: os.name: &apos;Windows 10&apos;, os.arch: &apos;amd64&apos;, os.version: &apos;10.0&apos;, java.version: &apos;17.0.8.1&apos;
Driver info: org.openqa.selenium.edge.EdgeDriver
Command: [8fe25a9d62caa20f46dfcb81523306af, findElement {using=xpath, value=//button[text()=&apos;New &apos;]}]
Capabilities {acceptInsecureCerts: false, browserName: msedge, browserVersion: 119.0.2151.58, fedcm:accounts: true, ms:edgeOptions: {debuggerAddress: localhost:53974}, msedge: {msedgedriverVersion: 119.0.2151.72 (e8225cce8e47..., userDataDir: C:\Users\ALAKSH~1\AppData\L...}, networkConnectionEnabled: false, pageLoadStrategy: normal, platformName: windows, proxy: Proxy(), se:cdp: ws://localhost:53974/devtoo..., se:cdpVersion: 119.0.2151.58, setWindowRect: true, strictFileInteractability: false, timeouts: {implicit: 0, pageLoad: 300000, script: 30000}, unhandledPromptBehavior: dismiss and notify, webauthn:extension:credBlob: true, webauthn:extension:largeBlob: true, webauthn:extension:minPinLength: true, webauthn:extension:prf: true, webauthn:virtualAuthenticators: true}
Session ID: 8fe25a9d62caa20f46dfcb81523306af
	at java.base/jdk.internal.reflect.NativeConstructorAccessorImpl.newInstance0(Native Method)
	at java.base/jdk.internal.reflect.NativeConstructorAccessorImpl.newInstance(NativeConstructorAccessorImpl.java:77)
	at java.base/jdk.internal.reflect.DelegatingConstructorAccessorImpl.newInstance(DelegatingConstructorAccessorImpl.java:45)
	at java.base/java.lang.reflect.Constructor.newInstanceWithCaller(Constructor.java:499)
	at java.base/java.lang.reflect.Constructor.newInstance(Constructor.java:480)
	at org.openqa.selenium.remote.codec.w3c.W3CHttpResponseCodec.createException(W3CHttpResponseCodec.java:200)
	at org.openqa.selenium.remote.codec.w3c.W3CHttpResponseCodec.decode(W3CHttpResponseCodec.java:133)
	at org.openqa.selenium.remote.codec.w3c.W3CHttpResponseCodec.decode(W3CHttpResponseCodec.java:52)
	at org.openqa.selenium.remote.HttpCommandExecutor.execute(HttpCommandExecutor.java:191)
	at org.openqa.selenium.remote.service.DriverCommandExecutor.invokeExecute(DriverCommandExecutor.java:200)
	at org.openqa.selenium.remote.service.DriverCommandExecutor.execute(DriverCommandExecutor.java:175)
	at org.openqa.selenium.remote.RemoteWebDriver.execute(RemoteWebDriver.java:602)
	at org.openqa.selenium.remote.ElementLocation$ElementFinder$2.findElement(ElementLocation.java:165)
	at org.openqa.selenium.remote.ElementLocation.findElement(ElementLocation.java:59)
	at org.openqa.selenium.remote.RemoteWebDriver.findElement(RemoteWebDriver.java:359)
	at org.openqa.selenium.remote.RemoteWebDriver.findElement(RemoteWebDriver.java:353)
	at org.openqa.selenium.support.pagefactory.DefaultElementLocator.findElement(DefaultElementLocator.java:68)
	at org.openqa.selenium.support.pagefactory.internal.LocatingElementHandler.invoke(LocatingElementHandler.java:38)
	at jdk.proxy2/jdk.proxy2.$Proxy38.click(Unknown Source)
	at com.actions.InterestsAction.clickNew(InterestsAction.java:33)
	at com.stepdefinitions.InterestsDefinitions.user_clicks_new_interests(InterestsDefinitions.java:35)
	at ✽.User clicks New interests(file:///C:/Users/alakshmanan/eclipse-workspace/CodeRed/PilotProject_Cyclos_CodeRed/src/test/resources/Features/Interests.feature:17)
</pre></div></td>
<td>35</td>
<td>com.runner.TestCodeRed_RunnerClass@2b40ff9c</td></tr>
<tr>
<td title='com.runner.TestCodeRed_RunnerClass.runScenario()'><b>runScenario</b><br>Test class: com.runner.TestCodeRed_RunnerClass<br>Test method: Runs Cucumber Scenarios<br>Parameters: "Add Landline Number in Phone", "To Edit Phone Number in Demo Cyclos classic payment software Application and do functions"</td>
<td><div><pre>org.openqa.selenium.ElementNotInteractableException: element not interactable
  (Session info: MicrosoftEdge=119.0.2151.58)
Build info: version: &apos;4.14.1&apos;, revision: &apos;03f8ede370&apos;
System info: os.name: &apos;Windows 10&apos;, os.arch: &apos;amd64&apos;, os.version: &apos;10.0&apos;, java.version: &apos;17.0.8.1&apos;
Driver info: org.openqa.selenium.edge.EdgeDriver
Command: [c8dd2908b31a274ac7c53308da815d64, clickElement {id=6E1F35C849C2E8EA42E60D1461E8CFA9_element_36}]
Capabilities {acceptInsecureCerts: false, browserName: msedge, browserVersion: 119.0.2151.58, fedcm:accounts: true, ms:edgeOptions: {debuggerAddress: localhost:53810}, msedge: {msedgedriverVersion: 119.0.2151.72 (e8225cce8e47..., userDataDir: C:\Users\ALAKSH~1\AppData\L...}, networkConnectionEnabled: false, pageLoadStrategy: normal, platformName: windows, proxy: Proxy(), se:cdp: ws://localhost:53810/devtoo..., se:cdpVersion: 119.0.2151.58, setWindowRect: true, strictFileInteractability: false, timeouts: {implicit: 0, pageLoad: 300000, script: 30000}, unhandledPromptBehavior: dismiss and notify, webauthn:extension:credBlob: true, webauthn:extension:largeBlob: true, webauthn:extension:minPinLength: true, webauthn:extension:prf: true, webauthn:virtualAuthenticators: true}
Element: [[EdgeDriver: msedge on windows (c8dd2908b31a274ac7c53308da815d64)] -&gt; xpath: //div[text()=&apos;Phones&apos;]]
Session ID: c8dd2908b31a274ac7c53308da815d64
=======
<td>11</td>
<td>com.runner.TestCodeRed_RunnerClass@367ffa75</td></tr>
<tr>
<td title='com.runner.TestCodeRed_RunnerClass.runScenario()'><b>runScenario</b><br>Test class: com.runner.TestCodeRed_RunnerClass<br>Test method: Runs Cucumber Scenarios<br>Parameters: "Add Landline Number in Phone", "To Edit Phone Number in Demo Cyclos classic payment software Application and do functions"</td>
<td><div><pre>org.openqa.selenium.NoSuchElementException: no such element: Unable to locate element: {&quot;method&quot;:&quot;xpath&quot;,&quot;selector&quot;:&quot;//span[text()=&apos;Land line&apos;]&quot;}
  (Session info: chrome=114.0.5735.199)
For documentation on this error, please visit: https://www.selenium.dev/documentation/webdriver/troubleshooting/errors#no-such-element-exception
Build info: version: &apos;4.14.1&apos;, revision: &apos;03f8ede370&apos;
System info: os.name: &apos;Windows 10&apos;, os.arch: &apos;amd64&apos;, os.version: &apos;10.0&apos;, java.version: &apos;17.0.8&apos;
Driver info: org.openqa.selenium.chrome.ChromeDriver
Command: [029a0289cdc7da605384ec61d5b63132, findElement {using=xpath, value=//span[text()=&apos;Land line&apos;]}]
Capabilities {acceptInsecureCerts: false, browserName: chrome, browserVersion: 114.0.5735.199, chrome: {chromedriverVersion: 114.0.5735.90 (386bc09e8f4f..., userDataDir: C:\Users\LSETHU~1\AppData\L...}, goog:chromeOptions: {debuggerAddress: localhost:60273}, networkConnectionEnabled: false, pageLoadStrategy: normal, platformName: windows, proxy: Proxy(), se:cdp: ws://localhost:60273/devtoo..., se:cdpVersion: 114.0.5735.199, setWindowRect: true, strictFileInteractability: false, timeouts: {implicit: 0, pageLoad: 300000, script: 30000}, unhandledPromptBehavior: dismiss and notify, webauthn:extension:credBlob: true, webauthn:extension:largeBlob: true, webauthn:extension:minPinLength: true, webauthn:extension:prf: true, webauthn:virtualAuthenticators: true}
Session ID: 029a0289cdc7da605384ec61d5b63132
>>>>>>> e1b89dfce1145d8aaf16c43e166302f9b6bcfbe1
	at java.base/jdk.internal.reflect.NativeConstructorAccessorImpl.newInstance0(Native Method)
	at java.base/jdk.internal.reflect.NativeConstructorAccessorImpl.newInstance(NativeConstructorAccessorImpl.java:77)
	at java.base/jdk.internal.reflect.DelegatingConstructorAccessorImpl.newInstance(DelegatingConstructorAccessorImpl.java:45)
	at java.base/java.lang.reflect.Constructor.newInstanceWithCaller(Constructor.java:499)
	at java.base/java.lang.reflect.Constructor.newInstance(Constructor.java:480)
	at org.openqa.selenium.remote.codec.w3c.W3CHttpResponseCodec.createException(W3CHttpResponseCodec.java:200)
	at org.openqa.selenium.remote.codec.w3c.W3CHttpResponseCodec.decode(W3CHttpResponseCodec.java:133)
	at org.openqa.selenium.remote.codec.w3c.W3CHttpResponseCodec.decode(W3CHttpResponseCodec.java:52)
	at org.openqa.selenium.remote.HttpCommandExecutor.execute(HttpCommandExecutor.java:191)
	at org.openqa.selenium.remote.service.DriverCommandExecutor.invokeExecute(DriverCommandExecutor.java:200)
	at org.openqa.selenium.remote.service.DriverCommandExecutor.execute(DriverCommandExecutor.java:175)
	at org.openqa.selenium.remote.RemoteWebDriver.execute(RemoteWebDriver.java:602)
<<<<<<< HEAD
	at org.openqa.selenium.remote.RemoteWebElement.execute(RemoteWebElement.java:224)
	at org.openqa.selenium.remote.RemoteWebElement.click(RemoteWebElement.java:77)
	at jdk.internal.reflect.GeneratedMethodAccessor3.invoke(Unknown Source)
	at java.base/jdk.internal.reflect.DelegatingMethodAccessorImpl.invoke(DelegatingMethodAccessorImpl.java:43)
	at java.base/java.lang.reflect.Method.invoke(Method.java:568)
	at org.openqa.selenium.support.pagefactory.internal.LocatingElementHandler.invoke(LocatingElementHandler.java:51)
	at jdk.proxy2/jdk.proxy2.$Proxy38.click(Unknown Source)
	at com.actions.Login_Function_Actions.Phone2(Login_Function_Actions.java:103)
	at com.stepdefinitions.Login_Function_Stepdefinitions.user_click_the_phone_in_profile(Login_Function_Stepdefinitions.java:106)
	at ✽.User click the Phone in profile(file:///C:/Users/alakshmanan/eclipse-workspace/CodeRed/PilotProject_Cyclos_CodeRed/src/test/resources/Features/EditPhoneNumber.feature:25)
</pre></div><a href='#' onClick='toggleBox("stack-trace928508130", this, "Click to show all stack frames", "Click to hide stack frames")'>Click to show all stack frames</a>
<div class='stack-trace' id='stack-trace928508130'><pre>org.openqa.selenium.ElementNotInteractableException: element not interactable
  (Session info: MicrosoftEdge=119.0.2151.58)
Build info: version: &apos;4.14.1&apos;, revision: &apos;03f8ede370&apos;
System info: os.name: &apos;Windows 10&apos;, os.arch: &apos;amd64&apos;, os.version: &apos;10.0&apos;, java.version: &apos;17.0.8.1&apos;
Driver info: org.openqa.selenium.edge.EdgeDriver
Command: [c8dd2908b31a274ac7c53308da815d64, clickElement {id=6E1F35C849C2E8EA42E60D1461E8CFA9_element_36}]
Capabilities {acceptInsecureCerts: false, browserName: msedge, browserVersion: 119.0.2151.58, fedcm:accounts: true, ms:edgeOptions: {debuggerAddress: localhost:53810}, msedge: {msedgedriverVersion: 119.0.2151.72 (e8225cce8e47..., userDataDir: C:\Users\ALAKSH~1\AppData\L...}, networkConnectionEnabled: false, pageLoadStrategy: normal, platformName: windows, proxy: Proxy(), se:cdp: ws://localhost:53810/devtoo..., se:cdpVersion: 119.0.2151.58, setWindowRect: true, strictFileInteractability: false, timeouts: {implicit: 0, pageLoad: 300000, script: 30000}, unhandledPromptBehavior: dismiss and notify, webauthn:extension:credBlob: true, webauthn:extension:largeBlob: true, webauthn:extension:minPinLength: true, webauthn:extension:prf: true, webauthn:virtualAuthenticators: true}
Element: [[EdgeDriver: msedge on windows (c8dd2908b31a274ac7c53308da815d64)] -&gt; xpath: //div[text()=&apos;Phones&apos;]]
Session ID: c8dd2908b31a274ac7c53308da815d64
=======
	at org.openqa.selenium.remote.ElementLocation$ElementFinder$2.findElement(ElementLocation.java:165)
	at org.openqa.selenium.remote.ElementLocation.findElement(ElementLocation.java:59)
	at org.openqa.selenium.remote.RemoteWebDriver.findElement(RemoteWebDriver.java:359)
	at org.openqa.selenium.remote.RemoteWebDriver.findElement(RemoteWebDriver.java:353)
	at org.openqa.selenium.support.pagefactory.DefaultElementLocator.findElement(DefaultElementLocator.java:68)
	at org.openqa.selenium.support.pagefactory.internal.LocatingElementHandler.invoke(LocatingElementHandler.java:38)
	at jdk.proxy2/jdk.proxy2.$Proxy38.click(Unknown Source)
	at com.actions.Login_Function_Actions.SelectLandline(Login_Function_Actions.java:144)
	at com.stepdefinitions.Login_Function_Stepdefinitions.user_select_the_landline_number(Login_Function_Stepdefinitions.java:149)
	at ✽.User select the Landline number(file:///C:/Users/lsethuraj/eclipse-workspace/CodeRed/PilotProject_Cyclos_CodeRed/src/test/resources/Features/EditPhoneNumber.feature:27)
</pre></div><a href='#' onClick='toggleBox("stack-trace2030748640", this, "Click to show all stack frames", "Click to hide stack frames")'>Click to show all stack frames</a>
<div class='stack-trace' id='stack-trace2030748640'><pre>org.openqa.selenium.NoSuchElementException: no such element: Unable to locate element: {&quot;method&quot;:&quot;xpath&quot;,&quot;selector&quot;:&quot;//span[text()=&apos;Land line&apos;]&quot;}
  (Session info: chrome=114.0.5735.199)
For documentation on this error, please visit: https://www.selenium.dev/documentation/webdriver/troubleshooting/errors#no-such-element-exception
Build info: version: &apos;4.14.1&apos;, revision: &apos;03f8ede370&apos;
System info: os.name: &apos;Windows 10&apos;, os.arch: &apos;amd64&apos;, os.version: &apos;10.0&apos;, java.version: &apos;17.0.8&apos;
Driver info: org.openqa.selenium.chrome.ChromeDriver
Command: [029a0289cdc7da605384ec61d5b63132, findElement {using=xpath, value=//span[text()=&apos;Land line&apos;]}]
Capabilities {acceptInsecureCerts: false, browserName: chrome, browserVersion: 114.0.5735.199, chrome: {chromedriverVersion: 114.0.5735.90 (386bc09e8f4f..., userDataDir: C:\Users\LSETHU~1\AppData\L...}, goog:chromeOptions: {debuggerAddress: localhost:60273}, networkConnectionEnabled: false, pageLoadStrategy: normal, platformName: windows, proxy: Proxy(), se:cdp: ws://localhost:60273/devtoo..., se:cdpVersion: 114.0.5735.199, setWindowRect: true, strictFileInteractability: false, timeouts: {implicit: 0, pageLoad: 300000, script: 30000}, unhandledPromptBehavior: dismiss and notify, webauthn:extension:credBlob: true, webauthn:extension:largeBlob: true, webauthn:extension:minPinLength: true, webauthn:extension:prf: true, webauthn:virtualAuthenticators: true}
Session ID: 029a0289cdc7da605384ec61d5b63132
>>>>>>> e1b89dfce1145d8aaf16c43e166302f9b6bcfbe1
	at java.base/jdk.internal.reflect.NativeConstructorAccessorImpl.newInstance0(Native Method)
	at java.base/jdk.internal.reflect.NativeConstructorAccessorImpl.newInstance(NativeConstructorAccessorImpl.java:77)
	at java.base/jdk.internal.reflect.DelegatingConstructorAccessorImpl.newInstance(DelegatingConstructorAccessorImpl.java:45)
	at java.base/java.lang.reflect.Constructor.newInstanceWithCaller(Constructor.java:499)
	at java.base/java.lang.reflect.Constructor.newInstance(Constructor.java:480)
	at org.openqa.selenium.remote.codec.w3c.W3CHttpResponseCodec.createException(W3CHttpResponseCodec.java:200)
	at org.openqa.selenium.remote.codec.w3c.W3CHttpResponseCodec.decode(W3CHttpResponseCodec.java:133)
	at org.openqa.selenium.remote.codec.w3c.W3CHttpResponseCodec.decode(W3CHttpResponseCodec.java:52)
	at org.openqa.selenium.remote.HttpCommandExecutor.execute(HttpCommandExecutor.java:191)
	at org.openqa.selenium.remote.service.DriverCommandExecutor.invokeExecute(DriverCommandExecutor.java:200)
	at org.openqa.selenium.remote.service.DriverCommandExecutor.execute(DriverCommandExecutor.java:175)
	at org.openqa.selenium.remote.RemoteWebDriver.execute(RemoteWebDriver.java:602)
<<<<<<< HEAD
	at org.openqa.selenium.remote.RemoteWebElement.execute(RemoteWebElement.java:224)
	at org.openqa.selenium.remote.RemoteWebElement.click(RemoteWebElement.java:77)
	at jdk.internal.reflect.GeneratedMethodAccessor3.invoke(Unknown Source)
	at java.base/jdk.internal.reflect.DelegatingMethodAccessorImpl.invoke(DelegatingMethodAccessorImpl.java:43)
	at java.base/java.lang.reflect.Method.invoke(Method.java:568)
	at org.openqa.selenium.support.pagefactory.internal.LocatingElementHandler.invoke(LocatingElementHandler.java:51)
	at jdk.proxy2/jdk.proxy2.$Proxy38.click(Unknown Source)
	at com.actions.Login_Function_Actions.Phone2(Login_Function_Actions.java:103)
	at com.stepdefinitions.Login_Function_Stepdefinitions.user_click_the_phone_in_profile(Login_Function_Stepdefinitions.java:106)
	at ✽.User click the Phone in profile(file:///C:/Users/alakshmanan/eclipse-workspace/CodeRed/PilotProject_Cyclos_CodeRed/src/test/resources/Features/EditPhoneNumber.feature:25)
</pre></div></td>
<td>36</td>
<td>com.runner.TestCodeRed_RunnerClass@2b40ff9c</td></tr>
<tr>
<td title='com.runner.TestCodeRed_RunnerClass.runScenario()'><b>runScenario</b><br>Test class: com.runner.TestCodeRed_RunnerClass<br>Test method: Runs Cucumber Scenarios<br>Parameters: "The user send the message", "The user accessing the Message functionality"</td>
<td><div><pre>io.cucumber.core.exception.CucumberException: Failed to instantiate class com.stepdefinitions.messageStepDefanition
=======
	at org.openqa.selenium.remote.ElementLocation$ElementFinder$2.findElement(ElementLocation.java:165)
	at org.openqa.selenium.remote.ElementLocation.findElement(ElementLocation.java:59)
	at org.openqa.selenium.remote.RemoteWebDriver.findElement(RemoteWebDriver.java:359)
	at org.openqa.selenium.remote.RemoteWebDriver.findElement(RemoteWebDriver.java:353)
	at org.openqa.selenium.support.pagefactory.DefaultElementLocator.findElement(DefaultElementLocator.java:68)
	at org.openqa.selenium.support.pagefactory.internal.LocatingElementHandler.invoke(LocatingElementHandler.java:38)
	at jdk.proxy2/jdk.proxy2.$Proxy38.click(Unknown Source)
	at com.actions.Login_Function_Actions.SelectLandline(Login_Function_Actions.java:144)
	at com.stepdefinitions.Login_Function_Stepdefinitions.user_select_the_landline_number(Login_Function_Stepdefinitions.java:149)
	at ✽.User select the Landline number(file:///C:/Users/lsethuraj/eclipse-workspace/CodeRed/PilotProject_Cyclos_CodeRed/src/test/resources/Features/EditPhoneNumber.feature:27)
</pre></div></td>
<td>34</td>
<td>com.runner.TestCodeRed_RunnerClass@367ffa75</td></tr>
<tr>
<td title='com.runner.TestCodeRed_RunnerClass.runScenario()'><b>runScenario</b><br>Test class: com.runner.TestCodeRed_RunnerClass<br>Test method: Runs Cucumber Scenarios<br>Parameters: "User uses the Advertisement Interests", "User Processing the Advertisement Interests in Marketplace feature available in Cyclos Payment Software Web Application"</td>
<td><div><pre>io.cucumber.core.exception.CucumberException: Failed to instantiate class com.stepdefinitions.InterestsDefinitions
>>>>>>> e1b89dfce1145d8aaf16c43e166302f9b6bcfbe1
	at io.cucumber.core.backend.DefaultObjectFactory.cacheNewInstance(DefaultObjectFactory.java:67)
	at io.cucumber.core.backend.DefaultObjectFactory.getInstance(DefaultObjectFactory.java:45)
	at io.cucumber.java.AbstractGlueDefinition.invokeMethod(AbstractGlueDefinition.java:47)
	at io.cucumber.java.JavaStepDefinition.execute(JavaStepDefinition.java:29)
	at io.cucumber.core.runner.CoreStepDefinition.execute(CoreStepDefinition.java:66)
	at io.cucumber.core.runner.PickleStepDefinitionMatch.runStep(PickleStepDefinitionMatch.java:63)
	at io.cucumber.core.runner.ExecutionMode$1.execute(ExecutionMode.java:10)
	at io.cucumber.core.runner.TestStep.executeStep(TestStep.java:84)
	at io.cucumber.core.runner.TestStep.run(TestStep.java:56)
	at io.cucumber.core.runner.PickleStepTestStep.run(PickleStepTestStep.java:51)
	at io.cucumber.core.runner.TestCase.run(TestCase.java:84)
	at io.cucumber.core.runner.Runner.runPickle(Runner.java:75)
	at io.cucumber.testng.TestNGCucumberRunner.lambda$runScenario$1(TestNGCucumberRunner.java:132)
	at io.cucumber.core.runtime.CucumberExecutionContext.lambda$runTestCase$5(CucumberExecutionContext.java:137)
	at io.cucumber.core.runtime.RethrowingThrowableCollector.executeAndThrow(RethrowingThrowableCollector.java:23)
	at io.cucumber.core.runtime.CucumberExecutionContext.runTestCase(CucumberExecutionContext.java:137)
	at io.cucumber.testng.TestNGCucumberRunner.runScenario(TestNGCucumberRunner.java:129)
	at io.cucumber.testng.AbstractTestNGCucumberTests.runScenario(AbstractTestNGCucumberTests.java:35)
<<<<<<< HEAD
	at jdk.internal.reflect.GeneratedMethodAccessor6.invoke(Unknown Source)
=======
	at java.base/jdk.internal.reflect.NativeMethodAccessorImpl.invoke0(Native Method)
	at java.base/jdk.internal.reflect.NativeMethodAccessorImpl.invoke(NativeMethodAccessorImpl.java:77)
>>>>>>> e1b89dfce1145d8aaf16c43e166302f9b6bcfbe1
	at java.base/jdk.internal.reflect.DelegatingMethodAccessorImpl.invoke(DelegatingMethodAccessorImpl.java:43)
	at java.base/java.lang.reflect.Method.invoke(Method.java:568)
	at org.testng.internal.invokers.MethodInvocationHelper.invokeMethod(MethodInvocationHelper.java:139)
	at org.testng.internal.invokers.TestInvoker.invokeMethod(TestInvoker.java:664)
	at org.testng.internal.invokers.TestInvoker.invokeTestMethod(TestInvoker.java:227)
	at org.testng.internal.invokers.MethodRunner.runInSequence(MethodRunner.java:50)
	at org.testng.internal.invokers.TestInvoker$MethodInvocationAgent.invoke(TestInvoker.java:957)
	at org.testng.internal.invokers.TestInvoker.invokeTestMethods(TestInvoker.java:200)
	at org.testng.internal.invokers.TestMethodWorker.invokeTestMethods(TestMethodWorker.java:148)
	at org.testng.internal.invokers.TestMethodWorker.run(TestMethodWorker.java:128)
	at java.base/java.util.ArrayList.forEach(ArrayList.java:1511)
	at org.testng.TestRunner.privateRun(TestRunner.java:848)
	at org.testng.TestRunner.run(TestRunner.java:621)
	at org.testng.SuiteRunner.runTest(SuiteRunner.java:443)
	at org.testng.SuiteRunner.runSequentially(SuiteRunner.java:437)
	at org.testng.SuiteRunner.privateRun(SuiteRunner.java:397)
	at org.testng.SuiteRunner.run(SuiteRunner.java:336)
	at org.testng.SuiteRunnerWorker.runSuite(SuiteRunnerWorker.java:52)
	at org.testng.SuiteRunnerWorker.run(SuiteRunnerWorker.java:95)
	at org.testng.TestNG.runSuitesSequentially(TestNG.java:1280)
	at org.testng.TestNG.runSuitesLocally(TestNG.java:1200)
	at org.testng.TestNG.runSuites(TestNG.java:1114)
	at org.testng.TestNG.run(TestNG.java:1082)
	at org.testng.remote.AbstractRemoteTestNG.run(AbstractRemoteTestNG.java:115)
	at org.testng.remote.RemoteTestNG.initAndRun(RemoteTestNG.java:251)
	at org.testng.remote.RemoteTestNG.main(RemoteTestNG.java:77)
Caused by: java.lang.reflect.InvocationTargetException
	at java.base/jdk.internal.reflect.NativeConstructorAccessorImpl.newInstance0(Native Method)
	at java.base/jdk.internal.reflect.NativeConstructorAccessorImpl.newInstance(NativeConstructorAccessorImpl.java:77)
	at java.base/jdk.internal.reflect.DelegatingConstructorAccessorImpl.newInstance(DelegatingConstructorAccessorImpl.java:45)
	at java.base/java.lang.reflect.Constructor.newInstanceWithCaller(Constructor.java:499)
	at java.base/java.lang.reflect.Constructor.newInstance(Constructor.java:480)
	at io.cucumber.core.backend.DefaultObjectFactory.cacheNewInstance(DefaultObjectFactory.java:53)
<<<<<<< HEAD
	... 44 more
Caused by: java.lang.NullPointerException: inStream parameter is null
	at java.base/java.util.Objects.requireNonNull(Objects.java:235)
	at java.base/java.util.Properties.load(Properties.java:407)
	at com.utility.UtilityClassMessage.data(UtilityClassMessage.java:27)
	at com.utility.UtilityClassMessage.&lt;init&gt;(UtilityClassMessage.java:14)
	at com.stepdefinitions.messageStepDefanition.&lt;init&gt;(messageStepDefanition.java:20)
	... 50 more
</pre></div><a href='#' onClick='toggleBox("stack-trace419414024", this, "Click to show all stack frames", "Click to hide stack frames")'>Click to show all stack frames</a>
<div class='stack-trace' id='stack-trace419414024'><pre>io.cucumber.core.exception.CucumberException: Failed to instantiate class com.stepdefinitions.messageStepDefanition
=======
	... 45 more
Caused by: java.lang.NullPointerException: inStream parameter is null
	at java.base/java.util.Objects.requireNonNull(Objects.java:233)
	at java.base/java.util.Properties.load(Properties.java:407)
	at com.utility.UtilityClassInterests.data(UtilityClassInterests.java:27)
	at com.utility.UtilityClassInterests.&lt;init&gt;(UtilityClassInterests.java:13)
	at com.stepdefinitions.InterestsDefinitions.&lt;init&gt;(InterestsDefinitions.java:13)
	... 51 more
</pre></div><a href='#' onClick='toggleBox("stack-trace853972908", this, "Click to show all stack frames", "Click to hide stack frames")'>Click to show all stack frames</a>
<div class='stack-trace' id='stack-trace853972908'><pre>io.cucumber.core.exception.CucumberException: Failed to instantiate class com.stepdefinitions.InterestsDefinitions
>>>>>>> e1b89dfce1145d8aaf16c43e166302f9b6bcfbe1
	at io.cucumber.core.backend.DefaultObjectFactory.cacheNewInstance(DefaultObjectFactory.java:67)
	at io.cucumber.core.backend.DefaultObjectFactory.getInstance(DefaultObjectFactory.java:45)
	at io.cucumber.java.AbstractGlueDefinition.invokeMethod(AbstractGlueDefinition.java:47)
	at io.cucumber.java.JavaStepDefinition.execute(JavaStepDefinition.java:29)
	at io.cucumber.core.runner.CoreStepDefinition.execute(CoreStepDefinition.java:66)
	at io.cucumber.core.runner.PickleStepDefinitionMatch.runStep(PickleStepDefinitionMatch.java:63)
	at io.cucumber.core.runner.ExecutionMode$1.execute(ExecutionMode.java:10)
	at io.cucumber.core.runner.TestStep.executeStep(TestStep.java:84)
	at io.cucumber.core.runner.TestStep.run(TestStep.java:56)
	at io.cucumber.core.runner.PickleStepTestStep.run(PickleStepTestStep.java:51)
	at io.cucumber.core.runner.TestCase.run(TestCase.java:84)
	at io.cucumber.core.runner.Runner.runPickle(Runner.java:75)
	at io.cucumber.testng.TestNGCucumberRunner.lambda$runScenario$1(TestNGCucumberRunner.java:132)
	at io.cucumber.core.runtime.CucumberExecutionContext.lambda$runTestCase$5(CucumberExecutionContext.java:137)
	at io.cucumber.core.runtime.RethrowingThrowableCollector.executeAndThrow(RethrowingThrowableCollector.java:23)
	at io.cucumber.core.runtime.CucumberExecutionContext.runTestCase(CucumberExecutionContext.java:137)
	at io.cucumber.testng.TestNGCucumberRunner.runScenario(TestNGCucumberRunner.java:129)
	at io.cucumber.testng.AbstractTestNGCucumberTests.runScenario(AbstractTestNGCucumberTests.java:35)
<<<<<<< HEAD
	at jdk.internal.reflect.GeneratedMethodAccessor6.invoke(Unknown Source)
=======
	at java.base/jdk.internal.reflect.NativeMethodAccessorImpl.invoke0(Native Method)
	at java.base/jdk.internal.reflect.NativeMethodAccessorImpl.invoke(NativeMethodAccessorImpl.java:77)
>>>>>>> e1b89dfce1145d8aaf16c43e166302f9b6bcfbe1
	at java.base/jdk.internal.reflect.DelegatingMethodAccessorImpl.invoke(DelegatingMethodAccessorImpl.java:43)
	at java.base/java.lang.reflect.Method.invoke(Method.java:568)
	at org.testng.internal.invokers.MethodInvocationHelper.invokeMethod(MethodInvocationHelper.java:139)
	at org.testng.internal.invokers.TestInvoker.invokeMethod(TestInvoker.java:664)
	at org.testng.internal.invokers.TestInvoker.invokeTestMethod(TestInvoker.java:227)
	at org.testng.internal.invokers.MethodRunner.runInSequence(MethodRunner.java:50)
	at org.testng.internal.invokers.TestInvoker$MethodInvocationAgent.invoke(TestInvoker.java:957)
	at org.testng.internal.invokers.TestInvoker.invokeTestMethods(TestInvoker.java:200)
	at org.testng.internal.invokers.TestMethodWorker.invokeTestMethods(TestMethodWorker.java:148)
	at org.testng.internal.invokers.TestMethodWorker.run(TestMethodWorker.java:128)
	at java.base/java.util.ArrayList.forEach(ArrayList.java:1511)
	at org.testng.TestRunner.privateRun(TestRunner.java:848)
	at org.testng.TestRunner.run(TestRunner.java:621)
	at org.testng.SuiteRunner.runTest(SuiteRunner.java:443)
	at org.testng.SuiteRunner.runSequentially(SuiteRunner.java:437)
	at org.testng.SuiteRunner.privateRun(SuiteRunner.java:397)
	at org.testng.SuiteRunner.run(SuiteRunner.java:336)
	at org.testng.SuiteRunnerWorker.runSuite(SuiteRunnerWorker.java:52)
	at org.testng.SuiteRunnerWorker.run(SuiteRunnerWorker.java:95)
	at org.testng.TestNG.runSuitesSequentially(TestNG.java:1280)
	at org.testng.TestNG.runSuitesLocally(TestNG.java:1200)
	at org.testng.TestNG.runSuites(TestNG.java:1114)
	at org.testng.TestNG.run(TestNG.java:1082)
	at org.testng.remote.AbstractRemoteTestNG.run(AbstractRemoteTestNG.java:115)
	at org.testng.remote.RemoteTestNG.initAndRun(RemoteTestNG.java:251)
	at org.testng.remote.RemoteTestNG.main(RemoteTestNG.java:77)
Caused by: java.lang.reflect.InvocationTargetException
	at java.base/jdk.internal.reflect.NativeConstructorAccessorImpl.newInstance0(Native Method)
	at java.base/jdk.internal.reflect.NativeConstructorAccessorImpl.newInstance(NativeConstructorAccessorImpl.java:77)
	at java.base/jdk.internal.reflect.DelegatingConstructorAccessorImpl.newInstance(DelegatingConstructorAccessorImpl.java:45)
	at java.base/java.lang.reflect.Constructor.newInstanceWithCaller(Constructor.java:499)
	at java.base/java.lang.reflect.Constructor.newInstance(Constructor.java:480)
	at io.cucumber.core.backend.DefaultObjectFactory.cacheNewInstance(DefaultObjectFactory.java:53)
<<<<<<< HEAD
	... 44 more
Caused by: java.lang.NullPointerException: inStream parameter is null
	at java.base/java.util.Objects.requireNonNull(Objects.java:235)
	at java.base/java.util.Properties.load(Properties.java:407)
	at com.utility.UtilityClassMessage.data(UtilityClassMessage.java:27)
	at com.utility.UtilityClassMessage.&lt;init&gt;(UtilityClassMessage.java:14)
	at com.stepdefinitions.messageStepDefanition.&lt;init&gt;(messageStepDefanition.java:20)
	... 50 more
</pre></div></td>
<td>4</td>
<td>com.runner.TestCodeRed_RunnerClass@2b40ff9c</td></tr>
<tr>
<td title='com.runner.TestCodeRed_RunnerClass.runScenario()'><b>runScenario</b><br>Test class: com.runner.TestCodeRed_RunnerClass<br>Test method: Runs Cucumber Scenarios<br>Parameters: "To Manage My Contact", "To add existing in Mycontact"</td>
<td><div><pre>org.openqa.selenium.TimeoutException: Expected condition failed: waiting for visibility of Proxy element for: DefaultElementLocator &apos;By.xpath: //button[@class=&apos;actionButton&apos; and contains(text(),&apos;Add&apos;)]&apos; (tried for 20 second(s) with 500 milliseconds interval)
	at org.openqa.selenium.support.ui.WebDriverWait.timeoutException(WebDriverWait.java:84)
	at org.openqa.selenium.support.ui.FluentWait.until(FluentWait.java:230)
	at com.actions.Login_Function_Actions.AddOption(Login_Function_Actions.java:230)
	at com.stepdefinitions.Login_Function_Stepdefinitions.user_click_add_option(Login_Function_Stepdefinitions.java:230)
	at ✽.User Click Add option(file:///C:/Users/alakshmanan/eclipse-workspace/CodeRed/PilotProject_Cyclos_CodeRed/src/test/resources/Features/Mycontact.feature:10)
Caused by: org.openqa.selenium.NoSuchElementException: no such element: Unable to locate element: {&quot;method&quot;:&quot;xpath&quot;,&quot;selector&quot;:&quot;//button[@class=&apos;actionButton&apos; and contains(text(),&apos;Add&apos;)]&quot;}
  (Session info: MicrosoftEdge=119.0.2151.58)
For documentation on this error, please visit: https://www.selenium.dev/documentation/webdriver/troubleshooting/errors#no-such-element-exception
Build info: version: &apos;4.14.1&apos;, revision: &apos;03f8ede370&apos;
System info: os.name: &apos;Windows 10&apos;, os.arch: &apos;amd64&apos;, os.version: &apos;10.0&apos;, java.version: &apos;17.0.8.1&apos;
Driver info: org.openqa.selenium.edge.EdgeDriver
Command: [67086cd80f6b689a528b300a9176e1dd, findElement {using=xpath, value=//button[@class=&apos;actionButton&apos; and contains(text(),&apos;Add&apos;)]}]
Capabilities {acceptInsecureCerts: false, browserName: msedge, browserVersion: 119.0.2151.58, fedcm:accounts: true, ms:edgeOptions: {debuggerAddress: localhost:54496}, msedge: {msedgedriverVersion: 119.0.2151.72 (e8225cce8e47..., userDataDir: C:\Users\ALAKSH~1\AppData\L...}, networkConnectionEnabled: false, pageLoadStrategy: normal, platformName: windows, proxy: Proxy(), se:cdp: ws://localhost:54496/devtoo..., se:cdpVersion: 119.0.2151.58, setWindowRect: true, strictFileInteractability: false, timeouts: {implicit: 0, pageLoad: 300000, script: 30000}, unhandledPromptBehavior: dismiss and notify, webauthn:extension:credBlob: true, webauthn:extension:largeBlob: true, webauthn:extension:minPinLength: true, webauthn:extension:prf: true, webauthn:virtualAuthenticators: true}
Session ID: 67086cd80f6b689a528b300a9176e1dd
	at java.base/jdk.internal.reflect.NativeConstructorAccessorImpl.newInstance0(Native Method)
	at java.base/jdk.internal.reflect.NativeConstructorAccessorImpl.newInstance(NativeConstructorAccessorImpl.java:77)
	at java.base/jdk.internal.reflect.DelegatingConstructorAccessorImpl.newInstance(DelegatingConstructorAccessorImpl.java:45)
	at java.base/java.lang.reflect.Constructor.newInstanceWithCaller(Constructor.java:499)
	at java.base/java.lang.reflect.Constructor.newInstance(Constructor.java:480)
	at org.openqa.selenium.remote.codec.w3c.W3CHttpResponseCodec.createException(W3CHttpResponseCodec.java:200)
	at org.openqa.selenium.remote.codec.w3c.W3CHttpResponseCodec.decode(W3CHttpResponseCodec.java:133)
	at org.openqa.selenium.remote.codec.w3c.W3CHttpResponseCodec.decode(W3CHttpResponseCodec.java:52)
	at org.openqa.selenium.remote.HttpCommandExecutor.execute(HttpCommandExecutor.java:191)
	at org.openqa.selenium.remote.service.DriverCommandExecutor.invokeExecute(DriverCommandExecutor.java:200)
	at org.openqa.selenium.remote.service.DriverCommandExecutor.execute(DriverCommandExecutor.java:175)
	at org.openqa.selenium.remote.RemoteWebDriver.execute(RemoteWebDriver.java:602)
	at org.openqa.selenium.remote.ElementLocation$ElementFinder$2.findElement(ElementLocation.java:165)
	at org.openqa.selenium.remote.ElementLocation.findElement(ElementLocation.java:59)
	at org.openqa.selenium.remote.RemoteWebDriver.findElement(RemoteWebDriver.java:359)
	at org.openqa.selenium.remote.RemoteWebDriver.findElement(RemoteWebDriver.java:353)
	at org.openqa.selenium.support.pagefactory.DefaultElementLocator.findElement(DefaultElementLocator.java:68)
	at org.openqa.selenium.support.pagefactory.internal.LocatingElementHandler.invoke(LocatingElementHandler.java:38)
	at jdk.proxy2/jdk.proxy2.$Proxy38.isDisplayed(Unknown Source)
	at org.openqa.selenium.support.ui.ExpectedConditions.elementIfVisible(ExpectedConditions.java:304)
	at org.openqa.selenium.support.ui.ExpectedConditions$10.apply(ExpectedConditions.java:290)
	at org.openqa.selenium.support.ui.ExpectedConditions$10.apply(ExpectedConditions.java:287)
	at org.openqa.selenium.support.ui.FluentWait.until(FluentWait.java:205)
	at com.actions.Login_Function_Actions.AddOption(Login_Function_Actions.java:230)
	at com.stepdefinitions.Login_Function_Stepdefinitions.user_click_add_option(Login_Function_Stepdefinitions.java:230)
	at java.base/jdk.internal.reflect.NativeMethodAccessorImpl.invoke0(Native Method)
	at java.base/jdk.internal.reflect.NativeMethodAccessorImpl.invoke(NativeMethodAccessorImpl.java:77)
	at java.base/jdk.internal.reflect.DelegatingMethodAccessorImpl.invoke(DelegatingMethodAccessorImpl.java:43)
	at java.base/java.lang.reflect.Method.invoke(Method.java:568)
	at io.cucumber.java.Invoker.doInvoke(Invoker.java:66)
	at io.cucumber.java.Invoker.invoke(Invoker.java:24)
	at io.cucumber.java.AbstractGlueDefinition.invokeMethod(AbstractGlueDefinition.java:47)
	at io.cucumber.java.JavaStepDefinition.execute(JavaStepDefinition.java:29)
	at io.cucumber.core.runner.CoreStepDefinition.execute(CoreStepDefinition.java:66)
	at io.cucumber.core.runner.PickleStepDefinitionMatch.runStep(PickleStepDefinitionMatch.java:63)
	at io.cucumber.core.runner.ExecutionMode$1.execute(ExecutionMode.java:10)
	at io.cucumber.core.runner.TestStep.executeStep(TestStep.java:84)
	at io.cucumber.core.runner.TestStep.run(TestStep.java:56)
	at io.cucumber.core.runner.PickleStepTestStep.run(PickleStepTestStep.java:51)
	at io.cucumber.core.runner.TestCase.run(TestCase.java:84)
	at io.cucumber.core.runner.Runner.runPickle(Runner.java:75)
	at io.cucumber.testng.TestNGCucumberRunner.lambda$runScenario$1(TestNGCucumberRunner.java:132)
	at io.cucumber.core.runtime.CucumberExecutionContext.lambda$runTestCase$5(CucumberExecutionContext.java:137)
	at io.cucumber.core.runtime.RethrowingThrowableCollector.executeAndThrow(RethrowingThrowableCollector.java:23)
	at io.cucumber.core.runtime.CucumberExecutionContext.runTestCase(CucumberExecutionContext.java:137)
	at io.cucumber.testng.TestNGCucumberRunner.runScenario(TestNGCucumberRunner.java:129)
	at io.cucumber.testng.AbstractTestNGCucumberTests.runScenario(AbstractTestNGCucumberTests.java:35)
	at jdk.internal.reflect.GeneratedMethodAccessor6.invoke(Unknown Source)
	at java.base/jdk.internal.reflect.DelegatingMethodAccessorImpl.invoke(DelegatingMethodAccessorImpl.java:43)
	at java.base/java.lang.reflect.Method.invoke(Method.java:568)
	at org.testng.internal.invokers.MethodInvocationHelper.invokeMethod(MethodInvocationHelper.java:139)
	at org.testng.internal.invokers.TestInvoker.invokeMethod(TestInvoker.java:664)
	at org.testng.internal.invokers.TestInvoker.invokeTestMethod(TestInvoker.java:227)
	at org.testng.internal.invokers.MethodRunner.runInSequence(MethodRunner.java:50)
	at org.testng.internal.invokers.TestInvoker$MethodInvocationAgent.invoke(TestInvoker.java:957)
	at org.testng.internal.invokers.TestInvoker.invokeTestMethods(TestInvoker.java:200)
	at org.testng.internal.invokers.TestMethodWorker.invokeTestMethods(TestMethodWorker.java:148)
	at org.testng.internal.invokers.TestMethodWorker.run(TestMethodWorker.java:128)
	at java.base/java.util.ArrayList.forEach(ArrayList.java:1511)
	at org.testng.TestRunner.privateRun(TestRunner.java:848)
	at org.testng.TestRunner.run(TestRunner.java:621)
	at org.testng.SuiteRunner.runTest(SuiteRunner.java:443)
	at org.testng.SuiteRunner.runSequentially(SuiteRunner.java:437)
	at org.testng.SuiteRunner.privateRun(SuiteRunner.java:397)
	at org.testng.SuiteRunner.run(SuiteRunner.java:336)
	at org.testng.SuiteRunnerWorker.runSuite(SuiteRunnerWorker.java:52)
	at org.testng.SuiteRunnerWorker.run(SuiteRunnerWorker.java:95)
	at org.testng.TestNG.runSuitesSequentially(TestNG.java:1280)
	at org.testng.TestNG.runSuitesLocally(TestNG.java:1200)
	at org.testng.TestNG.runSuites(TestNG.java:1114)
	at org.testng.TestNG.run(TestNG.java:1082)
	at org.testng.remote.AbstractRemoteTestNG.run(AbstractRemoteTestNG.java:115)
	at org.testng.remote.RemoteTestNG.initAndRun(RemoteTestNG.java:251)
	at org.testng.remote.RemoteTestNG.main(RemoteTestNG.java:77)
</pre></div><a href='#' onClick='toggleBox("stack-trace1192166967", this, "Click to show all stack frames", "Click to hide stack frames")'>Click to show all stack frames</a>
<div class='stack-trace' id='stack-trace1192166967'><pre>org.openqa.selenium.TimeoutException: Expected condition failed: waiting for visibility of Proxy element for: DefaultElementLocator &apos;By.xpath: //button[@class=&apos;actionButton&apos; and contains(text(),&apos;Add&apos;)]&apos; (tried for 20 second(s) with 500 milliseconds interval)
	at org.openqa.selenium.support.ui.WebDriverWait.timeoutException(WebDriverWait.java:84)
	at org.openqa.selenium.support.ui.FluentWait.until(FluentWait.java:230)
	at com.actions.Login_Function_Actions.AddOption(Login_Function_Actions.java:230)
	at com.stepdefinitions.Login_Function_Stepdefinitions.user_click_add_option(Login_Function_Stepdefinitions.java:230)
	at ✽.User Click Add option(file:///C:/Users/alakshmanan/eclipse-workspace/CodeRed/PilotProject_Cyclos_CodeRed/src/test/resources/Features/Mycontact.feature:10)
Caused by: org.openqa.selenium.NoSuchElementException: no such element: Unable to locate element: {&quot;method&quot;:&quot;xpath&quot;,&quot;selector&quot;:&quot;//button[@class=&apos;actionButton&apos; and contains(text(),&apos;Add&apos;)]&quot;}
  (Session info: MicrosoftEdge=119.0.2151.58)
For documentation on this error, please visit: https://www.selenium.dev/documentation/webdriver/troubleshooting/errors#no-such-element-exception
Build info: version: &apos;4.14.1&apos;, revision: &apos;03f8ede370&apos;
System info: os.name: &apos;Windows 10&apos;, os.arch: &apos;amd64&apos;, os.version: &apos;10.0&apos;, java.version: &apos;17.0.8.1&apos;
Driver info: org.openqa.selenium.edge.EdgeDriver
Command: [67086cd80f6b689a528b300a9176e1dd, findElement {using=xpath, value=//button[@class=&apos;actionButton&apos; and contains(text(),&apos;Add&apos;)]}]
Capabilities {acceptInsecureCerts: false, browserName: msedge, browserVersion: 119.0.2151.58, fedcm:accounts: true, ms:edgeOptions: {debuggerAddress: localhost:54496}, msedge: {msedgedriverVersion: 119.0.2151.72 (e8225cce8e47..., userDataDir: C:\Users\ALAKSH~1\AppData\L...}, networkConnectionEnabled: false, pageLoadStrategy: normal, platformName: windows, proxy: Proxy(), se:cdp: ws://localhost:54496/devtoo..., se:cdpVersion: 119.0.2151.58, setWindowRect: true, strictFileInteractability: false, timeouts: {implicit: 0, pageLoad: 300000, script: 30000}, unhandledPromptBehavior: dismiss and notify, webauthn:extension:credBlob: true, webauthn:extension:largeBlob: true, webauthn:extension:minPinLength: true, webauthn:extension:prf: true, webauthn:virtualAuthenticators: true}
Session ID: 67086cd80f6b689a528b300a9176e1dd
	at java.base/jdk.internal.reflect.NativeConstructorAccessorImpl.newInstance0(Native Method)
	at java.base/jdk.internal.reflect.NativeConstructorAccessorImpl.newInstance(NativeConstructorAccessorImpl.java:77)
	at java.base/jdk.internal.reflect.DelegatingConstructorAccessorImpl.newInstance(DelegatingConstructorAccessorImpl.java:45)
	at java.base/java.lang.reflect.Constructor.newInstanceWithCaller(Constructor.java:499)
	at java.base/java.lang.reflect.Constructor.newInstance(Constructor.java:480)
	at org.openqa.selenium.remote.codec.w3c.W3CHttpResponseCodec.createException(W3CHttpResponseCodec.java:200)
	at org.openqa.selenium.remote.codec.w3c.W3CHttpResponseCodec.decode(W3CHttpResponseCodec.java:133)
	at org.openqa.selenium.remote.codec.w3c.W3CHttpResponseCodec.decode(W3CHttpResponseCodec.java:52)
	at org.openqa.selenium.remote.HttpCommandExecutor.execute(HttpCommandExecutor.java:191)
	at org.openqa.selenium.remote.service.DriverCommandExecutor.invokeExecute(DriverCommandExecutor.java:200)
	at org.openqa.selenium.remote.service.DriverCommandExecutor.execute(DriverCommandExecutor.java:175)
	at org.openqa.selenium.remote.RemoteWebDriver.execute(RemoteWebDriver.java:602)
	at org.openqa.selenium.remote.ElementLocation$ElementFinder$2.findElement(ElementLocation.java:165)
	at org.openqa.selenium.remote.ElementLocation.findElement(ElementLocation.java:59)
	at org.openqa.selenium.remote.RemoteWebDriver.findElement(RemoteWebDriver.java:359)
	at org.openqa.selenium.remote.RemoteWebDriver.findElement(RemoteWebDriver.java:353)
	at org.openqa.selenium.support.pagefactory.DefaultElementLocator.findElement(DefaultElementLocator.java:68)
	at org.openqa.selenium.support.pagefactory.internal.LocatingElementHandler.invoke(LocatingElementHandler.java:38)
	at jdk.proxy2/jdk.proxy2.$Proxy38.isDisplayed(Unknown Source)
	at org.openqa.selenium.support.ui.ExpectedConditions.elementIfVisible(ExpectedConditions.java:304)
	at org.openqa.selenium.support.ui.ExpectedConditions$10.apply(ExpectedConditions.java:290)
	at org.openqa.selenium.support.ui.ExpectedConditions$10.apply(ExpectedConditions.java:287)
	at org.openqa.selenium.support.ui.FluentWait.until(FluentWait.java:205)
	at com.actions.Login_Function_Actions.AddOption(Login_Function_Actions.java:230)
	at com.stepdefinitions.Login_Function_Stepdefinitions.user_click_add_option(Login_Function_Stepdefinitions.java:230)
	at java.base/jdk.internal.reflect.NativeMethodAccessorImpl.invoke0(Native Method)
	at java.base/jdk.internal.reflect.NativeMethodAccessorImpl.invoke(NativeMethodAccessorImpl.java:77)
	at java.base/jdk.internal.reflect.DelegatingMethodAccessorImpl.invoke(DelegatingMethodAccessorImpl.java:43)
	at java.base/java.lang.reflect.Method.invoke(Method.java:568)
	at io.cucumber.java.Invoker.doInvoke(Invoker.java:66)
	at io.cucumber.java.Invoker.invoke(Invoker.java:24)
	at io.cucumber.java.AbstractGlueDefinition.invokeMethod(AbstractGlueDefinition.java:47)
	at io.cucumber.java.JavaStepDefinition.execute(JavaStepDefinition.java:29)
	at io.cucumber.core.runner.CoreStepDefinition.execute(CoreStepDefinition.java:66)
	at io.cucumber.core.runner.PickleStepDefinitionMatch.runStep(PickleStepDefinitionMatch.java:63)
	at io.cucumber.core.runner.ExecutionMode$1.execute(ExecutionMode.java:10)
	at io.cucumber.core.runner.TestStep.executeStep(TestStep.java:84)
	at io.cucumber.core.runner.TestStep.run(TestStep.java:56)
	at io.cucumber.core.runner.PickleStepTestStep.run(PickleStepTestStep.java:51)
	at io.cucumber.core.runner.TestCase.run(TestCase.java:84)
	at io.cucumber.core.runner.Runner.runPickle(Runner.java:75)
	at io.cucumber.testng.TestNGCucumberRunner.lambda$runScenario$1(TestNGCucumberRunner.java:132)
	at io.cucumber.core.runtime.CucumberExecutionContext.lambda$runTestCase$5(CucumberExecutionContext.java:137)
	at io.cucumber.core.runtime.RethrowingThrowableCollector.executeAndThrow(RethrowingThrowableCollector.java:23)
	at io.cucumber.core.runtime.CucumberExecutionContext.runTestCase(CucumberExecutionContext.java:137)
	at io.cucumber.testng.TestNGCucumberRunner.runScenario(TestNGCucumberRunner.java:129)
	at io.cucumber.testng.AbstractTestNGCucumberTests.runScenario(AbstractTestNGCucumberTests.java:35)
	at jdk.internal.reflect.GeneratedMethodAccessor6.invoke(Unknown Source)
	at java.base/jdk.internal.reflect.DelegatingMethodAccessorImpl.invoke(DelegatingMethodAccessorImpl.java:43)
	at java.base/java.lang.reflect.Method.invoke(Method.java:568)
	at org.testng.internal.invokers.MethodInvocationHelper.invokeMethod(MethodInvocationHelper.java:139)
	at org.testng.internal.invokers.TestInvoker.invokeMethod(TestInvoker.java:664)
	at org.testng.internal.invokers.TestInvoker.invokeTestMethod(TestInvoker.java:227)
	at org.testng.internal.invokers.MethodRunner.runInSequence(MethodRunner.java:50)
	at org.testng.internal.invokers.TestInvoker$MethodInvocationAgent.invoke(TestInvoker.java:957)
	at org.testng.internal.invokers.TestInvoker.invokeTestMethods(TestInvoker.java:200)
	at org.testng.internal.invokers.TestMethodWorker.invokeTestMethods(TestMethodWorker.java:148)
	at org.testng.internal.invokers.TestMethodWorker.run(TestMethodWorker.java:128)
	at java.base/java.util.ArrayList.forEach(ArrayList.java:1511)
	at org.testng.TestRunner.privateRun(TestRunner.java:848)
	at org.testng.TestRunner.run(TestRunner.java:621)
	at org.testng.SuiteRunner.runTest(SuiteRunner.java:443)
	at org.testng.SuiteRunner.runSequentially(SuiteRunner.java:437)
	at org.testng.SuiteRunner.privateRun(SuiteRunner.java:397)
	at org.testng.SuiteRunner.run(SuiteRunner.java:336)
	at org.testng.SuiteRunnerWorker.runSuite(SuiteRunnerWorker.java:52)
	at org.testng.SuiteRunnerWorker.run(SuiteRunnerWorker.java:95)
	at org.testng.TestNG.runSuitesSequentially(TestNG.java:1280)
	at org.testng.TestNG.runSuitesLocally(TestNG.java:1200)
	at org.testng.TestNG.runSuites(TestNG.java:1114)
	at org.testng.TestNG.run(TestNG.java:1082)
	at org.testng.remote.AbstractRemoteTestNG.run(AbstractRemoteTestNG.java:115)
	at org.testng.remote.RemoteTestNG.initAndRun(RemoteTestNG.java:251)
	at org.testng.remote.RemoteTestNG.main(RemoteTestNG.java:77)
</pre></div></td>
<td>55</td>
<td>com.runner.TestCodeRed_RunnerClass@2b40ff9c</td></tr>
<tr>
<td title='com.runner.TestCodeRed_RunnerClass.runScenario()'><b>runScenario</b><br>Test class: com.runner.TestCodeRed_RunnerClass<br>Test method: Runs Cucumber Scenarios<br>Parameters: "View Account summary by adding payment filter as Member Payments", "Account Information"</td>
<td><div><pre>java.lang.NullPointerException: Cannot invoke &quot;org.openqa.selenium.JavascriptExecutor.executeScript(String, Object[])&quot; because &quot;com.utility.HelperClass.javascriptExe&quot; is null
	at com.stepdefinitions.AccountInformatioStepDefinition.user_get_the_payment_details_based_on_member_filter(AccountInformatioStepDefinition.java:110)
	at ✽.User get the payment details based on Member filter(file:///C:/Users/alakshmanan/eclipse-workspace/CodeRed/PilotProject_Cyclos_CodeRed/src/test/resources/Features/AccountInformation.feature:28)
</pre></div><a href='#' onClick='toggleBox("stack-trace2126392903", this, "Click to show all stack frames", "Click to hide stack frames")'>Click to show all stack frames</a>
<div class='stack-trace' id='stack-trace2126392903'><pre>java.lang.NullPointerException: Cannot invoke &quot;org.openqa.selenium.JavascriptExecutor.executeScript(String, Object[])&quot; because &quot;com.utility.HelperClass.javascriptExe&quot; is null
	at com.stepdefinitions.AccountInformatioStepDefinition.user_get_the_payment_details_based_on_member_filter(AccountInformatioStepDefinition.java:110)
	at ✽.User get the payment details based on Member filter(file:///C:/Users/alakshmanan/eclipse-workspace/CodeRed/PilotProject_Cyclos_CodeRed/src/test/resources/Features/AccountInformation.feature:28)
</pre></div></td>
<td>20</td>
<td>com.runner.TestCodeRed_RunnerClass@2b40ff9c</td></tr>
=======
	... 45 more
Caused by: java.lang.NullPointerException: inStream parameter is null
	at java.base/java.util.Objects.requireNonNull(Objects.java:233)
	at java.base/java.util.Properties.load(Properties.java:407)
	at com.utility.UtilityClassInterests.data(UtilityClassInterests.java:27)
	at com.utility.UtilityClassInterests.&lt;init&gt;(UtilityClassInterests.java:13)
	at com.stepdefinitions.InterestsDefinitions.&lt;init&gt;(InterestsDefinitions.java:13)
	... 51 more
</pre></div></td>
<td>10</td>
<td>com.runner.TestCodeRed_RunnerClass@367ffa75</td></tr>
>>>>>>> e1b89dfce1145d8aaf16c43e166302f9b6bcfbe1
<tr>
<td title='com.runner.TestCodeRed_RunnerClass.runScenario()'><b>runScenario</b><br>Test class: com.runner.TestCodeRed_RunnerClass<br>Test method: Runs Cucumber Scenarios<br>Parameters: "Buying and print vouchers", "User Buy and print voucher"</td>
<td><div><pre>io.cucumber.core.exception.CucumberException: Failed to instantiate class com.stepdefinitions.VoucherStepdefinition
	at io.cucumber.core.backend.DefaultObjectFactory.cacheNewInstance(DefaultObjectFactory.java:67)
	at io.cucumber.core.backend.DefaultObjectFactory.getInstance(DefaultObjectFactory.java:45)
	at io.cucumber.java.AbstractGlueDefinition.invokeMethod(AbstractGlueDefinition.java:47)
	at io.cucumber.java.JavaStepDefinition.execute(JavaStepDefinition.java:29)
	at io.cucumber.core.runner.CoreStepDefinition.execute(CoreStepDefinition.java:66)
	at io.cucumber.core.runner.PickleStepDefinitionMatch.runStep(PickleStepDefinitionMatch.java:63)
	at io.cucumber.core.runner.ExecutionMode$1.execute(ExecutionMode.java:10)
	at io.cucumber.core.runner.TestStep.executeStep(TestStep.java:84)
	at io.cucumber.core.runner.TestStep.run(TestStep.java:56)
	at io.cucumber.core.runner.PickleStepTestStep.run(PickleStepTestStep.java:51)
	at io.cucumber.core.runner.TestCase.run(TestCase.java:84)
	at io.cucumber.core.runner.Runner.runPickle(Runner.java:75)
	at io.cucumber.testng.TestNGCucumberRunner.lambda$runScenario$1(TestNGCucumberRunner.java:132)
	at io.cucumber.core.runtime.CucumberExecutionContext.lambda$runTestCase$5(CucumberExecutionContext.java:137)
	at io.cucumber.core.runtime.RethrowingThrowableCollector.executeAndThrow(RethrowingThrowableCollector.java:23)
	at io.cucumber.core.runtime.CucumberExecutionContext.runTestCase(CucumberExecutionContext.java:137)
	at io.cucumber.testng.TestNGCucumberRunner.runScenario(TestNGCucumberRunner.java:129)
	at io.cucumber.testng.AbstractTestNGCucumberTests.runScenario(AbstractTestNGCucumberTests.java:35)
	at jdk.internal.reflect.GeneratedMethodAccessor6.invoke(Unknown Source)
	at java.base/jdk.internal.reflect.DelegatingMethodAccessorImpl.invoke(DelegatingMethodAccessorImpl.java:43)
	at java.base/java.lang.reflect.Method.invoke(Method.java:568)
	at org.testng.internal.invokers.MethodInvocationHelper.invokeMethod(MethodInvocationHelper.java:139)
	at org.testng.internal.invokers.TestInvoker.invokeMethod(TestInvoker.java:664)
	at org.testng.internal.invokers.TestInvoker.invokeTestMethod(TestInvoker.java:227)
	at org.testng.internal.invokers.MethodRunner.runInSequence(MethodRunner.java:50)
	at org.testng.internal.invokers.TestInvoker$MethodInvocationAgent.invoke(TestInvoker.java:957)
	at org.testng.internal.invokers.TestInvoker.invokeTestMethods(TestInvoker.java:200)
	at org.testng.internal.invokers.TestMethodWorker.invokeTestMethods(TestMethodWorker.java:148)
	at org.testng.internal.invokers.TestMethodWorker.run(TestMethodWorker.java:128)
	at java.base/java.util.ArrayList.forEach(ArrayList.java:1511)
	at org.testng.TestRunner.privateRun(TestRunner.java:848)
	at org.testng.TestRunner.run(TestRunner.java:621)
	at org.testng.SuiteRunner.runTest(SuiteRunner.java:443)
	at org.testng.SuiteRunner.runSequentially(SuiteRunner.java:437)
	at org.testng.SuiteRunner.privateRun(SuiteRunner.java:397)
	at org.testng.SuiteRunner.run(SuiteRunner.java:336)
	at org.testng.SuiteRunnerWorker.runSuite(SuiteRunnerWorker.java:52)
	at org.testng.SuiteRunnerWorker.run(SuiteRunnerWorker.java:95)
	at org.testng.TestNG.runSuitesSequentially(TestNG.java:1280)
	at org.testng.TestNG.runSuitesLocally(TestNG.java:1200)
	at org.testng.TestNG.runSuites(TestNG.java:1114)
	at org.testng.TestNG.run(TestNG.java:1082)
	at org.testng.remote.AbstractRemoteTestNG.run(AbstractRemoteTestNG.java:115)
	at org.testng.remote.RemoteTestNG.initAndRun(RemoteTestNG.java:251)
	at org.testng.remote.RemoteTestNG.main(RemoteTestNG.java:77)
Caused by: java.lang.reflect.InvocationTargetException
	at java.base/jdk.internal.reflect.NativeConstructorAccessorImpl.newInstance0(Native Method)
	at java.base/jdk.internal.reflect.NativeConstructorAccessorImpl.newInstance(NativeConstructorAccessorImpl.java:77)
	at java.base/jdk.internal.reflect.DelegatingConstructorAccessorImpl.newInstance(DelegatingConstructorAccessorImpl.java:45)
	at java.base/java.lang.reflect.Constructor.newInstanceWithCaller(Constructor.java:499)
	at java.base/java.lang.reflect.Constructor.newInstance(Constructor.java:480)
	at io.cucumber.core.backend.DefaultObjectFactory.cacheNewInstance(DefaultObjectFactory.java:53)
	... 44 more
Caused by: java.lang.NullPointerException: inStream parameter is null
<<<<<<< HEAD
	at java.base/java.util.Objects.requireNonNull(Objects.java:235)
=======
	at java.base/java.util.Objects.requireNonNull(Objects.java:233)
>>>>>>> e1b89dfce1145d8aaf16c43e166302f9b6bcfbe1
	at java.base/java.util.Properties.load(Properties.java:407)
	at com.utility.UtilityClassVoucher.data(UtilityClassVoucher.java:27)
	at com.utility.UtilityClassVoucher.&lt;init&gt;(UtilityClassVoucher.java:14)
	at com.stepdefinitions.VoucherStepdefinition.&lt;init&gt;(VoucherStepdefinition.java:16)
	... 50 more
<<<<<<< HEAD
</pre></div><a href='#' onClick='toggleBox("stack-trace680794728", this, "Click to show all stack frames", "Click to hide stack frames")'>Click to show all stack frames</a>
<div class='stack-trace' id='stack-trace680794728'><pre>io.cucumber.core.exception.CucumberException: Failed to instantiate class com.stepdefinitions.VoucherStepdefinition
=======
</pre></div><a href='#' onClick='toggleBox("stack-trace1116642274", this, "Click to show all stack frames", "Click to hide stack frames")'>Click to show all stack frames</a>
<div class='stack-trace' id='stack-trace1116642274'><pre>io.cucumber.core.exception.CucumberException: Failed to instantiate class com.stepdefinitions.VoucherStepdefinition
>>>>>>> e1b89dfce1145d8aaf16c43e166302f9b6bcfbe1
	at io.cucumber.core.backend.DefaultObjectFactory.cacheNewInstance(DefaultObjectFactory.java:67)
	at io.cucumber.core.backend.DefaultObjectFactory.getInstance(DefaultObjectFactory.java:45)
	at io.cucumber.java.AbstractGlueDefinition.invokeMethod(AbstractGlueDefinition.java:47)
	at io.cucumber.java.JavaStepDefinition.execute(JavaStepDefinition.java:29)
	at io.cucumber.core.runner.CoreStepDefinition.execute(CoreStepDefinition.java:66)
	at io.cucumber.core.runner.PickleStepDefinitionMatch.runStep(PickleStepDefinitionMatch.java:63)
	at io.cucumber.core.runner.ExecutionMode$1.execute(ExecutionMode.java:10)
	at io.cucumber.core.runner.TestStep.executeStep(TestStep.java:84)
	at io.cucumber.core.runner.TestStep.run(TestStep.java:56)
	at io.cucumber.core.runner.PickleStepTestStep.run(PickleStepTestStep.java:51)
	at io.cucumber.core.runner.TestCase.run(TestCase.java:84)
	at io.cucumber.core.runner.Runner.runPickle(Runner.java:75)
	at io.cucumber.testng.TestNGCucumberRunner.lambda$runScenario$1(TestNGCucumberRunner.java:132)
	at io.cucumber.core.runtime.CucumberExecutionContext.lambda$runTestCase$5(CucumberExecutionContext.java:137)
	at io.cucumber.core.runtime.RethrowingThrowableCollector.executeAndThrow(RethrowingThrowableCollector.java:23)
	at io.cucumber.core.runtime.CucumberExecutionContext.runTestCase(CucumberExecutionContext.java:137)
	at io.cucumber.testng.TestNGCucumberRunner.runScenario(TestNGCucumberRunner.java:129)
	at io.cucumber.testng.AbstractTestNGCucumberTests.runScenario(AbstractTestNGCucumberTests.java:35)
	at jdk.internal.reflect.GeneratedMethodAccessor6.invoke(Unknown Source)
	at java.base/jdk.internal.reflect.DelegatingMethodAccessorImpl.invoke(DelegatingMethodAccessorImpl.java:43)
	at java.base/java.lang.reflect.Method.invoke(Method.java:568)
	at org.testng.internal.invokers.MethodInvocationHelper.invokeMethod(MethodInvocationHelper.java:139)
	at org.testng.internal.invokers.TestInvoker.invokeMethod(TestInvoker.java:664)
	at org.testng.internal.invokers.TestInvoker.invokeTestMethod(TestInvoker.java:227)
	at org.testng.internal.invokers.MethodRunner.runInSequence(MethodRunner.java:50)
	at org.testng.internal.invokers.TestInvoker$MethodInvocationAgent.invoke(TestInvoker.java:957)
	at org.testng.internal.invokers.TestInvoker.invokeTestMethods(TestInvoker.java:200)
	at org.testng.internal.invokers.TestMethodWorker.invokeTestMethods(TestMethodWorker.java:148)
	at org.testng.internal.invokers.TestMethodWorker.run(TestMethodWorker.java:128)
	at java.base/java.util.ArrayList.forEach(ArrayList.java:1511)
	at org.testng.TestRunner.privateRun(TestRunner.java:848)
	at org.testng.TestRunner.run(TestRunner.java:621)
	at org.testng.SuiteRunner.runTest(SuiteRunner.java:443)
	at org.testng.SuiteRunner.runSequentially(SuiteRunner.java:437)
	at org.testng.SuiteRunner.privateRun(SuiteRunner.java:397)
	at org.testng.SuiteRunner.run(SuiteRunner.java:336)
	at org.testng.SuiteRunnerWorker.runSuite(SuiteRunnerWorker.java:52)
	at org.testng.SuiteRunnerWorker.run(SuiteRunnerWorker.java:95)
	at org.testng.TestNG.runSuitesSequentially(TestNG.java:1280)
	at org.testng.TestNG.runSuitesLocally(TestNG.java:1200)
	at org.testng.TestNG.runSuites(TestNG.java:1114)
	at org.testng.TestNG.run(TestNG.java:1082)
	at org.testng.remote.AbstractRemoteTestNG.run(AbstractRemoteTestNG.java:115)
	at org.testng.remote.RemoteTestNG.initAndRun(RemoteTestNG.java:251)
	at org.testng.remote.RemoteTestNG.main(RemoteTestNG.java:77)
Caused by: java.lang.reflect.InvocationTargetException
	at java.base/jdk.internal.reflect.NativeConstructorAccessorImpl.newInstance0(Native Method)
	at java.base/jdk.internal.reflect.NativeConstructorAccessorImpl.newInstance(NativeConstructorAccessorImpl.java:77)
	at java.base/jdk.internal.reflect.DelegatingConstructorAccessorImpl.newInstance(DelegatingConstructorAccessorImpl.java:45)
	at java.base/java.lang.reflect.Constructor.newInstanceWithCaller(Constructor.java:499)
	at java.base/java.lang.reflect.Constructor.newInstance(Constructor.java:480)
	at io.cucumber.core.backend.DefaultObjectFactory.cacheNewInstance(DefaultObjectFactory.java:53)
	... 44 more
Caused by: java.lang.NullPointerException: inStream parameter is null
<<<<<<< HEAD
	at java.base/java.util.Objects.requireNonNull(Objects.java:235)
=======
	at java.base/java.util.Objects.requireNonNull(Objects.java:233)
>>>>>>> e1b89dfce1145d8aaf16c43e166302f9b6bcfbe1
	at java.base/java.util.Properties.load(Properties.java:407)
	at com.utility.UtilityClassVoucher.data(UtilityClassVoucher.java:27)
	at com.utility.UtilityClassVoucher.&lt;init&gt;(UtilityClassVoucher.java:14)
	at com.stepdefinitions.VoucherStepdefinition.&lt;init&gt;(VoucherStepdefinition.java:16)
	... 50 more
</pre></div></td>
<td>7</td>
<<<<<<< HEAD
<td>com.runner.TestCodeRed_RunnerClass@2b40ff9c</td></tr>
<tr>
<td title='com.runner.TestCodeRed_RunnerClass.runScenario()'><b>runScenario</b><br>Test class: com.runner.TestCodeRed_RunnerClass<br>Test method: Runs Cucumber Scenarios<br>Parameters: "User to User payment", "User access the Payment option to perform payment related actions in Cyclos"</td>
<td><div><pre>org.openqa.selenium.NoSuchElementException: no such element: Unable to locate element: {&quot;method&quot;:&quot;xpath&quot;,&quot;selector&quot;:&quot;//div[@title=&apos;Pay now (not scheduled)&apos;]&quot;}
  (Session info: MicrosoftEdge=119.0.2151.58)
For documentation on this error, please visit: https://www.selenium.dev/documentation/webdriver/troubleshooting/errors#no-such-element-exception
Build info: version: &apos;4.14.1&apos;, revision: &apos;03f8ede370&apos;
System info: os.name: &apos;Windows 10&apos;, os.arch: &apos;amd64&apos;, os.version: &apos;10.0&apos;, java.version: &apos;17.0.8.1&apos;
Driver info: org.openqa.selenium.edge.EdgeDriver
Command: [562a3f8e66d390aceea77e4b1fc4abbd, findElement {using=xpath, value=//div[@title=&apos;Pay now (not scheduled)&apos;]}]
Capabilities {acceptInsecureCerts: false, browserName: msedge, browserVersion: 119.0.2151.58, fedcm:accounts: true, ms:edgeOptions: {debuggerAddress: localhost:54585}, msedge: {msedgedriverVersion: 119.0.2151.72 (e8225cce8e47..., userDataDir: C:\Users\ALAKSH~1\AppData\L...}, networkConnectionEnabled: false, pageLoadStrategy: normal, platformName: windows, proxy: Proxy(), se:cdp: ws://localhost:54585/devtoo..., se:cdpVersion: 119.0.2151.58, setWindowRect: true, strictFileInteractability: false, timeouts: {implicit: 0, pageLoad: 300000, script: 30000}, unhandledPromptBehavior: dismiss and notify, webauthn:extension:credBlob: true, webauthn:extension:largeBlob: true, webauthn:extension:minPinLength: true, webauthn:extension:prf: true, webauthn:virtualAuthenticators: true}
Session ID: 562a3f8e66d390aceea77e4b1fc4abbd
=======
<td>com.runner.TestCodeRed_RunnerClass@367ffa75</td></tr>
<tr>
<td title='com.runner.TestCodeRed_RunnerClass.runScenario()'><b>runScenario</b><br>Test class: com.runner.TestCodeRed_RunnerClass<br>Test method: Runs Cucumber Scenarios<br>Parameters: "Add Mobile Number in Phone", "To Edit Phone Number in Demo Cyclos classic payment software Application and do functions"</td>
<td><div><pre>org.openqa.selenium.NoSuchElementException: no such element: Unable to locate element: {&quot;method&quot;:&quot;xpath&quot;,&quot;selector&quot;:&quot;//span[text()=&apos;Mobile phone&apos;]&quot;}
  (Session info: chrome=114.0.5735.199)
For documentation on this error, please visit: https://www.selenium.dev/documentation/webdriver/troubleshooting/errors#no-such-element-exception
Build info: version: &apos;4.14.1&apos;, revision: &apos;03f8ede370&apos;
System info: os.name: &apos;Windows 10&apos;, os.arch: &apos;amd64&apos;, os.version: &apos;10.0&apos;, java.version: &apos;17.0.8&apos;
Driver info: org.openqa.selenium.chrome.ChromeDriver
Command: [d961dba158e39d45f64e9607ef4a83ec, findElement {using=xpath, value=//span[text()=&apos;Mobile phone&apos;]}]
Capabilities {acceptInsecureCerts: false, browserName: chrome, browserVersion: 114.0.5735.199, chrome: {chromedriverVersion: 114.0.5735.90 (386bc09e8f4f..., userDataDir: C:\Users\LSETHU~1\AppData\L...}, goog:chromeOptions: {debuggerAddress: localhost:60226}, networkConnectionEnabled: false, pageLoadStrategy: normal, platformName: windows, proxy: Proxy(), se:cdp: ws://localhost:60226/devtoo..., se:cdpVersion: 114.0.5735.199, setWindowRect: true, strictFileInteractability: false, timeouts: {implicit: 0, pageLoad: 300000, script: 30000}, unhandledPromptBehavior: dismiss and notify, webauthn:extension:credBlob: true, webauthn:extension:largeBlob: true, webauthn:extension:minPinLength: true, webauthn:extension:prf: true, webauthn:virtualAuthenticators: true}
Session ID: d961dba158e39d45f64e9607ef4a83ec
>>>>>>> e1b89dfce1145d8aaf16c43e166302f9b6bcfbe1
	at java.base/jdk.internal.reflect.NativeConstructorAccessorImpl.newInstance0(Native Method)
	at java.base/jdk.internal.reflect.NativeConstructorAccessorImpl.newInstance(NativeConstructorAccessorImpl.java:77)
	at java.base/jdk.internal.reflect.DelegatingConstructorAccessorImpl.newInstance(DelegatingConstructorAccessorImpl.java:45)
	at java.base/java.lang.reflect.Constructor.newInstanceWithCaller(Constructor.java:499)
	at java.base/java.lang.reflect.Constructor.newInstance(Constructor.java:480)
	at org.openqa.selenium.remote.codec.w3c.W3CHttpResponseCodec.createException(W3CHttpResponseCodec.java:200)
	at org.openqa.selenium.remote.codec.w3c.W3CHttpResponseCodec.decode(W3CHttpResponseCodec.java:133)
	at org.openqa.selenium.remote.codec.w3c.W3CHttpResponseCodec.decode(W3CHttpResponseCodec.java:52)
	at org.openqa.selenium.remote.HttpCommandExecutor.execute(HttpCommandExecutor.java:191)
	at org.openqa.selenium.remote.service.DriverCommandExecutor.invokeExecute(DriverCommandExecutor.java:200)
	at org.openqa.selenium.remote.service.DriverCommandExecutor.execute(DriverCommandExecutor.java:175)
	at org.openqa.selenium.remote.RemoteWebDriver.execute(RemoteWebDriver.java:602)
	at org.openqa.selenium.remote.ElementLocation$ElementFinder$2.findElement(ElementLocation.java:165)
	at org.openqa.selenium.remote.ElementLocation.findElement(ElementLocation.java:59)
	at org.openqa.selenium.remote.RemoteWebDriver.findElement(RemoteWebDriver.java:359)
	at org.openqa.selenium.remote.RemoteWebDriver.findElement(RemoteWebDriver.java:353)
	at org.openqa.selenium.support.pagefactory.DefaultElementLocator.findElement(DefaultElementLocator.java:68)
	at org.openqa.selenium.support.pagefactory.internal.LocatingElementHandler.invoke(LocatingElementHandler.java:38)
	at jdk.proxy2/jdk.proxy2.$Proxy38.click(Unknown Source)
<<<<<<< HEAD
	at com.actions.PaymentActions.clickSchedule(PaymentActions.java:54)
	at com.stepdefinitions.PaymentsStepDefinition.user_choose_the_schedule_as_pay_now(PaymentsStepDefinition.java:51)
	at ✽.User choose the schedule as Pay now(file:///C:/Users/alakshmanan/eclipse-workspace/CodeRed/PilotProject_Cyclos_CodeRed/src/test/resources/Features/Payments.feature:9)
</pre></div><a href='#' onClick='toggleBox("stack-trace887421753", this, "Click to show all stack frames", "Click to hide stack frames")'>Click to show all stack frames</a>
<div class='stack-trace' id='stack-trace887421753'><pre>org.openqa.selenium.NoSuchElementException: no such element: Unable to locate element: {&quot;method&quot;:&quot;xpath&quot;,&quot;selector&quot;:&quot;//div[@title=&apos;Pay now (not scheduled)&apos;]&quot;}
  (Session info: MicrosoftEdge=119.0.2151.58)
For documentation on this error, please visit: https://www.selenium.dev/documentation/webdriver/troubleshooting/errors#no-such-element-exception
Build info: version: &apos;4.14.1&apos;, revision: &apos;03f8ede370&apos;
System info: os.name: &apos;Windows 10&apos;, os.arch: &apos;amd64&apos;, os.version: &apos;10.0&apos;, java.version: &apos;17.0.8.1&apos;
Driver info: org.openqa.selenium.edge.EdgeDriver
Command: [562a3f8e66d390aceea77e4b1fc4abbd, findElement {using=xpath, value=//div[@title=&apos;Pay now (not scheduled)&apos;]}]
Capabilities {acceptInsecureCerts: false, browserName: msedge, browserVersion: 119.0.2151.58, fedcm:accounts: true, ms:edgeOptions: {debuggerAddress: localhost:54585}, msedge: {msedgedriverVersion: 119.0.2151.72 (e8225cce8e47..., userDataDir: C:\Users\ALAKSH~1\AppData\L...}, networkConnectionEnabled: false, pageLoadStrategy: normal, platformName: windows, proxy: Proxy(), se:cdp: ws://localhost:54585/devtoo..., se:cdpVersion: 119.0.2151.58, setWindowRect: true, strictFileInteractability: false, timeouts: {implicit: 0, pageLoad: 300000, script: 30000}, unhandledPromptBehavior: dismiss and notify, webauthn:extension:credBlob: true, webauthn:extension:largeBlob: true, webauthn:extension:minPinLength: true, webauthn:extension:prf: true, webauthn:virtualAuthenticators: true}
Session ID: 562a3f8e66d390aceea77e4b1fc4abbd
=======
	at com.actions.Login_Function_Actions.SelectMobileNumber(Login_Function_Actions.java:110)
	at com.stepdefinitions.Login_Function_Stepdefinitions.user_select_the_mobile_number(Login_Function_Stepdefinitions.java:120)
	at ✽.User select the Mobile number(file:///C:/Users/lsethuraj/eclipse-workspace/CodeRed/PilotProject_Cyclos_CodeRed/src/test/resources/Features/EditPhoneNumber.feature:12)
</pre></div><a href='#' onClick='toggleBox("stack-trace681088021", this, "Click to show all stack frames", "Click to hide stack frames")'>Click to show all stack frames</a>
<div class='stack-trace' id='stack-trace681088021'><pre>org.openqa.selenium.NoSuchElementException: no such element: Unable to locate element: {&quot;method&quot;:&quot;xpath&quot;,&quot;selector&quot;:&quot;//span[text()=&apos;Mobile phone&apos;]&quot;}
  (Session info: chrome=114.0.5735.199)
For documentation on this error, please visit: https://www.selenium.dev/documentation/webdriver/troubleshooting/errors#no-such-element-exception
Build info: version: &apos;4.14.1&apos;, revision: &apos;03f8ede370&apos;
System info: os.name: &apos;Windows 10&apos;, os.arch: &apos;amd64&apos;, os.version: &apos;10.0&apos;, java.version: &apos;17.0.8&apos;
Driver info: org.openqa.selenium.chrome.ChromeDriver
Command: [d961dba158e39d45f64e9607ef4a83ec, findElement {using=xpath, value=//span[text()=&apos;Mobile phone&apos;]}]
Capabilities {acceptInsecureCerts: false, browserName: chrome, browserVersion: 114.0.5735.199, chrome: {chromedriverVersion: 114.0.5735.90 (386bc09e8f4f..., userDataDir: C:\Users\LSETHU~1\AppData\L...}, goog:chromeOptions: {debuggerAddress: localhost:60226}, networkConnectionEnabled: false, pageLoadStrategy: normal, platformName: windows, proxy: Proxy(), se:cdp: ws://localhost:60226/devtoo..., se:cdpVersion: 114.0.5735.199, setWindowRect: true, strictFileInteractability: false, timeouts: {implicit: 0, pageLoad: 300000, script: 30000}, unhandledPromptBehavior: dismiss and notify, webauthn:extension:credBlob: true, webauthn:extension:largeBlob: true, webauthn:extension:minPinLength: true, webauthn:extension:prf: true, webauthn:virtualAuthenticators: true}
Session ID: d961dba158e39d45f64e9607ef4a83ec
>>>>>>> e1b89dfce1145d8aaf16c43e166302f9b6bcfbe1
	at java.base/jdk.internal.reflect.NativeConstructorAccessorImpl.newInstance0(Native Method)
	at java.base/jdk.internal.reflect.NativeConstructorAccessorImpl.newInstance(NativeConstructorAccessorImpl.java:77)
	at java.base/jdk.internal.reflect.DelegatingConstructorAccessorImpl.newInstance(DelegatingConstructorAccessorImpl.java:45)
	at java.base/java.lang.reflect.Constructor.newInstanceWithCaller(Constructor.java:499)
	at java.base/java.lang.reflect.Constructor.newInstance(Constructor.java:480)
	at org.openqa.selenium.remote.codec.w3c.W3CHttpResponseCodec.createException(W3CHttpResponseCodec.java:200)
	at org.openqa.selenium.remote.codec.w3c.W3CHttpResponseCodec.decode(W3CHttpResponseCodec.java:133)
	at org.openqa.selenium.remote.codec.w3c.W3CHttpResponseCodec.decode(W3CHttpResponseCodec.java:52)
	at org.openqa.selenium.remote.HttpCommandExecutor.execute(HttpCommandExecutor.java:191)
	at org.openqa.selenium.remote.service.DriverCommandExecutor.invokeExecute(DriverCommandExecutor.java:200)
	at org.openqa.selenium.remote.service.DriverCommandExecutor.execute(DriverCommandExecutor.java:175)
	at org.openqa.selenium.remote.RemoteWebDriver.execute(RemoteWebDriver.java:602)
	at org.openqa.selenium.remote.ElementLocation$ElementFinder$2.findElement(ElementLocation.java:165)
	at org.openqa.selenium.remote.ElementLocation.findElement(ElementLocation.java:59)
	at org.openqa.selenium.remote.RemoteWebDriver.findElement(RemoteWebDriver.java:359)
	at org.openqa.selenium.remote.RemoteWebDriver.findElement(RemoteWebDriver.java:353)
	at org.openqa.selenium.support.pagefactory.DefaultElementLocator.findElement(DefaultElementLocator.java:68)
	at org.openqa.selenium.support.pagefactory.internal.LocatingElementHandler.invoke(LocatingElementHandler.java:38)
	at jdk.proxy2/jdk.proxy2.$Proxy38.click(Unknown Source)
<<<<<<< HEAD
	at com.actions.PaymentActions.clickSchedule(PaymentActions.java:54)
	at com.stepdefinitions.PaymentsStepDefinition.user_choose_the_schedule_as_pay_now(PaymentsStepDefinition.java:51)
	at ✽.User choose the schedule as Pay now(file:///C:/Users/alakshmanan/eclipse-workspace/CodeRed/PilotProject_Cyclos_CodeRed/src/test/resources/Features/Payments.feature:9)
</pre></div></td>
<td>40</td>
<td>com.runner.TestCodeRed_RunnerClass@2b40ff9c</td></tr>
=======
	at com.actions.Login_Function_Actions.SelectMobileNumber(Login_Function_Actions.java:110)
	at com.stepdefinitions.Login_Function_Stepdefinitions.user_select_the_mobile_number(Login_Function_Stepdefinitions.java:120)
	at ✽.User select the Mobile number(file:///C:/Users/lsethuraj/eclipse-workspace/CodeRed/PilotProject_Cyclos_CodeRed/src/test/resources/Features/EditPhoneNumber.feature:12)
</pre></div></td>
<td>38</td>
<td>com.runner.TestCodeRed_RunnerClass@367ffa75</td></tr>
>>>>>>> e1b89dfce1145d8aaf16c43e166302f9b6bcfbe1
<tr>
<td title='com.runner.TestCodeRed_RunnerClass.runScenario()'><b>runScenario</b><br>Test class: com.runner.TestCodeRed_RunnerClass<br>Test method: Runs Cucumber Scenarios<br>Parameters: "The user view the message history of send message", "The user accessing the Message functionality"</td>
<td><div><pre>io.cucumber.core.exception.CucumberException: Failed to instantiate class com.stepdefinitions.messageStepDefanition
	at io.cucumber.core.backend.DefaultObjectFactory.cacheNewInstance(DefaultObjectFactory.java:67)
	at io.cucumber.core.backend.DefaultObjectFactory.getInstance(DefaultObjectFactory.java:45)
	at io.cucumber.java.AbstractGlueDefinition.invokeMethod(AbstractGlueDefinition.java:47)
	at io.cucumber.java.JavaStepDefinition.execute(JavaStepDefinition.java:29)
	at io.cucumber.core.runner.CoreStepDefinition.execute(CoreStepDefinition.java:66)
	at io.cucumber.core.runner.PickleStepDefinitionMatch.runStep(PickleStepDefinitionMatch.java:63)
	at io.cucumber.core.runner.ExecutionMode$1.execute(ExecutionMode.java:10)
	at io.cucumber.core.runner.TestStep.executeStep(TestStep.java:84)
	at io.cucumber.core.runner.TestStep.run(TestStep.java:56)
	at io.cucumber.core.runner.PickleStepTestStep.run(PickleStepTestStep.java:51)
	at io.cucumber.core.runner.TestCase.run(TestCase.java:84)
	at io.cucumber.core.runner.Runner.runPickle(Runner.java:75)
	at io.cucumber.testng.TestNGCucumberRunner.lambda$runScenario$1(TestNGCucumberRunner.java:132)
	at io.cucumber.core.runtime.CucumberExecutionContext.lambda$runTestCase$5(CucumberExecutionContext.java:137)
	at io.cucumber.core.runtime.RethrowingThrowableCollector.executeAndThrow(RethrowingThrowableCollector.java:23)
	at io.cucumber.core.runtime.CucumberExecutionContext.runTestCase(CucumberExecutionContext.java:137)
	at io.cucumber.testng.TestNGCucumberRunner.runScenario(TestNGCucumberRunner.java:129)
	at io.cucumber.testng.AbstractTestNGCucumberTests.runScenario(AbstractTestNGCucumberTests.java:35)
	at jdk.internal.reflect.GeneratedMethodAccessor6.invoke(Unknown Source)
	at java.base/jdk.internal.reflect.DelegatingMethodAccessorImpl.invoke(DelegatingMethodAccessorImpl.java:43)
	at java.base/java.lang.reflect.Method.invoke(Method.java:568)
	at org.testng.internal.invokers.MethodInvocationHelper.invokeMethod(MethodInvocationHelper.java:139)
	at org.testng.internal.invokers.TestInvoker.invokeMethod(TestInvoker.java:664)
	at org.testng.internal.invokers.TestInvoker.invokeTestMethod(TestInvoker.java:227)
	at org.testng.internal.invokers.MethodRunner.runInSequence(MethodRunner.java:50)
	at org.testng.internal.invokers.TestInvoker$MethodInvocationAgent.invoke(TestInvoker.java:957)
	at org.testng.internal.invokers.TestInvoker.invokeTestMethods(TestInvoker.java:200)
	at org.testng.internal.invokers.TestMethodWorker.invokeTestMethods(TestMethodWorker.java:148)
	at org.testng.internal.invokers.TestMethodWorker.run(TestMethodWorker.java:128)
	at java.base/java.util.ArrayList.forEach(ArrayList.java:1511)
	at org.testng.TestRunner.privateRun(TestRunner.java:848)
	at org.testng.TestRunner.run(TestRunner.java:621)
	at org.testng.SuiteRunner.runTest(SuiteRunner.java:443)
	at org.testng.SuiteRunner.runSequentially(SuiteRunner.java:437)
	at org.testng.SuiteRunner.privateRun(SuiteRunner.java:397)
	at org.testng.SuiteRunner.run(SuiteRunner.java:336)
	at org.testng.SuiteRunnerWorker.runSuite(SuiteRunnerWorker.java:52)
	at org.testng.SuiteRunnerWorker.run(SuiteRunnerWorker.java:95)
	at org.testng.TestNG.runSuitesSequentially(TestNG.java:1280)
	at org.testng.TestNG.runSuitesLocally(TestNG.java:1200)
	at org.testng.TestNG.runSuites(TestNG.java:1114)
	at org.testng.TestNG.run(TestNG.java:1082)
	at org.testng.remote.AbstractRemoteTestNG.run(AbstractRemoteTestNG.java:115)
	at org.testng.remote.RemoteTestNG.initAndRun(RemoteTestNG.java:251)
	at org.testng.remote.RemoteTestNG.main(RemoteTestNG.java:77)
Caused by: java.lang.reflect.InvocationTargetException
	at java.base/jdk.internal.reflect.NativeConstructorAccessorImpl.newInstance0(Native Method)
	at java.base/jdk.internal.reflect.NativeConstructorAccessorImpl.newInstance(NativeConstructorAccessorImpl.java:77)
	at java.base/jdk.internal.reflect.DelegatingConstructorAccessorImpl.newInstance(DelegatingConstructorAccessorImpl.java:45)
	at java.base/java.lang.reflect.Constructor.newInstanceWithCaller(Constructor.java:499)
	at java.base/java.lang.reflect.Constructor.newInstance(Constructor.java:480)
	at io.cucumber.core.backend.DefaultObjectFactory.cacheNewInstance(DefaultObjectFactory.java:53)
	... 44 more
Caused by: java.lang.NullPointerException: inStream parameter is null
<<<<<<< HEAD
	at java.base/java.util.Objects.requireNonNull(Objects.java:235)
=======
	at java.base/java.util.Objects.requireNonNull(Objects.java:233)
>>>>>>> e1b89dfce1145d8aaf16c43e166302f9b6bcfbe1
	at java.base/java.util.Properties.load(Properties.java:407)
	at com.utility.UtilityClassMessage.data(UtilityClassMessage.java:27)
	at com.utility.UtilityClassMessage.&lt;init&gt;(UtilityClassMessage.java:14)
	at com.stepdefinitions.messageStepDefanition.&lt;init&gt;(messageStepDefanition.java:20)
	... 50 more
<<<<<<< HEAD
</pre></div><a href='#' onClick='toggleBox("stack-trace871662667", this, "Click to show all stack frames", "Click to hide stack frames")'>Click to show all stack frames</a>
<div class='stack-trace' id='stack-trace871662667'><pre>io.cucumber.core.exception.CucumberException: Failed to instantiate class com.stepdefinitions.messageStepDefanition
=======
</pre></div><a href='#' onClick='toggleBox("stack-trace103415428", this, "Click to show all stack frames", "Click to hide stack frames")'>Click to show all stack frames</a>
<div class='stack-trace' id='stack-trace103415428'><pre>io.cucumber.core.exception.CucumberException: Failed to instantiate class com.stepdefinitions.messageStepDefanition
>>>>>>> e1b89dfce1145d8aaf16c43e166302f9b6bcfbe1
	at io.cucumber.core.backend.DefaultObjectFactory.cacheNewInstance(DefaultObjectFactory.java:67)
	at io.cucumber.core.backend.DefaultObjectFactory.getInstance(DefaultObjectFactory.java:45)
	at io.cucumber.java.AbstractGlueDefinition.invokeMethod(AbstractGlueDefinition.java:47)
	at io.cucumber.java.JavaStepDefinition.execute(JavaStepDefinition.java:29)
	at io.cucumber.core.runner.CoreStepDefinition.execute(CoreStepDefinition.java:66)
	at io.cucumber.core.runner.PickleStepDefinitionMatch.runStep(PickleStepDefinitionMatch.java:63)
	at io.cucumber.core.runner.ExecutionMode$1.execute(ExecutionMode.java:10)
	at io.cucumber.core.runner.TestStep.executeStep(TestStep.java:84)
	at io.cucumber.core.runner.TestStep.run(TestStep.java:56)
	at io.cucumber.core.runner.PickleStepTestStep.run(PickleStepTestStep.java:51)
	at io.cucumber.core.runner.TestCase.run(TestCase.java:84)
	at io.cucumber.core.runner.Runner.runPickle(Runner.java:75)
	at io.cucumber.testng.TestNGCucumberRunner.lambda$runScenario$1(TestNGCucumberRunner.java:132)
	at io.cucumber.core.runtime.CucumberExecutionContext.lambda$runTestCase$5(CucumberExecutionContext.java:137)
	at io.cucumber.core.runtime.RethrowingThrowableCollector.executeAndThrow(RethrowingThrowableCollector.java:23)
	at io.cucumber.core.runtime.CucumberExecutionContext.runTestCase(CucumberExecutionContext.java:137)
	at io.cucumber.testng.TestNGCucumberRunner.runScenario(TestNGCucumberRunner.java:129)
	at io.cucumber.testng.AbstractTestNGCucumberTests.runScenario(AbstractTestNGCucumberTests.java:35)
	at jdk.internal.reflect.GeneratedMethodAccessor6.invoke(Unknown Source)
	at java.base/jdk.internal.reflect.DelegatingMethodAccessorImpl.invoke(DelegatingMethodAccessorImpl.java:43)
	at java.base/java.lang.reflect.Method.invoke(Method.java:568)
	at org.testng.internal.invokers.MethodInvocationHelper.invokeMethod(MethodInvocationHelper.java:139)
	at org.testng.internal.invokers.TestInvoker.invokeMethod(TestInvoker.java:664)
	at org.testng.internal.invokers.TestInvoker.invokeTestMethod(TestInvoker.java:227)
	at org.testng.internal.invokers.MethodRunner.runInSequence(MethodRunner.java:50)
	at org.testng.internal.invokers.TestInvoker$MethodInvocationAgent.invoke(TestInvoker.java:957)
	at org.testng.internal.invokers.TestInvoker.invokeTestMethods(TestInvoker.java:200)
	at org.testng.internal.invokers.TestMethodWorker.invokeTestMethods(TestMethodWorker.java:148)
	at org.testng.internal.invokers.TestMethodWorker.run(TestMethodWorker.java:128)
	at java.base/java.util.ArrayList.forEach(ArrayList.java:1511)
	at org.testng.TestRunner.privateRun(TestRunner.java:848)
	at org.testng.TestRunner.run(TestRunner.java:621)
	at org.testng.SuiteRunner.runTest(SuiteRunner.java:443)
	at org.testng.SuiteRunner.runSequentially(SuiteRunner.java:437)
	at org.testng.SuiteRunner.privateRun(SuiteRunner.java:397)
	at org.testng.SuiteRunner.run(SuiteRunner.java:336)
	at org.testng.SuiteRunnerWorker.runSuite(SuiteRunnerWorker.java:52)
	at org.testng.SuiteRunnerWorker.run(SuiteRunnerWorker.java:95)
	at org.testng.TestNG.runSuitesSequentially(TestNG.java:1280)
	at org.testng.TestNG.runSuitesLocally(TestNG.java:1200)
	at org.testng.TestNG.runSuites(TestNG.java:1114)
	at org.testng.TestNG.run(TestNG.java:1082)
	at org.testng.remote.AbstractRemoteTestNG.run(AbstractRemoteTestNG.java:115)
	at org.testng.remote.RemoteTestNG.initAndRun(RemoteTestNG.java:251)
	at org.testng.remote.RemoteTestNG.main(RemoteTestNG.java:77)
Caused by: java.lang.reflect.InvocationTargetException
	at java.base/jdk.internal.reflect.NativeConstructorAccessorImpl.newInstance0(Native Method)
	at java.base/jdk.internal.reflect.NativeConstructorAccessorImpl.newInstance(NativeConstructorAccessorImpl.java:77)
	at java.base/jdk.internal.reflect.DelegatingConstructorAccessorImpl.newInstance(DelegatingConstructorAccessorImpl.java:45)
	at java.base/java.lang.reflect.Constructor.newInstanceWithCaller(Constructor.java:499)
	at java.base/java.lang.reflect.Constructor.newInstance(Constructor.java:480)
	at io.cucumber.core.backend.DefaultObjectFactory.cacheNewInstance(DefaultObjectFactory.java:53)
	... 44 more
Caused by: java.lang.NullPointerException: inStream parameter is null
<<<<<<< HEAD
	at java.base/java.util.Objects.requireNonNull(Objects.java:235)
=======
	at java.base/java.util.Objects.requireNonNull(Objects.java:233)
>>>>>>> e1b89dfce1145d8aaf16c43e166302f9b6bcfbe1
	at java.base/java.util.Properties.load(Properties.java:407)
	at com.utility.UtilityClassMessage.data(UtilityClassMessage.java:27)
	at com.utility.UtilityClassMessage.&lt;init&gt;(UtilityClassMessage.java:14)
	at com.stepdefinitions.messageStepDefanition.&lt;init&gt;(messageStepDefanition.java:20)
	... 50 more
</pre></div></td>
<<<<<<< HEAD
<td>8</td>
<td>com.runner.TestCodeRed_RunnerClass@2b40ff9c</td></tr>
=======
<td>14</td>
<td>com.runner.TestCodeRed_RunnerClass@367ffa75</td></tr>
<tr>
<td title='com.runner.TestCodeRed_RunnerClass.runScenario()'><b>runScenario</b><br>Test class: com.runner.TestCodeRed_RunnerClass<br>Test method: Runs Cucumber Scenarios<br>Parameters: "Edit Address in profile", "To Edit Address in Demo Cyclos classic payment software Application and do functions"</td>
<td><div><pre>org.openqa.selenium.NoSuchElementException: no such element: Unable to locate element: {&quot;method&quot;:&quot;xpath&quot;,&quot;selector&quot;:&quot;//div[@class=&apos;notificationText notificationText-singleLine&apos; and contains(text(),&apos;Saved successfully&apos;)]&quot;}
  (Session info: chrome=114.0.5735.199)
For documentation on this error, please visit: https://www.selenium.dev/documentation/webdriver/troubleshooting/errors#no-such-element-exception
Build info: version: &apos;4.14.1&apos;, revision: &apos;03f8ede370&apos;
System info: os.name: &apos;Windows 10&apos;, os.arch: &apos;amd64&apos;, os.version: &apos;10.0&apos;, java.version: &apos;17.0.8&apos;
Driver info: org.openqa.selenium.chrome.ChromeDriver
Command: [ac2bf28cfd903cfcab715c4815337b15, findElement {using=xpath, value=//div[@class=&apos;notificationText notificationText-singleLine&apos; and contains(text(),&apos;Saved successfully&apos;)]}]
Capabilities {acceptInsecureCerts: false, browserName: chrome, browserVersion: 114.0.5735.199, chrome: {chromedriverVersion: 114.0.5735.90 (386bc09e8f4f..., userDataDir: C:\Users\LSETHU~1\AppData\L...}, goog:chromeOptions: {debuggerAddress: localhost:60168}, networkConnectionEnabled: false, pageLoadStrategy: normal, platformName: windows, proxy: Proxy(), se:cdp: ws://localhost:60168/devtoo..., se:cdpVersion: 114.0.5735.199, setWindowRect: true, strictFileInteractability: false, timeouts: {implicit: 0, pageLoad: 300000, script: 30000}, unhandledPromptBehavior: dismiss and notify, webauthn:extension:credBlob: true, webauthn:extension:largeBlob: true, webauthn:extension:minPinLength: true, webauthn:extension:prf: true, webauthn:virtualAuthenticators: true}
Session ID: ac2bf28cfd903cfcab715c4815337b15
	at java.base/jdk.internal.reflect.NativeConstructorAccessorImpl.newInstance0(Native Method)
	at java.base/jdk.internal.reflect.NativeConstructorAccessorImpl.newInstance(NativeConstructorAccessorImpl.java:77)
	at java.base/jdk.internal.reflect.DelegatingConstructorAccessorImpl.newInstance(DelegatingConstructorAccessorImpl.java:45)
	at java.base/java.lang.reflect.Constructor.newInstanceWithCaller(Constructor.java:499)
	at java.base/java.lang.reflect.Constructor.newInstance(Constructor.java:480)
	at org.openqa.selenium.remote.codec.w3c.W3CHttpResponseCodec.createException(W3CHttpResponseCodec.java:200)
	at org.openqa.selenium.remote.codec.w3c.W3CHttpResponseCodec.decode(W3CHttpResponseCodec.java:133)
	at org.openqa.selenium.remote.codec.w3c.W3CHttpResponseCodec.decode(W3CHttpResponseCodec.java:52)
	at org.openqa.selenium.remote.HttpCommandExecutor.execute(HttpCommandExecutor.java:191)
	at org.openqa.selenium.remote.service.DriverCommandExecutor.invokeExecute(DriverCommandExecutor.java:200)
	at org.openqa.selenium.remote.service.DriverCommandExecutor.execute(DriverCommandExecutor.java:175)
	at org.openqa.selenium.remote.RemoteWebDriver.execute(RemoteWebDriver.java:602)
	at org.openqa.selenium.remote.ElementLocation$ElementFinder$2.findElement(ElementLocation.java:165)
	at org.openqa.selenium.remote.ElementLocation.findElement(ElementLocation.java:59)
	at org.openqa.selenium.remote.RemoteWebDriver.findElement(RemoteWebDriver.java:359)
	at org.openqa.selenium.remote.RemoteWebDriver.findElement(RemoteWebDriver.java:353)
	at org.openqa.selenium.support.pagefactory.DefaultElementLocator.findElement(DefaultElementLocator.java:68)
	at org.openqa.selenium.support.pagefactory.internal.LocatingElementHandler.invoke(LocatingElementHandler.java:38)
	at jdk.proxy2/jdk.proxy2.$Proxy38.getText(Unknown Source)
	at com.actions.Login_Function_Actions.AddressMsg(Login_Function_Actions.java:346)
	at com.stepdefinitions.Login_Function_Stepdefinitions.user_click_the_save_and_user_get_save_successfull_message(Login_Function_Stepdefinitions.java:310)
	at ✽.User Click the save and user get Save Successfull Message(file:///C:/Users/lsethuraj/eclipse-workspace/CodeRed/PilotProject_Cyclos_CodeRed/src/test/resources/Features/EditAddress.feature:13)
</pre></div><a href='#' onClick='toggleBox("stack-trace649316770", this, "Click to show all stack frames", "Click to hide stack frames")'>Click to show all stack frames</a>
<div class='stack-trace' id='stack-trace649316770'><pre>org.openqa.selenium.NoSuchElementException: no such element: Unable to locate element: {&quot;method&quot;:&quot;xpath&quot;,&quot;selector&quot;:&quot;//div[@class=&apos;notificationText notificationText-singleLine&apos; and contains(text(),&apos;Saved successfully&apos;)]&quot;}
  (Session info: chrome=114.0.5735.199)
For documentation on this error, please visit: https://www.selenium.dev/documentation/webdriver/troubleshooting/errors#no-such-element-exception
Build info: version: &apos;4.14.1&apos;, revision: &apos;03f8ede370&apos;
System info: os.name: &apos;Windows 10&apos;, os.arch: &apos;amd64&apos;, os.version: &apos;10.0&apos;, java.version: &apos;17.0.8&apos;
Driver info: org.openqa.selenium.chrome.ChromeDriver
Command: [ac2bf28cfd903cfcab715c4815337b15, findElement {using=xpath, value=//div[@class=&apos;notificationText notificationText-singleLine&apos; and contains(text(),&apos;Saved successfully&apos;)]}]
Capabilities {acceptInsecureCerts: false, browserName: chrome, browserVersion: 114.0.5735.199, chrome: {chromedriverVersion: 114.0.5735.90 (386bc09e8f4f..., userDataDir: C:\Users\LSETHU~1\AppData\L...}, goog:chromeOptions: {debuggerAddress: localhost:60168}, networkConnectionEnabled: false, pageLoadStrategy: normal, platformName: windows, proxy: Proxy(), se:cdp: ws://localhost:60168/devtoo..., se:cdpVersion: 114.0.5735.199, setWindowRect: true, strictFileInteractability: false, timeouts: {implicit: 0, pageLoad: 300000, script: 30000}, unhandledPromptBehavior: dismiss and notify, webauthn:extension:credBlob: true, webauthn:extension:largeBlob: true, webauthn:extension:minPinLength: true, webauthn:extension:prf: true, webauthn:virtualAuthenticators: true}
Session ID: ac2bf28cfd903cfcab715c4815337b15
	at java.base/jdk.internal.reflect.NativeConstructorAccessorImpl.newInstance0(Native Method)
	at java.base/jdk.internal.reflect.NativeConstructorAccessorImpl.newInstance(NativeConstructorAccessorImpl.java:77)
	at java.base/jdk.internal.reflect.DelegatingConstructorAccessorImpl.newInstance(DelegatingConstructorAccessorImpl.java:45)
	at java.base/java.lang.reflect.Constructor.newInstanceWithCaller(Constructor.java:499)
	at java.base/java.lang.reflect.Constructor.newInstance(Constructor.java:480)
	at org.openqa.selenium.remote.codec.w3c.W3CHttpResponseCodec.createException(W3CHttpResponseCodec.java:200)
	at org.openqa.selenium.remote.codec.w3c.W3CHttpResponseCodec.decode(W3CHttpResponseCodec.java:133)
	at org.openqa.selenium.remote.codec.w3c.W3CHttpResponseCodec.decode(W3CHttpResponseCodec.java:52)
	at org.openqa.selenium.remote.HttpCommandExecutor.execute(HttpCommandExecutor.java:191)
	at org.openqa.selenium.remote.service.DriverCommandExecutor.invokeExecute(DriverCommandExecutor.java:200)
	at org.openqa.selenium.remote.service.DriverCommandExecutor.execute(DriverCommandExecutor.java:175)
	at org.openqa.selenium.remote.RemoteWebDriver.execute(RemoteWebDriver.java:602)
	at org.openqa.selenium.remote.ElementLocation$ElementFinder$2.findElement(ElementLocation.java:165)
	at org.openqa.selenium.remote.ElementLocation.findElement(ElementLocation.java:59)
	at org.openqa.selenium.remote.RemoteWebDriver.findElement(RemoteWebDriver.java:359)
	at org.openqa.selenium.remote.RemoteWebDriver.findElement(RemoteWebDriver.java:353)
	at org.openqa.selenium.support.pagefactory.DefaultElementLocator.findElement(DefaultElementLocator.java:68)
	at org.openqa.selenium.support.pagefactory.internal.LocatingElementHandler.invoke(LocatingElementHandler.java:38)
	at jdk.proxy2/jdk.proxy2.$Proxy38.getText(Unknown Source)
	at com.actions.Login_Function_Actions.AddressMsg(Login_Function_Actions.java:346)
	at com.stepdefinitions.Login_Function_Stepdefinitions.user_click_the_save_and_user_get_save_successfull_message(Login_Function_Stepdefinitions.java:310)
	at ✽.User Click the save and user get Save Successfull Message(file:///C:/Users/lsethuraj/eclipse-workspace/CodeRed/PilotProject_Cyclos_CodeRed/src/test/resources/Features/EditAddress.feature:13)
</pre></div></td>
<td>41</td>
<td>com.runner.TestCodeRed_RunnerClass@367ffa75</td></tr>
<tr>
<td title='com.runner.TestCodeRed_RunnerClass.runScenario()'><b>runScenario</b><br>Test class: com.runner.TestCodeRed_RunnerClass<br>Test method: Runs Cucumber Scenarios<br>Parameters: "The user view the message history of inbox message", "The user accessing the Message functionality"</td>
<td><div><pre>io.cucumber.core.exception.CucumberException: Failed to instantiate class com.stepdefinitions.messageStepDefanition
	at io.cucumber.core.backend.DefaultObjectFactory.cacheNewInstance(DefaultObjectFactory.java:67)
	at io.cucumber.core.backend.DefaultObjectFactory.getInstance(DefaultObjectFactory.java:45)
	at io.cucumber.java.AbstractGlueDefinition.invokeMethod(AbstractGlueDefinition.java:47)
	at io.cucumber.java.JavaStepDefinition.execute(JavaStepDefinition.java:29)
	at io.cucumber.core.runner.CoreStepDefinition.execute(CoreStepDefinition.java:66)
	at io.cucumber.core.runner.PickleStepDefinitionMatch.runStep(PickleStepDefinitionMatch.java:63)
	at io.cucumber.core.runner.ExecutionMode$1.execute(ExecutionMode.java:10)
	at io.cucumber.core.runner.TestStep.executeStep(TestStep.java:84)
	at io.cucumber.core.runner.TestStep.run(TestStep.java:56)
	at io.cucumber.core.runner.PickleStepTestStep.run(PickleStepTestStep.java:51)
	at io.cucumber.core.runner.TestCase.run(TestCase.java:84)
	at io.cucumber.core.runner.Runner.runPickle(Runner.java:75)
	at io.cucumber.testng.TestNGCucumberRunner.lambda$runScenario$1(TestNGCucumberRunner.java:132)
	at io.cucumber.core.runtime.CucumberExecutionContext.lambda$runTestCase$5(CucumberExecutionContext.java:137)
	at io.cucumber.core.runtime.RethrowingThrowableCollector.executeAndThrow(RethrowingThrowableCollector.java:23)
	at io.cucumber.core.runtime.CucumberExecutionContext.runTestCase(CucumberExecutionContext.java:137)
	at io.cucumber.testng.TestNGCucumberRunner.runScenario(TestNGCucumberRunner.java:129)
	at io.cucumber.testng.AbstractTestNGCucumberTests.runScenario(AbstractTestNGCucumberTests.java:35)
	at jdk.internal.reflect.GeneratedMethodAccessor6.invoke(Unknown Source)
	at java.base/jdk.internal.reflect.DelegatingMethodAccessorImpl.invoke(DelegatingMethodAccessorImpl.java:43)
	at java.base/java.lang.reflect.Method.invoke(Method.java:568)
	at org.testng.internal.invokers.MethodInvocationHelper.invokeMethod(MethodInvocationHelper.java:139)
	at org.testng.internal.invokers.TestInvoker.invokeMethod(TestInvoker.java:664)
	at org.testng.internal.invokers.TestInvoker.invokeTestMethod(TestInvoker.java:227)
	at org.testng.internal.invokers.MethodRunner.runInSequence(MethodRunner.java:50)
	at org.testng.internal.invokers.TestInvoker$MethodInvocationAgent.invoke(TestInvoker.java:957)
	at org.testng.internal.invokers.TestInvoker.invokeTestMethods(TestInvoker.java:200)
	at org.testng.internal.invokers.TestMethodWorker.invokeTestMethods(TestMethodWorker.java:148)
	at org.testng.internal.invokers.TestMethodWorker.run(TestMethodWorker.java:128)
	at java.base/java.util.ArrayList.forEach(ArrayList.java:1511)
	at org.testng.TestRunner.privateRun(TestRunner.java:848)
	at org.testng.TestRunner.run(TestRunner.java:621)
	at org.testng.SuiteRunner.runTest(SuiteRunner.java:443)
	at org.testng.SuiteRunner.runSequentially(SuiteRunner.java:437)
	at org.testng.SuiteRunner.privateRun(SuiteRunner.java:397)
	at org.testng.SuiteRunner.run(SuiteRunner.java:336)
	at org.testng.SuiteRunnerWorker.runSuite(SuiteRunnerWorker.java:52)
	at org.testng.SuiteRunnerWorker.run(SuiteRunnerWorker.java:95)
	at org.testng.TestNG.runSuitesSequentially(TestNG.java:1280)
	at org.testng.TestNG.runSuitesLocally(TestNG.java:1200)
	at org.testng.TestNG.runSuites(TestNG.java:1114)
	at org.testng.TestNG.run(TestNG.java:1082)
	at org.testng.remote.AbstractRemoteTestNG.run(AbstractRemoteTestNG.java:115)
	at org.testng.remote.RemoteTestNG.initAndRun(RemoteTestNG.java:251)
	at org.testng.remote.RemoteTestNG.main(RemoteTestNG.java:77)
Caused by: java.lang.reflect.InvocationTargetException
	at java.base/jdk.internal.reflect.NativeConstructorAccessorImpl.newInstance0(Native Method)
	at java.base/jdk.internal.reflect.NativeConstructorAccessorImpl.newInstance(NativeConstructorAccessorImpl.java:77)
	at java.base/jdk.internal.reflect.DelegatingConstructorAccessorImpl.newInstance(DelegatingConstructorAccessorImpl.java:45)
	at java.base/java.lang.reflect.Constructor.newInstanceWithCaller(Constructor.java:499)
	at java.base/java.lang.reflect.Constructor.newInstance(Constructor.java:480)
	at io.cucumber.core.backend.DefaultObjectFactory.cacheNewInstance(DefaultObjectFactory.java:53)
	... 44 more
Caused by: java.lang.NullPointerException: inStream parameter is null
	at java.base/java.util.Objects.requireNonNull(Objects.java:233)
	at java.base/java.util.Properties.load(Properties.java:407)
	at com.utility.UtilityClassMessage.data(UtilityClassMessage.java:27)
	at com.utility.UtilityClassMessage.&lt;init&gt;(UtilityClassMessage.java:14)
	at com.stepdefinitions.messageStepDefanition.&lt;init&gt;(messageStepDefanition.java:20)
	... 50 more
</pre></div><a href='#' onClick='toggleBox("stack-trace288043672", this, "Click to show all stack frames", "Click to hide stack frames")'>Click to show all stack frames</a>
<div class='stack-trace' id='stack-trace288043672'><pre>io.cucumber.core.exception.CucumberException: Failed to instantiate class com.stepdefinitions.messageStepDefanition
	at io.cucumber.core.backend.DefaultObjectFactory.cacheNewInstance(DefaultObjectFactory.java:67)
	at io.cucumber.core.backend.DefaultObjectFactory.getInstance(DefaultObjectFactory.java:45)
	at io.cucumber.java.AbstractGlueDefinition.invokeMethod(AbstractGlueDefinition.java:47)
	at io.cucumber.java.JavaStepDefinition.execute(JavaStepDefinition.java:29)
	at io.cucumber.core.runner.CoreStepDefinition.execute(CoreStepDefinition.java:66)
	at io.cucumber.core.runner.PickleStepDefinitionMatch.runStep(PickleStepDefinitionMatch.java:63)
	at io.cucumber.core.runner.ExecutionMode$1.execute(ExecutionMode.java:10)
	at io.cucumber.core.runner.TestStep.executeStep(TestStep.java:84)
	at io.cucumber.core.runner.TestStep.run(TestStep.java:56)
	at io.cucumber.core.runner.PickleStepTestStep.run(PickleStepTestStep.java:51)
	at io.cucumber.core.runner.TestCase.run(TestCase.java:84)
	at io.cucumber.core.runner.Runner.runPickle(Runner.java:75)
	at io.cucumber.testng.TestNGCucumberRunner.lambda$runScenario$1(TestNGCucumberRunner.java:132)
	at io.cucumber.core.runtime.CucumberExecutionContext.lambda$runTestCase$5(CucumberExecutionContext.java:137)
	at io.cucumber.core.runtime.RethrowingThrowableCollector.executeAndThrow(RethrowingThrowableCollector.java:23)
	at io.cucumber.core.runtime.CucumberExecutionContext.runTestCase(CucumberExecutionContext.java:137)
	at io.cucumber.testng.TestNGCucumberRunner.runScenario(TestNGCucumberRunner.java:129)
	at io.cucumber.testng.AbstractTestNGCucumberTests.runScenario(AbstractTestNGCucumberTests.java:35)
	at jdk.internal.reflect.GeneratedMethodAccessor6.invoke(Unknown Source)
	at java.base/jdk.internal.reflect.DelegatingMethodAccessorImpl.invoke(DelegatingMethodAccessorImpl.java:43)
	at java.base/java.lang.reflect.Method.invoke(Method.java:568)
	at org.testng.internal.invokers.MethodInvocationHelper.invokeMethod(MethodInvocationHelper.java:139)
	at org.testng.internal.invokers.TestInvoker.invokeMethod(TestInvoker.java:664)
	at org.testng.internal.invokers.TestInvoker.invokeTestMethod(TestInvoker.java:227)
	at org.testng.internal.invokers.MethodRunner.runInSequence(MethodRunner.java:50)
	at org.testng.internal.invokers.TestInvoker$MethodInvocationAgent.invoke(TestInvoker.java:957)
	at org.testng.internal.invokers.TestInvoker.invokeTestMethods(TestInvoker.java:200)
	at org.testng.internal.invokers.TestMethodWorker.invokeTestMethods(TestMethodWorker.java:148)
	at org.testng.internal.invokers.TestMethodWorker.run(TestMethodWorker.java:128)
	at java.base/java.util.ArrayList.forEach(ArrayList.java:1511)
	at org.testng.TestRunner.privateRun(TestRunner.java:848)
	at org.testng.TestRunner.run(TestRunner.java:621)
	at org.testng.SuiteRunner.runTest(SuiteRunner.java:443)
	at org.testng.SuiteRunner.runSequentially(SuiteRunner.java:437)
	at org.testng.SuiteRunner.privateRun(SuiteRunner.java:397)
	at org.testng.SuiteRunner.run(SuiteRunner.java:336)
	at org.testng.SuiteRunnerWorker.runSuite(SuiteRunnerWorker.java:52)
	at org.testng.SuiteRunnerWorker.run(SuiteRunnerWorker.java:95)
	at org.testng.TestNG.runSuitesSequentially(TestNG.java:1280)
	at org.testng.TestNG.runSuitesLocally(TestNG.java:1200)
	at org.testng.TestNG.runSuites(TestNG.java:1114)
	at org.testng.TestNG.run(TestNG.java:1082)
	at org.testng.remote.AbstractRemoteTestNG.run(AbstractRemoteTestNG.java:115)
	at org.testng.remote.RemoteTestNG.initAndRun(RemoteTestNG.java:251)
	at org.testng.remote.RemoteTestNG.main(RemoteTestNG.java:77)
Caused by: java.lang.reflect.InvocationTargetException
	at java.base/jdk.internal.reflect.NativeConstructorAccessorImpl.newInstance0(Native Method)
	at java.base/jdk.internal.reflect.NativeConstructorAccessorImpl.newInstance(NativeConstructorAccessorImpl.java:77)
	at java.base/jdk.internal.reflect.DelegatingConstructorAccessorImpl.newInstance(DelegatingConstructorAccessorImpl.java:45)
	at java.base/java.lang.reflect.Constructor.newInstanceWithCaller(Constructor.java:499)
	at java.base/java.lang.reflect.Constructor.newInstance(Constructor.java:480)
	at io.cucumber.core.backend.DefaultObjectFactory.cacheNewInstance(DefaultObjectFactory.java:53)
	... 44 more
Caused by: java.lang.NullPointerException: inStream parameter is null
	at java.base/java.util.Objects.requireNonNull(Objects.java:233)
	at java.base/java.util.Properties.load(Properties.java:407)
	at com.utility.UtilityClassMessage.data(UtilityClassMessage.java:27)
	at com.utility.UtilityClassMessage.&lt;init&gt;(UtilityClassMessage.java:14)
	at com.stepdefinitions.messageStepDefanition.&lt;init&gt;(messageStepDefanition.java:20)
	... 50 more
</pre></div></td>
<td>14</td>
<td>com.runner.TestCodeRed_RunnerClass@367ffa75</td></tr>
<tr>
<td title='com.runner.TestCodeRed_RunnerClass.runScenario()'><b>runScenario</b><br>Test class: com.runner.TestCodeRed_RunnerClass<br>Test method: Runs Cucumber Scenarios<br>Parameters: "The user send the message", "The user accessing the Message functionality"</td>
<td><div><pre>io.cucumber.core.exception.CucumberException: Failed to instantiate class com.stepdefinitions.messageStepDefanition
	at io.cucumber.core.backend.DefaultObjectFactory.cacheNewInstance(DefaultObjectFactory.java:67)
	at io.cucumber.core.backend.DefaultObjectFactory.getInstance(DefaultObjectFactory.java:45)
	at io.cucumber.java.AbstractGlueDefinition.invokeMethod(AbstractGlueDefinition.java:47)
	at io.cucumber.java.JavaStepDefinition.execute(JavaStepDefinition.java:29)
	at io.cucumber.core.runner.CoreStepDefinition.execute(CoreStepDefinition.java:66)
	at io.cucumber.core.runner.PickleStepDefinitionMatch.runStep(PickleStepDefinitionMatch.java:63)
	at io.cucumber.core.runner.ExecutionMode$1.execute(ExecutionMode.java:10)
	at io.cucumber.core.runner.TestStep.executeStep(TestStep.java:84)
	at io.cucumber.core.runner.TestStep.run(TestStep.java:56)
	at io.cucumber.core.runner.PickleStepTestStep.run(PickleStepTestStep.java:51)
	at io.cucumber.core.runner.TestCase.run(TestCase.java:84)
	at io.cucumber.core.runner.Runner.runPickle(Runner.java:75)
	at io.cucumber.testng.TestNGCucumberRunner.lambda$runScenario$1(TestNGCucumberRunner.java:132)
	at io.cucumber.core.runtime.CucumberExecutionContext.lambda$runTestCase$5(CucumberExecutionContext.java:137)
	at io.cucumber.core.runtime.RethrowingThrowableCollector.executeAndThrow(RethrowingThrowableCollector.java:23)
	at io.cucumber.core.runtime.CucumberExecutionContext.runTestCase(CucumberExecutionContext.java:137)
	at io.cucumber.testng.TestNGCucumberRunner.runScenario(TestNGCucumberRunner.java:129)
	at io.cucumber.testng.AbstractTestNGCucumberTests.runScenario(AbstractTestNGCucumberTests.java:35)
	at jdk.internal.reflect.GeneratedMethodAccessor6.invoke(Unknown Source)
	at java.base/jdk.internal.reflect.DelegatingMethodAccessorImpl.invoke(DelegatingMethodAccessorImpl.java:43)
	at java.base/java.lang.reflect.Method.invoke(Method.java:568)
	at org.testng.internal.invokers.MethodInvocationHelper.invokeMethod(MethodInvocationHelper.java:139)
	at org.testng.internal.invokers.TestInvoker.invokeMethod(TestInvoker.java:664)
	at org.testng.internal.invokers.TestInvoker.invokeTestMethod(TestInvoker.java:227)
	at org.testng.internal.invokers.MethodRunner.runInSequence(MethodRunner.java:50)
	at org.testng.internal.invokers.TestInvoker$MethodInvocationAgent.invoke(TestInvoker.java:957)
	at org.testng.internal.invokers.TestInvoker.invokeTestMethods(TestInvoker.java:200)
	at org.testng.internal.invokers.TestMethodWorker.invokeTestMethods(TestMethodWorker.java:148)
	at org.testng.internal.invokers.TestMethodWorker.run(TestMethodWorker.java:128)
	at java.base/java.util.ArrayList.forEach(ArrayList.java:1511)
	at org.testng.TestRunner.privateRun(TestRunner.java:848)
	at org.testng.TestRunner.run(TestRunner.java:621)
	at org.testng.SuiteRunner.runTest(SuiteRunner.java:443)
	at org.testng.SuiteRunner.runSequentially(SuiteRunner.java:437)
	at org.testng.SuiteRunner.privateRun(SuiteRunner.java:397)
	at org.testng.SuiteRunner.run(SuiteRunner.java:336)
	at org.testng.SuiteRunnerWorker.runSuite(SuiteRunnerWorker.java:52)
	at org.testng.SuiteRunnerWorker.run(SuiteRunnerWorker.java:95)
	at org.testng.TestNG.runSuitesSequentially(TestNG.java:1280)
	at org.testng.TestNG.runSuitesLocally(TestNG.java:1200)
	at org.testng.TestNG.runSuites(TestNG.java:1114)
	at org.testng.TestNG.run(TestNG.java:1082)
	at org.testng.remote.AbstractRemoteTestNG.run(AbstractRemoteTestNG.java:115)
	at org.testng.remote.RemoteTestNG.initAndRun(RemoteTestNG.java:251)
	at org.testng.remote.RemoteTestNG.main(RemoteTestNG.java:77)
Caused by: java.lang.reflect.InvocationTargetException
	at java.base/jdk.internal.reflect.NativeConstructorAccessorImpl.newInstance0(Native Method)
	at java.base/jdk.internal.reflect.NativeConstructorAccessorImpl.newInstance(NativeConstructorAccessorImpl.java:77)
	at java.base/jdk.internal.reflect.DelegatingConstructorAccessorImpl.newInstance(DelegatingConstructorAccessorImpl.java:45)
	at java.base/java.lang.reflect.Constructor.newInstanceWithCaller(Constructor.java:499)
	at java.base/java.lang.reflect.Constructor.newInstance(Constructor.java:480)
	at io.cucumber.core.backend.DefaultObjectFactory.cacheNewInstance(DefaultObjectFactory.java:53)
	... 44 more
Caused by: java.lang.NullPointerException: inStream parameter is null
	at java.base/java.util.Objects.requireNonNull(Objects.java:233)
	at java.base/java.util.Properties.load(Properties.java:407)
	at com.utility.UtilityClassMessage.data(UtilityClassMessage.java:27)
	at com.utility.UtilityClassMessage.&lt;init&gt;(UtilityClassMessage.java:14)
	at com.stepdefinitions.messageStepDefanition.&lt;init&gt;(messageStepDefanition.java:20)
	... 50 more
</pre></div><a href='#' onClick='toggleBox("stack-trace216577438", this, "Click to show all stack frames", "Click to hide stack frames")'>Click to show all stack frames</a>
<div class='stack-trace' id='stack-trace216577438'><pre>io.cucumber.core.exception.CucumberException: Failed to instantiate class com.stepdefinitions.messageStepDefanition
	at io.cucumber.core.backend.DefaultObjectFactory.cacheNewInstance(DefaultObjectFactory.java:67)
	at io.cucumber.core.backend.DefaultObjectFactory.getInstance(DefaultObjectFactory.java:45)
	at io.cucumber.java.AbstractGlueDefinition.invokeMethod(AbstractGlueDefinition.java:47)
	at io.cucumber.java.JavaStepDefinition.execute(JavaStepDefinition.java:29)
	at io.cucumber.core.runner.CoreStepDefinition.execute(CoreStepDefinition.java:66)
	at io.cucumber.core.runner.PickleStepDefinitionMatch.runStep(PickleStepDefinitionMatch.java:63)
	at io.cucumber.core.runner.ExecutionMode$1.execute(ExecutionMode.java:10)
	at io.cucumber.core.runner.TestStep.executeStep(TestStep.java:84)
	at io.cucumber.core.runner.TestStep.run(TestStep.java:56)
	at io.cucumber.core.runner.PickleStepTestStep.run(PickleStepTestStep.java:51)
	at io.cucumber.core.runner.TestCase.run(TestCase.java:84)
	at io.cucumber.core.runner.Runner.runPickle(Runner.java:75)
	at io.cucumber.testng.TestNGCucumberRunner.lambda$runScenario$1(TestNGCucumberRunner.java:132)
	at io.cucumber.core.runtime.CucumberExecutionContext.lambda$runTestCase$5(CucumberExecutionContext.java:137)
	at io.cucumber.core.runtime.RethrowingThrowableCollector.executeAndThrow(RethrowingThrowableCollector.java:23)
	at io.cucumber.core.runtime.CucumberExecutionContext.runTestCase(CucumberExecutionContext.java:137)
	at io.cucumber.testng.TestNGCucumberRunner.runScenario(TestNGCucumberRunner.java:129)
	at io.cucumber.testng.AbstractTestNGCucumberTests.runScenario(AbstractTestNGCucumberTests.java:35)
	at jdk.internal.reflect.GeneratedMethodAccessor6.invoke(Unknown Source)
	at java.base/jdk.internal.reflect.DelegatingMethodAccessorImpl.invoke(DelegatingMethodAccessorImpl.java:43)
	at java.base/java.lang.reflect.Method.invoke(Method.java:568)
	at org.testng.internal.invokers.MethodInvocationHelper.invokeMethod(MethodInvocationHelper.java:139)
	at org.testng.internal.invokers.TestInvoker.invokeMethod(TestInvoker.java:664)
	at org.testng.internal.invokers.TestInvoker.invokeTestMethod(TestInvoker.java:227)
	at org.testng.internal.invokers.MethodRunner.runInSequence(MethodRunner.java:50)
	at org.testng.internal.invokers.TestInvoker$MethodInvocationAgent.invoke(TestInvoker.java:957)
	at org.testng.internal.invokers.TestInvoker.invokeTestMethods(TestInvoker.java:200)
	at org.testng.internal.invokers.TestMethodWorker.invokeTestMethods(TestMethodWorker.java:148)
	at org.testng.internal.invokers.TestMethodWorker.run(TestMethodWorker.java:128)
	at java.base/java.util.ArrayList.forEach(ArrayList.java:1511)
	at org.testng.TestRunner.privateRun(TestRunner.java:848)
	at org.testng.TestRunner.run(TestRunner.java:621)
	at org.testng.SuiteRunner.runTest(SuiteRunner.java:443)
	at org.testng.SuiteRunner.runSequentially(SuiteRunner.java:437)
	at org.testng.SuiteRunner.privateRun(SuiteRunner.java:397)
	at org.testng.SuiteRunner.run(SuiteRunner.java:336)
	at org.testng.SuiteRunnerWorker.runSuite(SuiteRunnerWorker.java:52)
	at org.testng.SuiteRunnerWorker.run(SuiteRunnerWorker.java:95)
	at org.testng.TestNG.runSuitesSequentially(TestNG.java:1280)
	at org.testng.TestNG.runSuitesLocally(TestNG.java:1200)
	at org.testng.TestNG.runSuites(TestNG.java:1114)
	at org.testng.TestNG.run(TestNG.java:1082)
	at org.testng.remote.AbstractRemoteTestNG.run(AbstractRemoteTestNG.java:115)
	at org.testng.remote.RemoteTestNG.initAndRun(RemoteTestNG.java:251)
	at org.testng.remote.RemoteTestNG.main(RemoteTestNG.java:77)
Caused by: java.lang.reflect.InvocationTargetException
	at java.base/jdk.internal.reflect.NativeConstructorAccessorImpl.newInstance0(Native Method)
	at java.base/jdk.internal.reflect.NativeConstructorAccessorImpl.newInstance(NativeConstructorAccessorImpl.java:77)
	at java.base/jdk.internal.reflect.DelegatingConstructorAccessorImpl.newInstance(DelegatingConstructorAccessorImpl.java:45)
	at java.base/java.lang.reflect.Constructor.newInstanceWithCaller(Constructor.java:499)
	at java.base/java.lang.reflect.Constructor.newInstance(Constructor.java:480)
	at io.cucumber.core.backend.DefaultObjectFactory.cacheNewInstance(DefaultObjectFactory.java:53)
	... 44 more
Caused by: java.lang.NullPointerException: inStream parameter is null
	at java.base/java.util.Objects.requireNonNull(Objects.java:233)
	at java.base/java.util.Properties.load(Properties.java:407)
	at com.utility.UtilityClassMessage.data(UtilityClassMessage.java:27)
	at com.utility.UtilityClassMessage.&lt;init&gt;(UtilityClassMessage.java:14)
	at com.stepdefinitions.messageStepDefanition.&lt;init&gt;(messageStepDefanition.java:20)
	... 50 more
</pre></div></td>
<td>9</td>
<td>com.runner.TestCodeRed_RunnerClass@367ffa75</td></tr>
<tr>
<td title='com.runner.TestCodeRed_RunnerClass.runScenario()'><b>runScenario</b><br>Test class: com.runner.TestCodeRed_RunnerClass<br>Test method: Runs Cucumber Scenarios<br>Parameters: "The user not able to send message without required details", "The user accessing the Message functionality"</td>
<td><div><pre>io.cucumber.core.exception.CucumberException: Failed to instantiate class com.stepdefinitions.messageStepDefanition
	at io.cucumber.core.backend.DefaultObjectFactory.cacheNewInstance(DefaultObjectFactory.java:67)
	at io.cucumber.core.backend.DefaultObjectFactory.getInstance(DefaultObjectFactory.java:45)
	at io.cucumber.java.AbstractGlueDefinition.invokeMethod(AbstractGlueDefinition.java:47)
	at io.cucumber.java.JavaStepDefinition.execute(JavaStepDefinition.java:29)
	at io.cucumber.core.runner.CoreStepDefinition.execute(CoreStepDefinition.java:66)
	at io.cucumber.core.runner.PickleStepDefinitionMatch.runStep(PickleStepDefinitionMatch.java:63)
	at io.cucumber.core.runner.ExecutionMode$1.execute(ExecutionMode.java:10)
	at io.cucumber.core.runner.TestStep.executeStep(TestStep.java:84)
	at io.cucumber.core.runner.TestStep.run(TestStep.java:56)
	at io.cucumber.core.runner.PickleStepTestStep.run(PickleStepTestStep.java:51)
	at io.cucumber.core.runner.TestCase.run(TestCase.java:84)
	at io.cucumber.core.runner.Runner.runPickle(Runner.java:75)
	at io.cucumber.testng.TestNGCucumberRunner.lambda$runScenario$1(TestNGCucumberRunner.java:132)
	at io.cucumber.core.runtime.CucumberExecutionContext.lambda$runTestCase$5(CucumberExecutionContext.java:137)
	at io.cucumber.core.runtime.RethrowingThrowableCollector.executeAndThrow(RethrowingThrowableCollector.java:23)
	at io.cucumber.core.runtime.CucumberExecutionContext.runTestCase(CucumberExecutionContext.java:137)
	at io.cucumber.testng.TestNGCucumberRunner.runScenario(TestNGCucumberRunner.java:129)
	at io.cucumber.testng.AbstractTestNGCucumberTests.runScenario(AbstractTestNGCucumberTests.java:35)
	at jdk.internal.reflect.GeneratedMethodAccessor6.invoke(Unknown Source)
	at java.base/jdk.internal.reflect.DelegatingMethodAccessorImpl.invoke(DelegatingMethodAccessorImpl.java:43)
	at java.base/java.lang.reflect.Method.invoke(Method.java:568)
	at org.testng.internal.invokers.MethodInvocationHelper.invokeMethod(MethodInvocationHelper.java:139)
	at org.testng.internal.invokers.TestInvoker.invokeMethod(TestInvoker.java:664)
	at org.testng.internal.invokers.TestInvoker.invokeTestMethod(TestInvoker.java:227)
	at org.testng.internal.invokers.MethodRunner.runInSequence(MethodRunner.java:50)
	at org.testng.internal.invokers.TestInvoker$MethodInvocationAgent.invoke(TestInvoker.java:957)
	at org.testng.internal.invokers.TestInvoker.invokeTestMethods(TestInvoker.java:200)
	at org.testng.internal.invokers.TestMethodWorker.invokeTestMethods(TestMethodWorker.java:148)
	at org.testng.internal.invokers.TestMethodWorker.run(TestMethodWorker.java:128)
	at java.base/java.util.ArrayList.forEach(ArrayList.java:1511)
	at org.testng.TestRunner.privateRun(TestRunner.java:848)
	at org.testng.TestRunner.run(TestRunner.java:621)
	at org.testng.SuiteRunner.runTest(SuiteRunner.java:443)
	at org.testng.SuiteRunner.runSequentially(SuiteRunner.java:437)
	at org.testng.SuiteRunner.privateRun(SuiteRunner.java:397)
	at org.testng.SuiteRunner.run(SuiteRunner.java:336)
	at org.testng.SuiteRunnerWorker.runSuite(SuiteRunnerWorker.java:52)
	at org.testng.SuiteRunnerWorker.run(SuiteRunnerWorker.java:95)
	at org.testng.TestNG.runSuitesSequentially(TestNG.java:1280)
	at org.testng.TestNG.runSuitesLocally(TestNG.java:1200)
	at org.testng.TestNG.runSuites(TestNG.java:1114)
	at org.testng.TestNG.run(TestNG.java:1082)
	at org.testng.remote.AbstractRemoteTestNG.run(AbstractRemoteTestNG.java:115)
	at org.testng.remote.RemoteTestNG.initAndRun(RemoteTestNG.java:251)
	at org.testng.remote.RemoteTestNG.main(RemoteTestNG.java:77)
Caused by: java.lang.reflect.InvocationTargetException
	at java.base/jdk.internal.reflect.NativeConstructorAccessorImpl.newInstance0(Native Method)
	at java.base/jdk.internal.reflect.NativeConstructorAccessorImpl.newInstance(NativeConstructorAccessorImpl.java:77)
	at java.base/jdk.internal.reflect.DelegatingConstructorAccessorImpl.newInstance(DelegatingConstructorAccessorImpl.java:45)
	at java.base/java.lang.reflect.Constructor.newInstanceWithCaller(Constructor.java:499)
	at java.base/java.lang.reflect.Constructor.newInstance(Constructor.java:480)
	at io.cucumber.core.backend.DefaultObjectFactory.cacheNewInstance(DefaultObjectFactory.java:53)
	... 44 more
Caused by: java.lang.NullPointerException: inStream parameter is null
	at java.base/java.util.Objects.requireNonNull(Objects.java:233)
	at java.base/java.util.Properties.load(Properties.java:407)
	at com.utility.UtilityClassMessage.data(UtilityClassMessage.java:27)
	at com.utility.UtilityClassMessage.&lt;init&gt;(UtilityClassMessage.java:14)
	at com.stepdefinitions.messageStepDefanition.&lt;init&gt;(messageStepDefanition.java:20)
	... 50 more
</pre></div><a href='#' onClick='toggleBox("stack-trace49322247", this, "Click to show all stack frames", "Click to hide stack frames")'>Click to show all stack frames</a>
<div class='stack-trace' id='stack-trace49322247'><pre>io.cucumber.core.exception.CucumberException: Failed to instantiate class com.stepdefinitions.messageStepDefanition
	at io.cucumber.core.backend.DefaultObjectFactory.cacheNewInstance(DefaultObjectFactory.java:67)
	at io.cucumber.core.backend.DefaultObjectFactory.getInstance(DefaultObjectFactory.java:45)
	at io.cucumber.java.AbstractGlueDefinition.invokeMethod(AbstractGlueDefinition.java:47)
	at io.cucumber.java.JavaStepDefinition.execute(JavaStepDefinition.java:29)
	at io.cucumber.core.runner.CoreStepDefinition.execute(CoreStepDefinition.java:66)
	at io.cucumber.core.runner.PickleStepDefinitionMatch.runStep(PickleStepDefinitionMatch.java:63)
	at io.cucumber.core.runner.ExecutionMode$1.execute(ExecutionMode.java:10)
	at io.cucumber.core.runner.TestStep.executeStep(TestStep.java:84)
	at io.cucumber.core.runner.TestStep.run(TestStep.java:56)
	at io.cucumber.core.runner.PickleStepTestStep.run(PickleStepTestStep.java:51)
	at io.cucumber.core.runner.TestCase.run(TestCase.java:84)
	at io.cucumber.core.runner.Runner.runPickle(Runner.java:75)
	at io.cucumber.testng.TestNGCucumberRunner.lambda$runScenario$1(TestNGCucumberRunner.java:132)
	at io.cucumber.core.runtime.CucumberExecutionContext.lambda$runTestCase$5(CucumberExecutionContext.java:137)
	at io.cucumber.core.runtime.RethrowingThrowableCollector.executeAndThrow(RethrowingThrowableCollector.java:23)
	at io.cucumber.core.runtime.CucumberExecutionContext.runTestCase(CucumberExecutionContext.java:137)
	at io.cucumber.testng.TestNGCucumberRunner.runScenario(TestNGCucumberRunner.java:129)
	at io.cucumber.testng.AbstractTestNGCucumberTests.runScenario(AbstractTestNGCucumberTests.java:35)
	at jdk.internal.reflect.GeneratedMethodAccessor6.invoke(Unknown Source)
	at java.base/jdk.internal.reflect.DelegatingMethodAccessorImpl.invoke(DelegatingMethodAccessorImpl.java:43)
	at java.base/java.lang.reflect.Method.invoke(Method.java:568)
	at org.testng.internal.invokers.MethodInvocationHelper.invokeMethod(MethodInvocationHelper.java:139)
	at org.testng.internal.invokers.TestInvoker.invokeMethod(TestInvoker.java:664)
	at org.testng.internal.invokers.TestInvoker.invokeTestMethod(TestInvoker.java:227)
	at org.testng.internal.invokers.MethodRunner.runInSequence(MethodRunner.java:50)
	at org.testng.internal.invokers.TestInvoker$MethodInvocationAgent.invoke(TestInvoker.java:957)
	at org.testng.internal.invokers.TestInvoker.invokeTestMethods(TestInvoker.java:200)
	at org.testng.internal.invokers.TestMethodWorker.invokeTestMethods(TestMethodWorker.java:148)
	at org.testng.internal.invokers.TestMethodWorker.run(TestMethodWorker.java:128)
	at java.base/java.util.ArrayList.forEach(ArrayList.java:1511)
	at org.testng.TestRunner.privateRun(TestRunner.java:848)
	at org.testng.TestRunner.run(TestRunner.java:621)
	at org.testng.SuiteRunner.runTest(SuiteRunner.java:443)
	at org.testng.SuiteRunner.runSequentially(SuiteRunner.java:437)
	at org.testng.SuiteRunner.privateRun(SuiteRunner.java:397)
	at org.testng.SuiteRunner.run(SuiteRunner.java:336)
	at org.testng.SuiteRunnerWorker.runSuite(SuiteRunnerWorker.java:52)
	at org.testng.SuiteRunnerWorker.run(SuiteRunnerWorker.java:95)
	at org.testng.TestNG.runSuitesSequentially(TestNG.java:1280)
	at org.testng.TestNG.runSuitesLocally(TestNG.java:1200)
	at org.testng.TestNG.runSuites(TestNG.java:1114)
	at org.testng.TestNG.run(TestNG.java:1082)
	at org.testng.remote.AbstractRemoteTestNG.run(AbstractRemoteTestNG.java:115)
	at org.testng.remote.RemoteTestNG.initAndRun(RemoteTestNG.java:251)
	at org.testng.remote.RemoteTestNG.main(RemoteTestNG.java:77)
Caused by: java.lang.reflect.InvocationTargetException
	at java.base/jdk.internal.reflect.NativeConstructorAccessorImpl.newInstance0(Native Method)
	at java.base/jdk.internal.reflect.NativeConstructorAccessorImpl.newInstance(NativeConstructorAccessorImpl.java:77)
	at java.base/jdk.internal.reflect.DelegatingConstructorAccessorImpl.newInstance(DelegatingConstructorAccessorImpl.java:45)
	at java.base/java.lang.reflect.Constructor.newInstanceWithCaller(Constructor.java:499)
	at java.base/java.lang.reflect.Constructor.newInstance(Constructor.java:480)
	at io.cucumber.core.backend.DefaultObjectFactory.cacheNewInstance(DefaultObjectFactory.java:53)
	... 44 more
Caused by: java.lang.NullPointerException: inStream parameter is null
	at java.base/java.util.Objects.requireNonNull(Objects.java:233)
	at java.base/java.util.Properties.load(Properties.java:407)
	at com.utility.UtilityClassMessage.data(UtilityClassMessage.java:27)
	at com.utility.UtilityClassMessage.&lt;init&gt;(UtilityClassMessage.java:14)
	at com.stepdefinitions.messageStepDefanition.&lt;init&gt;(messageStepDefanition.java:20)
	... 50 more
</pre></div></td>
<td>16</td>
<td>com.runner.TestCodeRed_RunnerClass@367ffa75</td></tr>
<tr>
<td title='com.runner.TestCodeRed_RunnerClass.runScenario()'><b>runScenario</b><br>Test class: com.runner.TestCodeRed_RunnerClass<br>Test method: Runs Cucumber Scenarios<br>Parameters: "User uses the Advertisement Interests", "User Processing the Advertisement Interests in Marketplace feature available in Cyclos Payment Software Web Application"</td>
<td><div><pre>io.cucumber.core.exception.CucumberException: Failed to instantiate class com.stepdefinitions.InterestsDefinitions
	at io.cucumber.core.backend.DefaultObjectFactory.cacheNewInstance(DefaultObjectFactory.java:67)
	at io.cucumber.core.backend.DefaultObjectFactory.getInstance(DefaultObjectFactory.java:45)
	at io.cucumber.java.AbstractGlueDefinition.invokeMethod(AbstractGlueDefinition.java:47)
	at io.cucumber.java.JavaStepDefinition.execute(JavaStepDefinition.java:29)
	at io.cucumber.core.runner.CoreStepDefinition.execute(CoreStepDefinition.java:66)
	at io.cucumber.core.runner.PickleStepDefinitionMatch.runStep(PickleStepDefinitionMatch.java:63)
	at io.cucumber.core.runner.ExecutionMode$1.execute(ExecutionMode.java:10)
	at io.cucumber.core.runner.TestStep.executeStep(TestStep.java:84)
	at io.cucumber.core.runner.TestStep.run(TestStep.java:56)
	at io.cucumber.core.runner.PickleStepTestStep.run(PickleStepTestStep.java:51)
	at io.cucumber.core.runner.TestCase.run(TestCase.java:84)
	at io.cucumber.core.runner.Runner.runPickle(Runner.java:75)
	at io.cucumber.testng.TestNGCucumberRunner.lambda$runScenario$1(TestNGCucumberRunner.java:132)
	at io.cucumber.core.runtime.CucumberExecutionContext.lambda$runTestCase$5(CucumberExecutionContext.java:137)
	at io.cucumber.core.runtime.RethrowingThrowableCollector.executeAndThrow(RethrowingThrowableCollector.java:23)
	at io.cucumber.core.runtime.CucumberExecutionContext.runTestCase(CucumberExecutionContext.java:137)
	at io.cucumber.testng.TestNGCucumberRunner.runScenario(TestNGCucumberRunner.java:129)
	at io.cucumber.testng.AbstractTestNGCucumberTests.runScenario(AbstractTestNGCucumberTests.java:35)
	at java.base/jdk.internal.reflect.NativeMethodAccessorImpl.invoke0(Native Method)
	at java.base/jdk.internal.reflect.NativeMethodAccessorImpl.invoke(NativeMethodAccessorImpl.java:77)
	at java.base/jdk.internal.reflect.DelegatingMethodAccessorImpl.invoke(DelegatingMethodAccessorImpl.java:43)
	at java.base/java.lang.reflect.Method.invoke(Method.java:568)
	at org.testng.internal.invokers.MethodInvocationHelper.invokeMethod(MethodInvocationHelper.java:139)
	at org.testng.internal.invokers.TestInvoker.invokeMethod(TestInvoker.java:664)
	at org.testng.internal.invokers.TestInvoker.invokeTestMethod(TestInvoker.java:227)
	at org.testng.internal.invokers.MethodRunner.runInSequence(MethodRunner.java:50)
	at org.testng.internal.invokers.TestInvoker$MethodInvocationAgent.invoke(TestInvoker.java:957)
	at org.testng.internal.invokers.TestInvoker.invokeTestMethods(TestInvoker.java:200)
	at org.testng.internal.invokers.TestMethodWorker.invokeTestMethods(TestMethodWorker.java:148)
	at org.testng.internal.invokers.TestMethodWorker.run(TestMethodWorker.java:128)
	at java.base/java.util.ArrayList.forEach(ArrayList.java:1511)
	at org.testng.TestRunner.privateRun(TestRunner.java:848)
	at org.testng.TestRunner.run(TestRunner.java:621)
	at org.testng.SuiteRunner.runTest(SuiteRunner.java:443)
	at org.testng.SuiteRunner.runSequentially(SuiteRunner.java:437)
	at org.testng.SuiteRunner.privateRun(SuiteRunner.java:397)
	at org.testng.SuiteRunner.run(SuiteRunner.java:336)
	at org.testng.SuiteRunnerWorker.runSuite(SuiteRunnerWorker.java:52)
	at org.testng.SuiteRunnerWorker.run(SuiteRunnerWorker.java:95)
	at org.testng.TestNG.runSuitesSequentially(TestNG.java:1280)
	at org.testng.TestNG.runSuitesLocally(TestNG.java:1200)
	at org.testng.TestNG.runSuites(TestNG.java:1114)
	at org.testng.TestNG.run(TestNG.java:1082)
	at org.testng.remote.AbstractRemoteTestNG.run(AbstractRemoteTestNG.java:115)
	at org.testng.remote.RemoteTestNG.initAndRun(RemoteTestNG.java:251)
	at org.testng.remote.RemoteTestNG.main(RemoteTestNG.java:77)
Caused by: java.lang.reflect.InvocationTargetException
	at java.base/jdk.internal.reflect.NativeConstructorAccessorImpl.newInstance0(Native Method)
	at java.base/jdk.internal.reflect.NativeConstructorAccessorImpl.newInstance(NativeConstructorAccessorImpl.java:77)
	at java.base/jdk.internal.reflect.DelegatingConstructorAccessorImpl.newInstance(DelegatingConstructorAccessorImpl.java:45)
	at java.base/java.lang.reflect.Constructor.newInstanceWithCaller(Constructor.java:499)
	at java.base/java.lang.reflect.Constructor.newInstance(Constructor.java:480)
	at io.cucumber.core.backend.DefaultObjectFactory.cacheNewInstance(DefaultObjectFactory.java:53)
	... 45 more
Caused by: java.lang.NullPointerException: inStream parameter is null
	at java.base/java.util.Objects.requireNonNull(Objects.java:233)
	at java.base/java.util.Properties.load(Properties.java:407)
	at com.utility.UtilityClassInterests.data(UtilityClassInterests.java:27)
	at com.utility.UtilityClassInterests.&lt;init&gt;(UtilityClassInterests.java:13)
	at com.stepdefinitions.InterestsDefinitions.&lt;init&gt;(InterestsDefinitions.java:13)
	... 51 more
</pre></div><a href='#' onClick='toggleBox("stack-trace746009679", this, "Click to show all stack frames", "Click to hide stack frames")'>Click to show all stack frames</a>
<div class='stack-trace' id='stack-trace746009679'><pre>io.cucumber.core.exception.CucumberException: Failed to instantiate class com.stepdefinitions.InterestsDefinitions
	at io.cucumber.core.backend.DefaultObjectFactory.cacheNewInstance(DefaultObjectFactory.java:67)
	at io.cucumber.core.backend.DefaultObjectFactory.getInstance(DefaultObjectFactory.java:45)
	at io.cucumber.java.AbstractGlueDefinition.invokeMethod(AbstractGlueDefinition.java:47)
	at io.cucumber.java.JavaStepDefinition.execute(JavaStepDefinition.java:29)
	at io.cucumber.core.runner.CoreStepDefinition.execute(CoreStepDefinition.java:66)
	at io.cucumber.core.runner.PickleStepDefinitionMatch.runStep(PickleStepDefinitionMatch.java:63)
	at io.cucumber.core.runner.ExecutionMode$1.execute(ExecutionMode.java:10)
	at io.cucumber.core.runner.TestStep.executeStep(TestStep.java:84)
	at io.cucumber.core.runner.TestStep.run(TestStep.java:56)
	at io.cucumber.core.runner.PickleStepTestStep.run(PickleStepTestStep.java:51)
	at io.cucumber.core.runner.TestCase.run(TestCase.java:84)
	at io.cucumber.core.runner.Runner.runPickle(Runner.java:75)
	at io.cucumber.testng.TestNGCucumberRunner.lambda$runScenario$1(TestNGCucumberRunner.java:132)
	at io.cucumber.core.runtime.CucumberExecutionContext.lambda$runTestCase$5(CucumberExecutionContext.java:137)
	at io.cucumber.core.runtime.RethrowingThrowableCollector.executeAndThrow(RethrowingThrowableCollector.java:23)
	at io.cucumber.core.runtime.CucumberExecutionContext.runTestCase(CucumberExecutionContext.java:137)
	at io.cucumber.testng.TestNGCucumberRunner.runScenario(TestNGCucumberRunner.java:129)
	at io.cucumber.testng.AbstractTestNGCucumberTests.runScenario(AbstractTestNGCucumberTests.java:35)
	at java.base/jdk.internal.reflect.NativeMethodAccessorImpl.invoke0(Native Method)
	at java.base/jdk.internal.reflect.NativeMethodAccessorImpl.invoke(NativeMethodAccessorImpl.java:77)
	at java.base/jdk.internal.reflect.DelegatingMethodAccessorImpl.invoke(DelegatingMethodAccessorImpl.java:43)
	at java.base/java.lang.reflect.Method.invoke(Method.java:568)
	at org.testng.internal.invokers.MethodInvocationHelper.invokeMethod(MethodInvocationHelper.java:139)
	at org.testng.internal.invokers.TestInvoker.invokeMethod(TestInvoker.java:664)
	at org.testng.internal.invokers.TestInvoker.invokeTestMethod(TestInvoker.java:227)
	at org.testng.internal.invokers.MethodRunner.runInSequence(MethodRunner.java:50)
	at org.testng.internal.invokers.TestInvoker$MethodInvocationAgent.invoke(TestInvoker.java:957)
	at org.testng.internal.invokers.TestInvoker.invokeTestMethods(TestInvoker.java:200)
	at org.testng.internal.invokers.TestMethodWorker.invokeTestMethods(TestMethodWorker.java:148)
	at org.testng.internal.invokers.TestMethodWorker.run(TestMethodWorker.java:128)
	at java.base/java.util.ArrayList.forEach(ArrayList.java:1511)
	at org.testng.TestRunner.privateRun(TestRunner.java:848)
	at org.testng.TestRunner.run(TestRunner.java:621)
	at org.testng.SuiteRunner.runTest(SuiteRunner.java:443)
	at org.testng.SuiteRunner.runSequentially(SuiteRunner.java:437)
	at org.testng.SuiteRunner.privateRun(SuiteRunner.java:397)
	at org.testng.SuiteRunner.run(SuiteRunner.java:336)
	at org.testng.SuiteRunnerWorker.runSuite(SuiteRunnerWorker.java:52)
	at org.testng.SuiteRunnerWorker.run(SuiteRunnerWorker.java:95)
	at org.testng.TestNG.runSuitesSequentially(TestNG.java:1280)
	at org.testng.TestNG.runSuitesLocally(TestNG.java:1200)
	at org.testng.TestNG.runSuites(TestNG.java:1114)
	at org.testng.TestNG.run(TestNG.java:1082)
	at org.testng.remote.AbstractRemoteTestNG.run(AbstractRemoteTestNG.java:115)
	at org.testng.remote.RemoteTestNG.initAndRun(RemoteTestNG.java:251)
	at org.testng.remote.RemoteTestNG.main(RemoteTestNG.java:77)
Caused by: java.lang.reflect.InvocationTargetException
	at java.base/jdk.internal.reflect.NativeConstructorAccessorImpl.newInstance0(Native Method)
	at java.base/jdk.internal.reflect.NativeConstructorAccessorImpl.newInstance(NativeConstructorAccessorImpl.java:77)
	at java.base/jdk.internal.reflect.DelegatingConstructorAccessorImpl.newInstance(DelegatingConstructorAccessorImpl.java:45)
	at java.base/java.lang.reflect.Constructor.newInstanceWithCaller(Constructor.java:499)
	at java.base/java.lang.reflect.Constructor.newInstance(Constructor.java:480)
	at io.cucumber.core.backend.DefaultObjectFactory.cacheNewInstance(DefaultObjectFactory.java:53)
	... 45 more
Caused by: java.lang.NullPointerException: inStream parameter is null
	at java.base/java.util.Objects.requireNonNull(Objects.java:233)
	at java.base/java.util.Properties.load(Properties.java:407)
	at com.utility.UtilityClassInterests.data(UtilityClassInterests.java:27)
	at com.utility.UtilityClassInterests.&lt;init&gt;(UtilityClassInterests.java:13)
	at com.stepdefinitions.InterestsDefinitions.&lt;init&gt;(InterestsDefinitions.java:13)
	... 51 more
</pre></div></td>
<td>18</td>
<td>com.runner.TestCodeRed_RunnerClass@367ffa75</td></tr>
<tr>
<td title='com.runner.TestCodeRed_RunnerClass.runScenario()'><b>runScenario</b><br>Test class: com.runner.TestCodeRed_RunnerClass<br>Test method: Runs Cucumber Scenarios<br>Parameters: "View Account summary by adding payment filter as Member Payments", "Account Information"</td>
<td><div><pre>java.lang.NullPointerException: Cannot invoke &quot;org.openqa.selenium.JavascriptExecutor.executeScript(String, Object[])&quot; because &quot;com.utility.HelperClass.javascriptExe&quot; is null
	at com.stepdefinitions.AccountInformatioStepDefinition.user_get_the_payment_details_based_on_member_filter(AccountInformatioStepDefinition.java:110)
	at ✽.User get the payment details based on Member filter(file:///C:/Users/lsethuraj/eclipse-workspace/CodeRed/PilotProject_Cyclos_CodeRed/src/test/resources/Features/AccountInformation.feature:30)
</pre></div><a href='#' onClick='toggleBox("stack-trace1925044167", this, "Click to show all stack frames", "Click to hide stack frames")'>Click to show all stack frames</a>
<div class='stack-trace' id='stack-trace1925044167'><pre>java.lang.NullPointerException: Cannot invoke &quot;org.openqa.selenium.JavascriptExecutor.executeScript(String, Object[])&quot; because &quot;com.utility.HelperClass.javascriptExe&quot; is null
	at com.stepdefinitions.AccountInformatioStepDefinition.user_get_the_payment_details_based_on_member_filter(AccountInformatioStepDefinition.java:110)
	at ✽.User get the payment details based on Member filter(file:///C:/Users/lsethuraj/eclipse-workspace/CodeRed/PilotProject_Cyclos_CodeRed/src/test/resources/Features/AccountInformation.feature:30)
</pre></div></td>
<td>12</td>
<td>com.runner.TestCodeRed_RunnerClass@367ffa75</td></tr>
<tr>
<td title='com.runner.TestCodeRed_RunnerClass.runScenario()'><b>runScenario</b><br>Test class: com.runner.TestCodeRed_RunnerClass<br>Test method: Runs Cucumber Scenarios<br>Parameters: "The user view the message history of Trash message", "The user accessing the Message functionality"</td>
<td><div><pre>io.cucumber.core.exception.CucumberException: Failed to instantiate class com.stepdefinitions.messageStepDefanition
	at io.cucumber.core.backend.DefaultObjectFactory.cacheNewInstance(DefaultObjectFactory.java:67)
	at io.cucumber.core.backend.DefaultObjectFactory.getInstance(DefaultObjectFactory.java:45)
	at io.cucumber.java.AbstractGlueDefinition.invokeMethod(AbstractGlueDefinition.java:47)
	at io.cucumber.java.JavaStepDefinition.execute(JavaStepDefinition.java:29)
	at io.cucumber.core.runner.CoreStepDefinition.execute(CoreStepDefinition.java:66)
	at io.cucumber.core.runner.PickleStepDefinitionMatch.runStep(PickleStepDefinitionMatch.java:63)
	at io.cucumber.core.runner.ExecutionMode$1.execute(ExecutionMode.java:10)
	at io.cucumber.core.runner.TestStep.executeStep(TestStep.java:84)
	at io.cucumber.core.runner.TestStep.run(TestStep.java:56)
	at io.cucumber.core.runner.PickleStepTestStep.run(PickleStepTestStep.java:51)
	at io.cucumber.core.runner.TestCase.run(TestCase.java:84)
	at io.cucumber.core.runner.Runner.runPickle(Runner.java:75)
	at io.cucumber.testng.TestNGCucumberRunner.lambda$runScenario$1(TestNGCucumberRunner.java:132)
	at io.cucumber.core.runtime.CucumberExecutionContext.lambda$runTestCase$5(CucumberExecutionContext.java:137)
	at io.cucumber.core.runtime.RethrowingThrowableCollector.executeAndThrow(RethrowingThrowableCollector.java:23)
	at io.cucumber.core.runtime.CucumberExecutionContext.runTestCase(CucumberExecutionContext.java:137)
	at io.cucumber.testng.TestNGCucumberRunner.runScenario(TestNGCucumberRunner.java:129)
	at io.cucumber.testng.AbstractTestNGCucumberTests.runScenario(AbstractTestNGCucumberTests.java:35)
	at jdk.internal.reflect.GeneratedMethodAccessor6.invoke(Unknown Source)
	at java.base/jdk.internal.reflect.DelegatingMethodAccessorImpl.invoke(DelegatingMethodAccessorImpl.java:43)
	at java.base/java.lang.reflect.Method.invoke(Method.java:568)
	at org.testng.internal.invokers.MethodInvocationHelper.invokeMethod(MethodInvocationHelper.java:139)
	at org.testng.internal.invokers.TestInvoker.invokeMethod(TestInvoker.java:664)
	at org.testng.internal.invokers.TestInvoker.invokeTestMethod(TestInvoker.java:227)
	at org.testng.internal.invokers.MethodRunner.runInSequence(MethodRunner.java:50)
	at org.testng.internal.invokers.TestInvoker$MethodInvocationAgent.invoke(TestInvoker.java:957)
	at org.testng.internal.invokers.TestInvoker.invokeTestMethods(TestInvoker.java:200)
	at org.testng.internal.invokers.TestMethodWorker.invokeTestMethods(TestMethodWorker.java:148)
	at org.testng.internal.invokers.TestMethodWorker.run(TestMethodWorker.java:128)
	at java.base/java.util.ArrayList.forEach(ArrayList.java:1511)
	at org.testng.TestRunner.privateRun(TestRunner.java:848)
	at org.testng.TestRunner.run(TestRunner.java:621)
	at org.testng.SuiteRunner.runTest(SuiteRunner.java:443)
	at org.testng.SuiteRunner.runSequentially(SuiteRunner.java:437)
	at org.testng.SuiteRunner.privateRun(SuiteRunner.java:397)
	at org.testng.SuiteRunner.run(SuiteRunner.java:336)
	at org.testng.SuiteRunnerWorker.runSuite(SuiteRunnerWorker.java:52)
	at org.testng.SuiteRunnerWorker.run(SuiteRunnerWorker.java:95)
	at org.testng.TestNG.runSuitesSequentially(TestNG.java:1280)
	at org.testng.TestNG.runSuitesLocally(TestNG.java:1200)
	at org.testng.TestNG.runSuites(TestNG.java:1114)
	at org.testng.TestNG.run(TestNG.java:1082)
	at org.testng.remote.AbstractRemoteTestNG.run(AbstractRemoteTestNG.java:115)
	at org.testng.remote.RemoteTestNG.initAndRun(RemoteTestNG.java:251)
	at org.testng.remote.RemoteTestNG.main(RemoteTestNG.java:77)
Caused by: java.lang.reflect.InvocationTargetException
	at java.base/jdk.internal.reflect.NativeConstructorAccessorImpl.newInstance0(Native Method)
	at java.base/jdk.internal.reflect.NativeConstructorAccessorImpl.newInstance(NativeConstructorAccessorImpl.java:77)
	at java.base/jdk.internal.reflect.DelegatingConstructorAccessorImpl.newInstance(DelegatingConstructorAccessorImpl.java:45)
	at java.base/java.lang.reflect.Constructor.newInstanceWithCaller(Constructor.java:499)
	at java.base/java.lang.reflect.Constructor.newInstance(Constructor.java:480)
	at io.cucumber.core.backend.DefaultObjectFactory.cacheNewInstance(DefaultObjectFactory.java:53)
	... 44 more
Caused by: java.lang.NullPointerException: inStream parameter is null
	at java.base/java.util.Objects.requireNonNull(Objects.java:233)
	at java.base/java.util.Properties.load(Properties.java:407)
	at com.utility.UtilityClassMessage.data(UtilityClassMessage.java:27)
	at com.utility.UtilityClassMessage.&lt;init&gt;(UtilityClassMessage.java:14)
	at com.stepdefinitions.messageStepDefanition.&lt;init&gt;(messageStepDefanition.java:20)
	... 50 more
</pre></div><a href='#' onClick='toggleBox("stack-trace550451891", this, "Click to show all stack frames", "Click to hide stack frames")'>Click to show all stack frames</a>
<div class='stack-trace' id='stack-trace550451891'><pre>io.cucumber.core.exception.CucumberException: Failed to instantiate class com.stepdefinitions.messageStepDefanition
	at io.cucumber.core.backend.DefaultObjectFactory.cacheNewInstance(DefaultObjectFactory.java:67)
	at io.cucumber.core.backend.DefaultObjectFactory.getInstance(DefaultObjectFactory.java:45)
	at io.cucumber.java.AbstractGlueDefinition.invokeMethod(AbstractGlueDefinition.java:47)
	at io.cucumber.java.JavaStepDefinition.execute(JavaStepDefinition.java:29)
	at io.cucumber.core.runner.CoreStepDefinition.execute(CoreStepDefinition.java:66)
	at io.cucumber.core.runner.PickleStepDefinitionMatch.runStep(PickleStepDefinitionMatch.java:63)
	at io.cucumber.core.runner.ExecutionMode$1.execute(ExecutionMode.java:10)
	at io.cucumber.core.runner.TestStep.executeStep(TestStep.java:84)
	at io.cucumber.core.runner.TestStep.run(TestStep.java:56)
	at io.cucumber.core.runner.PickleStepTestStep.run(PickleStepTestStep.java:51)
	at io.cucumber.core.runner.TestCase.run(TestCase.java:84)
	at io.cucumber.core.runner.Runner.runPickle(Runner.java:75)
	at io.cucumber.testng.TestNGCucumberRunner.lambda$runScenario$1(TestNGCucumberRunner.java:132)
	at io.cucumber.core.runtime.CucumberExecutionContext.lambda$runTestCase$5(CucumberExecutionContext.java:137)
	at io.cucumber.core.runtime.RethrowingThrowableCollector.executeAndThrow(RethrowingThrowableCollector.java:23)
	at io.cucumber.core.runtime.CucumberExecutionContext.runTestCase(CucumberExecutionContext.java:137)
	at io.cucumber.testng.TestNGCucumberRunner.runScenario(TestNGCucumberRunner.java:129)
	at io.cucumber.testng.AbstractTestNGCucumberTests.runScenario(AbstractTestNGCucumberTests.java:35)
	at jdk.internal.reflect.GeneratedMethodAccessor6.invoke(Unknown Source)
	at java.base/jdk.internal.reflect.DelegatingMethodAccessorImpl.invoke(DelegatingMethodAccessorImpl.java:43)
	at java.base/java.lang.reflect.Method.invoke(Method.java:568)
	at org.testng.internal.invokers.MethodInvocationHelper.invokeMethod(MethodInvocationHelper.java:139)
	at org.testng.internal.invokers.TestInvoker.invokeMethod(TestInvoker.java:664)
	at org.testng.internal.invokers.TestInvoker.invokeTestMethod(TestInvoker.java:227)
	at org.testng.internal.invokers.MethodRunner.runInSequence(MethodRunner.java:50)
	at org.testng.internal.invokers.TestInvoker$MethodInvocationAgent.invoke(TestInvoker.java:957)
	at org.testng.internal.invokers.TestInvoker.invokeTestMethods(TestInvoker.java:200)
	at org.testng.internal.invokers.TestMethodWorker.invokeTestMethods(TestMethodWorker.java:148)
	at org.testng.internal.invokers.TestMethodWorker.run(TestMethodWorker.java:128)
	at java.base/java.util.ArrayList.forEach(ArrayList.java:1511)
	at org.testng.TestRunner.privateRun(TestRunner.java:848)
	at org.testng.TestRunner.run(TestRunner.java:621)
	at org.testng.SuiteRunner.runTest(SuiteRunner.java:443)
	at org.testng.SuiteRunner.runSequentially(SuiteRunner.java:437)
	at org.testng.SuiteRunner.privateRun(SuiteRunner.java:397)
	at org.testng.SuiteRunner.run(SuiteRunner.java:336)
	at org.testng.SuiteRunnerWorker.runSuite(SuiteRunnerWorker.java:52)
	at org.testng.SuiteRunnerWorker.run(SuiteRunnerWorker.java:95)
	at org.testng.TestNG.runSuitesSequentially(TestNG.java:1280)
	at org.testng.TestNG.runSuitesLocally(TestNG.java:1200)
	at org.testng.TestNG.runSuites(TestNG.java:1114)
	at org.testng.TestNG.run(TestNG.java:1082)
	at org.testng.remote.AbstractRemoteTestNG.run(AbstractRemoteTestNG.java:115)
	at org.testng.remote.RemoteTestNG.initAndRun(RemoteTestNG.java:251)
	at org.testng.remote.RemoteTestNG.main(RemoteTestNG.java:77)
Caused by: java.lang.reflect.InvocationTargetException
	at java.base/jdk.internal.reflect.NativeConstructorAccessorImpl.newInstance0(Native Method)
	at java.base/jdk.internal.reflect.NativeConstructorAccessorImpl.newInstance(NativeConstructorAccessorImpl.java:77)
	at java.base/jdk.internal.reflect.DelegatingConstructorAccessorImpl.newInstance(DelegatingConstructorAccessorImpl.java:45)
	at java.base/java.lang.reflect.Constructor.newInstanceWithCaller(Constructor.java:499)
	at java.base/java.lang.reflect.Constructor.newInstance(Constructor.java:480)
	at io.cucumber.core.backend.DefaultObjectFactory.cacheNewInstance(DefaultObjectFactory.java:53)
	... 44 more
Caused by: java.lang.NullPointerException: inStream parameter is null
	at java.base/java.util.Objects.requireNonNull(Objects.java:233)
	at java.base/java.util.Properties.load(Properties.java:407)
	at com.utility.UtilityClassMessage.data(UtilityClassMessage.java:27)
	at com.utility.UtilityClassMessage.&lt;init&gt;(UtilityClassMessage.java:14)
	at com.stepdefinitions.messageStepDefanition.&lt;init&gt;(messageStepDefanition.java:20)
	... 50 more
</pre></div></td>
<td>5</td>
<td>com.runner.TestCodeRed_RunnerClass@367ffa75</td></tr>
>>>>>>> e1b89dfce1145d8aaf16c43e166302f9b6bcfbe1
</table><p>
>>>>>>> ee91d922dd66522ba8552e58e39863a384d96d5c
<table width='100%' border='1' class='invocation-passed'>
<tr><td colspan='4' align='center'><b>PASSED TESTS</b></td></tr>
<tr><td><b>Test method</b></td>
<td><b>Attribute(s)</b></td>
<td width="30%"><b>Exception</b></td>
<td width="10%"><b>Time (seconds)</b></td>
<td><b>Instance</b></td>
</tr>
<tr>
<<<<<<< HEAD
<td title='com.runner.Testrunner_DemoCyclos.runScenario()'><b>runScenario</b><br>Test class: com.runner.Testrunner_DemoCyclos<br>Test method: Runs Cucumber Scenarios<br>Parameters: "The user not able to send message without required details", "The user accessing the Message functionality"</td>
<td></td>
<td>14</td>
<td>com.runner.Testrunner_DemoCyclos@2b40ff9c</td></tr>
<tr>
<td title='com.runner.Testrunner_DemoCyclos.runScenario()'><b>runScenario</b><br>Test class: com.runner.Testrunner_DemoCyclos<br>Test method: Runs Cucumber Scenarios<br>Parameters: "The user view the message history of inbox message", "The user accessing the Message functionality"</td>
<td></td>
<td>9</td>
<td>com.runner.Testrunner_DemoCyclos@2b40ff9c</td></tr>
<tr>
<td title='com.runner.Testrunner_DemoCyclos.runScenario()'><b>runScenario</b><br>Test class: com.runner.Testrunner_DemoCyclos<br>Test method: Runs Cucumber Scenarios<br>Parameters: "The user view the message history of send message", "The user accessing the Message functionality"</td>
<td></td>
<td>12</td>
<td>com.runner.Testrunner_DemoCyclos@2b40ff9c</td></tr>
<tr>
<td title='com.runner.Testrunner_DemoCyclos.runScenario()'><b>runScenario</b><br>Test class: com.runner.Testrunner_DemoCyclos<br>Test method: Runs Cucumber Scenarios<br>Parameters: "The user view the message history of Trash message", "The user accessing the Message functionality"</td>
<td></td>
<td>11</td>
<td>com.runner.Testrunner_DemoCyclos@2b40ff9c</td></tr>
<tr>
<td title='com.runner.Testrunner_DemoCyclos.runScenario()'><b>runScenario</b><br>Test class: com.runner.Testrunner_DemoCyclos<br>Test method: Runs Cucumber Scenarios<br>Parameters: "The user send the message", "The user accessing the Message functionality"</td>
<td></td>
<td>15</td>
<td>com.runner.Testrunner_DemoCyclos@2b40ff9c</td></tr>
=======
<<<<<<< HEAD
<td title='com.runner.TestCodeRed_RunnerClass.runScenario()'><b>runScenario</b><br>Test class: com.runner.TestCodeRed_RunnerClass<br>Test method: Runs Cucumber Scenarios<br>Parameters: "Login with Invalid credentials", "To Login in Demo Cyclos classic payment software Application and do functions"</td>
<td></td>
<td>20</td>
<td>com.runner.TestCodeRed_RunnerClass@2b40ff9c</td></tr>
<tr>
<td title='com.runner.TestCodeRed_RunnerClass.runScenario()'><b>runScenario</b><br>Test class: com.runner.TestCodeRed_RunnerClass<br>Test method: Runs Cucumber Scenarios<br>Parameters: "View Account summary", "Account Information"</td>
<td></td>
<td>17</td>
<td>com.runner.TestCodeRed_RunnerClass@2b40ff9c</td></tr>
<tr>
<td title='com.runner.TestCodeRed_RunnerClass.runScenario()'><b>runScenario</b><br>Test class: com.runner.TestCodeRed_RunnerClass<br>Test method: Runs Cucumber Scenarios<br>Parameters: "User uses Price Highest filter", "User using Search Advertisements in Marketplace tab available in Cyclos Payment Software Application"</td>
<td></td>
<td>30</td>
<td>com.runner.TestCodeRed_RunnerClass@2b40ff9c</td></tr>
<tr>
<td title='com.runner.TestCodeRed_RunnerClass.runScenario()'><b>runScenario</b><br>Test class: com.runner.TestCodeRed_RunnerClass<br>Test method: Runs Cucumber Scenarios<br>Parameters: "User Uploading new profile picture", "User uploads the profile picture in Cyclos web application"</td>
<td></td>
<td>58</td>
<td>com.runner.TestCodeRed_RunnerClass@2b40ff9c</td></tr>
<tr>
<td title='com.runner.TestCodeRed_RunnerClass.runScenario()'><b>runScenario</b><br>Test class: com.runner.TestCodeRed_RunnerClass<br>Test method: Runs Cucumber Scenarios<br>Parameters: "Change password with valid input", "To Manage password  in Demo Cyclos classic payment software Application and do functions"</td>
<td></td>
<td>22</td>
<td>com.runner.TestCodeRed_RunnerClass@2b40ff9c</td></tr>
<tr>
<td title='com.runner.TestCodeRed_RunnerClass.runScenario()'><b>runScenario</b><br>Test class: com.runner.TestCodeRed_RunnerClass<br>Test method: Runs Cucumber Scenarios<br>Parameters: "User removes a product from Price Highest filter", "User using Search Advertisements in Marketplace tab available in Cyclos Payment Software Application"</td>
<td></td>
<td>17</td>
<td>com.runner.TestCodeRed_RunnerClass@2b40ff9c</td></tr>
<tr>
<td title='com.runner.TestCodeRed_RunnerClass.runScenario()'><b>runScenario</b><br>Test class: com.runner.TestCodeRed_RunnerClass<br>Test method: Runs Cucumber Scenarios<br>Parameters: "Receiving QR Code Payment", "User access the Payment option to perform payment related actions in Cyclos"</td>
<td></td>
<td>16</td>
<td>com.runner.TestCodeRed_RunnerClass@2b40ff9c</td></tr>
<tr>
<td title='com.runner.TestCodeRed_RunnerClass.runScenario()'><b>runScenario</b><br>Test class: com.runner.TestCodeRed_RunnerClass<br>Test method: Runs Cucumber Scenarios<br>Parameters: "Register the User details", "To Register in Demo Cyclos classic payment software Application"</td>
<td></td>
<td>18</td>
<td>com.runner.TestCodeRed_RunnerClass@2b40ff9c</td></tr>
<tr>
<td title='com.runner.TestCodeRed_RunnerClass.runScenario()'><b>runScenario</b><br>Test class: com.runner.TestCodeRed_RunnerClass<br>Test method: Runs Cucumber Scenarios<br>Parameters: "User access Price Lowest filter", "User using Search Advertisements in Marketplace tab available in Cyclos Payment Software Application"</td>
<td></td>
<td>21</td>
<td>com.runner.TestCodeRed_RunnerClass@2b40ff9c</td></tr>
<tr>
<td title='com.runner.TestCodeRed_RunnerClass.runScenario()'><b>runScenario</b><br>Test class: com.runner.TestCodeRed_RunnerClass<br>Test method: Runs Cucumber Scenarios<br>Parameters: "Edit User Profile", "To Edit User profile in Demo Cyclos classic payment software Application and do functions"</td>
<td></td>
<td>22</td>
<td>com.runner.TestCodeRed_RunnerClass@2b40ff9c</td></tr>
<tr>
<td title='com.runner.TestCodeRed_RunnerClass.runScenario()'><b>runScenario</b><br>Test class: com.runner.TestCodeRed_RunnerClass<br>Test method: Runs Cucumber Scenarios<br>Parameters: "Login with valid credentials", "To Login in Demo Cyclos classic payment software Application and do functions"</td>
<td></td>
<td>17</td>
<td>com.runner.TestCodeRed_RunnerClass@2b40ff9c</td></tr>
<tr>
<td title='com.runner.TestCodeRed_RunnerClass.runScenario()'><b>runScenario</b><br>Test class: com.runner.TestCodeRed_RunnerClass<br>Test method: Runs Cucumber Scenarios<br>Parameters: "Login with Invalid credentials", "To Login in Demo Cyclos classic payment software Application and do functions"</td>
<td></td>
<td>18</td>
<td>com.runner.TestCodeRed_RunnerClass@2b40ff9c</td></tr>
<tr>
<td title='com.runner.TestCodeRed_RunnerClass.runScenario()'><b>runScenario</b><br>Test class: com.runner.TestCodeRed_RunnerClass<br>Test method: Runs Cucumber Scenarios<br>Parameters: "User access Price Relevance filter", "User using Search Advertisements in Marketplace tab available in Cyclos Payment Software Application"</td>
<td></td>
<td>18</td>
<td>com.runner.TestCodeRed_RunnerClass@2b40ff9c</td></tr>
<tr>
<td title='com.runner.TestCodeRed_RunnerClass.runScenario()'><b>runScenario</b><br>Test class: com.runner.TestCodeRed_RunnerClass<br>Test method: Runs Cucumber Scenarios<br>Parameters: "View Account summary by adding payment filter as System Payments", "Account Information"</td>
<td></td>
<td>18</td>
<td>com.runner.TestCodeRed_RunnerClass@2b40ff9c</td></tr>
<tr>
<td title='com.runner.TestCodeRed_RunnerClass.runScenario()'><b>runScenario</b><br>Test class: com.runner.TestCodeRed_RunnerClass<br>Test method: Runs Cucumber Scenarios<br>Parameters: "Change password with Invalid input", "To Manage password  in Demo Cyclos classic payment software Application and do functions"</td>
<td></td>
<td>32</td>
<td>com.runner.TestCodeRed_RunnerClass@2b40ff9c</td></tr>
=======
<td title='com.runner.TestCodeRed_RunnerClass.runScenario()'><b>runScenario</b><br>Test class: com.runner.TestCodeRed_RunnerClass<br>Test method: Runs Cucumber Scenarios<br>Parameters: "Change password with Invalid input", "To Manage password  in Demo Cyclos classic payment software Application and do functions"</td>
<td></td>
<td>15</td>
<td>com.runner.TestCodeRed_RunnerClass@367ffa75</td></tr>
<tr>
<td title='com.runner.TestCodeRed_RunnerClass.runScenario()'><b>runScenario</b><br>Test class: com.runner.TestCodeRed_RunnerClass<br>Test method: Runs Cucumber Scenarios<br>Parameters: "User Uploading new profile picture", "User uploads the profile picture in Cyclos web application"</td>
<td></td>
<td>42</td>
<td>com.runner.TestCodeRed_RunnerClass@367ffa75</td></tr>
<tr>
<td title='com.runner.TestCodeRed_RunnerClass.runScenario()'><b>runScenario</b><br>Test class: com.runner.TestCodeRed_RunnerClass<br>Test method: Runs Cucumber Scenarios<br>Parameters: "View Account summary", "Account Information"</td>
<td></td>
<td>13</td>
<td>com.runner.TestCodeRed_RunnerClass@367ffa75</td></tr>
<tr>
<td title='com.runner.TestCodeRed_RunnerClass.runScenario()'><b>runScenario</b><br>Test class: com.runner.TestCodeRed_RunnerClass<br>Test method: Runs Cucumber Scenarios<br>Parameters: "Login with Invalid credentials", "To Login in Demo Cyclos classic payment software Application and do functions"</td>
<td></td>
<td>13</td>
<td>com.runner.TestCodeRed_RunnerClass@367ffa75</td></tr>
<tr>
<td title='com.runner.TestCodeRed_RunnerClass.runScenario()'><b>runScenario</b><br>Test class: com.runner.TestCodeRed_RunnerClass<br>Test method: Runs Cucumber Scenarios<br>Parameters: "Register the User details", "To Register in Demo Cyclos classic payment software Application"</td>
<td></td>
<td>14</td>
<td>com.runner.TestCodeRed_RunnerClass@367ffa75</td></tr>
<tr>
<td title='com.runner.TestCodeRed_RunnerClass.runScenario()'><b>runScenario</b><br>Test class: com.runner.TestCodeRed_RunnerClass<br>Test method: Runs Cucumber Scenarios<br>Parameters: "User to User payment", "User access the Payment option to perform payment related actions in Cyclos"</td>
<td></td>
<td>31</td>
<td>com.runner.TestCodeRed_RunnerClass@367ffa75</td></tr>
<tr>
<td title='com.runner.TestCodeRed_RunnerClass.runScenario()'><b>runScenario</b><br>Test class: com.runner.TestCodeRed_RunnerClass<br>Test method: Runs Cucumber Scenarios<br>Parameters: "Edit User Profile", "To Edit User profile in Demo Cyclos classic payment software Application and do functions"</td>
<td></td>
<td>15</td>
<td>com.runner.TestCodeRed_RunnerClass@367ffa75</td></tr>
<tr>
<td title='com.runner.TestCodeRed_RunnerClass.runScenario()'><b>runScenario</b><br>Test class: com.runner.TestCodeRed_RunnerClass<br>Test method: Runs Cucumber Scenarios<br>Parameters: "Change password with valid input", "To Manage password  in Demo Cyclos classic payment software Application and do functions"</td>
<td></td>
<td>16</td>
<td>com.runner.TestCodeRed_RunnerClass@367ffa75</td></tr>
<tr>
<td title='com.runner.TestCodeRed_RunnerClass.runScenario()'><b>runScenario</b><br>Test class: com.runner.TestCodeRed_RunnerClass<br>Test method: Runs Cucumber Scenarios<br>Parameters: "User access Price Lowest filter", "User using Search Advertisements in Marketplace tab available in Cyclos Payment Software Application"</td>
<td></td>
<td>55</td>
<td>com.runner.TestCodeRed_RunnerClass@367ffa75</td></tr>
<tr>
<td title='com.runner.TestCodeRed_RunnerClass.runScenario()'><b>runScenario</b><br>Test class: com.runner.TestCodeRed_RunnerClass<br>Test method: Runs Cucumber Scenarios<br>Parameters: "Receiving QR Code Payment", "User access the Payment option to perform payment related actions in Cyclos"</td>
<td></td>
<td>28</td>
<td>com.runner.TestCodeRed_RunnerClass@367ffa75</td></tr>
<tr>
<td title='com.runner.TestCodeRed_RunnerClass.runScenario()'><b>runScenario</b><br>Test class: com.runner.TestCodeRed_RunnerClass<br>Test method: Runs Cucumber Scenarios<br>Parameters: "User access Price Relevance filter", "User using Search Advertisements in Marketplace tab available in Cyclos Payment Software Application"</td>
<td></td>
<td>19</td>
<td>com.runner.TestCodeRed_RunnerClass@367ffa75</td></tr>
<tr>
<td title='com.runner.TestCodeRed_RunnerClass.runScenario()'><b>runScenario</b><br>Test class: com.runner.TestCodeRed_RunnerClass<br>Test method: Runs Cucumber Scenarios<br>Parameters: "User removes a product from Price Highest filter", "User using Search Advertisements in Marketplace tab available in Cyclos Payment Software Application"</td>
<td></td>
<td>35</td>
<td>com.runner.TestCodeRed_RunnerClass@367ffa75</td></tr>
<tr>
<td title='com.runner.TestCodeRed_RunnerClass.runScenario()'><b>runScenario</b><br>Test class: com.runner.TestCodeRed_RunnerClass<br>Test method: Runs Cucumber Scenarios<br>Parameters: "Login with Invalid credentials", "To Login in Demo Cyclos classic payment software Application and do functions"</td>
<td></td>
<td>10</td>
<td>com.runner.TestCodeRed_RunnerClass@367ffa75</td></tr>
<tr>
<td title='com.runner.TestCodeRed_RunnerClass.runScenario()'><b>runScenario</b><br>Test class: com.runner.TestCodeRed_RunnerClass<br>Test method: Runs Cucumber Scenarios<br>Parameters: "View Account summary by adding payment filter as System Payments", "Account Information"</td>
<td></td>
<td>16</td>
<td>com.runner.TestCodeRed_RunnerClass@367ffa75</td></tr>
<tr>
<td title='com.runner.TestCodeRed_RunnerClass.runScenario()'><b>runScenario</b><br>Test class: com.runner.TestCodeRed_RunnerClass<br>Test method: Runs Cucumber Scenarios<br>Parameters: "Login with valid credentials", "To Login in Demo Cyclos classic payment software Application and do functions"</td>
<td></td>
<td>31</td>
<td>com.runner.TestCodeRed_RunnerClass@367ffa75</td></tr>
>>>>>>> e1b89dfce1145d8aaf16c43e166302f9b6bcfbe1
>>>>>>> ee91d922dd66522ba8552e58e39863a384d96d5c
</table><p>
</body>
</html>