<?xml version="1.0" encoding="UTF-8"?>
<testng-results ignored="0" total="5" passed="5" failed="0" skipped="0">
  <reporter-output>
  </reporter-output>
  <suite started-at="2023-11-23T15:33:27 IST" name="Default suite" finished-at="2023-11-23T15:34:32 IST" duration-ms="65535">
    <groups>
      <group name="cucumber">
        <method signature="AbstractTestNGCucumberTests.runScenario(io.cucumber.testng.PickleWrapper,io.cucumber.testng.FeatureWrapper)[pri:0, instance:com.runner.Testrunner_DemoCyclos@2b40ff9c]" name="runScenario" class="io.cucumber.testng.AbstractTestNGCucumberTests"/>
      </group> <!-- cucumber -->
    </groups>
    <test started-at="2023-11-23T15:33:27 IST" name="Default test" finished-at="2023-11-23T15:34:32 IST" duration-ms="65535">
      <class name="com.runner.Testrunner_DemoCyclos">
        <test-method is-config="true" signature="setUpClass(org.testng.ITestContext)[pri:0, instance:com.runner.Testrunner_DemoCyclos@2b40ff9c]" started-at="2023-11-23T15:33:27 IST" name="setUpClass" finished-at="2023-11-23T15:33:27 IST" duration-ms="301" status="PASS">
          <params>
            <param index="0">
              <value>
                <![CDATA[org.testng.TestRunner@787d1f9c]]>
              </value>
            </param>
          </params>
          <reporter-output>
          </reporter-output>
        </test-method> <!-- setUpClass -->
        <test-method signature="runScenario(io.cucumber.testng.PickleWrapper,io.cucumber.testng.FeatureWrapper)[pri:0, instance:com.runner.Testrunner_DemoCyclos@2b40ff9c]" started-at="2023-11-23T15:33:27 IST" name="runScenario" description="Runs Cucumber Scenarios" data-provider="scenarios" finished-at="2023-11-23T15:33:40 IST" duration-ms="12748" status="PASS">
          <params>
            <param index="0">
              <value>
                <![CDATA["The user view the message history of send message"]]>
              </value>
            </param>
            <param index="1">
              <value>
                <![CDATA["The user accessing the Message functionality"]]>
              </value>
            </param>
          </params>
          <reporter-output>
          </reporter-output>
        </test-method> <!-- runScenario -->
        <test-method signature="runScenario(io.cucumber.testng.PickleWrapper,io.cucumber.testng.FeatureWrapper)[pri:0, instance:com.runner.Testrunner_DemoCyclos@2b40ff9c]" started-at="2023-11-23T15:33:40 IST" name="runScenario" description="Runs Cucumber Scenarios" data-provider="scenarios" finished-at="2023-11-23T15:33:50 IST" duration-ms="9583" status="PASS">
          <params>
            <param index="0">
              <value>
                <![CDATA["The user view the message history of inbox message"]]>
              </value>
            </param>
            <param index="1">
              <value>
                <![CDATA["The user accessing the Message functionality"]]>
              </value>
            </param>
          </params>
          <reporter-output>
          </reporter-output>
        </test-method> <!-- runScenario -->
        <test-method signature="runScenario(io.cucumber.testng.PickleWrapper,io.cucumber.testng.FeatureWrapper)[pri:0, instance:com.runner.Testrunner_DemoCyclos@2b40ff9c]" started-at="2023-11-23T15:33:50 IST" name="runScenario" description="Runs Cucumber Scenarios" data-provider="scenarios" finished-at="2023-11-23T15:34:01 IST" duration-ms="11595" status="PASS">
          <params>
            <param index="0">
              <value>
                <![CDATA["The user view the message history of Trash message"]]>
              </value>
            </param>
            <param index="1">
              <value>
                <![CDATA["The user accessing the Message functionality"]]>
              </value>
            </param>
          </params>
          <reporter-output>
          </reporter-output>
        </test-method> <!-- runScenario -->
        <test-method signature="runScenario(io.cucumber.testng.PickleWrapper,io.cucumber.testng.FeatureWrapper)[pri:0, instance:com.runner.Testrunner_DemoCyclos@2b40ff9c]" started-at="2023-11-23T15:34:01 IST" name="runScenario" description="Runs Cucumber Scenarios" data-provider="scenarios" finished-at="2023-11-23T15:34:17 IST" duration-ms="15978" status="PASS">
          <params>
            <param index="0">
              <value>
                <![CDATA["The user send the message"]]>
              </value>
            </param>
            <param index="1">
              <value>
                <![CDATA["The user accessing the Message functionality"]]>
              </value>
            </param>
          </params>
          <reporter-output>
          </reporter-output>
        </test-method> <!-- runScenario -->
        <test-method signature="runScenario(io.cucumber.testng.PickleWrapper,io.cucumber.testng.FeatureWrapper)[pri:0, instance:com.runner.Testrunner_DemoCyclos@2b40ff9c]" started-at="2023-11-23T15:34:17 IST" name="runScenario" description="Runs Cucumber Scenarios" data-provider="scenarios" finished-at="2023-11-23T15:34:32 IST" duration-ms="14582" status="PASS">
          <params>
            <param index="0">
              <value>
                <![CDATA["The user not able to send message without required details"]]>
              </value>
            </param>
            <param index="1">
              <value>
                <![CDATA["The user accessing the Message functionality"]]>
              </value>
            </param>
          </params>
          <reporter-output>
          </reporter-output>
        </test-method> <!-- runScenario -->
        <test-method is-config="true" signature="tearDownClass()[pri:0, instance:com.runner.Testrunner_DemoCyclos@2b40ff9c]" started-at="2023-11-23T15:34:32 IST" name="tearDownClass" finished-at="2023-11-23T15:34:32 IST" duration-ms="681" status="PASS">
          <reporter-output>
          </reporter-output>
        </test-method> <!-- tearDownClass -->
      </class> <!-- com.runner.Testrunner_DemoCyclos -->
    </test> <!-- Default test -->
  </suite> <!-- Default suite -->
</testng-results>
